{"numFailedTestSuites":1,"numFailedTests":4,"numPassedTestSuites":3,"numPassedTests":48,"numPendingTestSuites":0,"numPendingTests":0,"numRuntimeErrorTestSuites":0,"numTodoTests":0,"numTotalTestSuites":4,"numTotalTests":52,"openHandles":[],"snapshot":{"added":0,"didUpdate":false,"failure":false,"filesAdded":0,"filesRemoved":0,"filesRemovedList":[],"filesUnmatched":0,"filesUpdated":0,"matched":0,"total":0,"unchecked":0,"uncheckedKeysByFile":[],"unmatched":0,"updated":0},"startTime":1748296776428,"success":false,"testResults":[{"assertionResults":[{"ancestorTitles":["Date Utils","formatDateToFrench"],"duration":18,"failureDetails":[],"failureMessages":[],"fullName":"Date Utils formatDateToFrench should format date to French format","invocations":1,"location":null,"numPassingAsserts":1,"retryReasons":[],"status":"passed","title":"should format date to French format"},{"ancestorTitles":["Date Utils","formatDateToFrench"],"duration":2,"failureDetails":[],"failureMessages":[],"fullName":"Date Utils formatDateToFrench should handle null date","invocations":1,"location":null,"numPassingAsserts":1,"retryReasons":[],"status":"passed","title":"should handle null date"},{"ancestorTitles":["Date Utils","formatDateToISO"],"duration":1,"failureDetails":[],"failureMessages":[],"fullName":"Date Utils formatDateToISO should format date to ISO format","invocations":1,"location":null,"numPassingAsserts":1,"retryReasons":[],"status":"passed","title":"should format date to ISO format"},{"ancestorTitles":["Date Utils","formatDateToISO"],"duration":1,"failureDetails":[],"failureMessages":[],"fullName":"Date Utils formatDateToISO should handle null date","invocations":1,"location":null,"numPassingAsserts":1,"retryReasons":[],"status":"passed","title":"should handle null date"},{"ancestorTitles":["Date Utils","formatDateTimeToFrench"],"duration":1,"failureDetails":[],"failureMessages":[],"fullName":"Date Utils formatDateTimeToFrench should format date and time to French format","invocations":1,"location":null,"numPassingAsserts":1,"retryReasons":[],"status":"passed","title":"should format date and time to French format"},{"ancestorTitles":["Date Utils","formatDateTimeToFrench"],"duration":1,"failureDetails":[],"failureMessages":[],"fullName":"Date Utils formatDateTimeToFrench should handle null date","invocations":1,"location":null,"numPassingAsserts":1,"retryReasons":[],"status":"passed","title":"should handle null date"},{"ancestorTitles":["Date Utils","formatDateTimeToISO"],"duration":1,"failureDetails":[],"failureMessages":[],"fullName":"Date Utils formatDateTimeToISO should format date and time to ISO format","invocations":1,"location":null,"numPassingAsserts":1,"retryReasons":[],"status":"passed","title":"should format date and time to ISO format"},{"ancestorTitles":["Date Utils","formatDateTimeToISO"],"duration":1,"failureDetails":[],"failureMessages":[],"fullName":"Date Utils formatDateTimeToISO should handle null date","invocations":1,"location":null,"numPassingAsserts":1,"retryReasons":[],"status":"passed","title":"should handle null date"},{"ancestorTitles":["Date Utils","parseFrenchDate"],"duration":1,"failureDetails":[],"failureMessages":[],"fullName":"Date Utils parseFrenchDate should parse French date format","invocations":1,"location":null,"numPassingAsserts":1,"retryReasons":[],"status":"passed","title":"should parse French date format"},{"ancestorTitles":["Date Utils","parseFrenchDate"],"duration":1,"failureDetails":[],"failureMessages":[],"fullName":"Date Utils parseFrenchDate should handle invalid date format","invocations":1,"location":null,"numPassingAsserts":1,"retryReasons":[],"status":"passed","title":"should handle invalid date format"},{"ancestorTitles":["Date Utils","parseFrenchDate"],"duration":0,"failureDetails":[],"failureMessages":[],"fullName":"Date Utils parseFrenchDate should handle null input","invocations":1,"location":null,"numPassingAsserts":1,"retryReasons":[],"status":"passed","title":"should handle null input"},{"ancestorTitles":["Date Utils","parseFrenchDateTime"],"duration":1,"failureDetails":[],"failureMessages":[],"fullName":"Date Utils parseFrenchDateTime should parse French date and time format","invocations":1,"location":null,"numPassingAsserts":1,"retryReasons":[],"status":"passed","title":"should parse French date and time format"},{"ancestorTitles":["Date Utils","parseFrenchDateTime"],"duration":1,"failureDetails":[],"failureMessages":[],"fullName":"Date Utils parseFrenchDateTime should handle invalid date time format","invocations":1,"location":null,"numPassingAsserts":1,"retryReasons":[],"status":"passed","title":"should handle invalid date time format"},{"ancestorTitles":["Date Utils","parseFrenchDateTime"],"duration":1,"failureDetails":[],"failureMessages":[],"fullName":"Date Utils parseFrenchDateTime should handle null input","invocations":1,"location":null,"numPassingAsserts":1,"retryReasons":[],"status":"passed","title":"should handle null input"},{"ancestorTitles":["Date Utils","formatTimeToFrench"],"duration":0,"failureDetails":[],"failureMessages":[],"fullName":"Date Utils formatTimeToFrench should format time to French format","invocations":1,"location":null,"numPassingAsserts":1,"retryReasons":[],"status":"passed","title":"should format time to French format"},{"ancestorTitles":["Date Utils","formatTimeToFrench"],"duration":0,"failureDetails":[],"failureMessages":[],"fullName":"Date Utils formatTimeToFrench should handle null date","invocations":1,"location":null,"numPassingAsserts":1,"retryReasons":[],"status":"passed","title":"should handle null date"},{"ancestorTitles":["Date Utils","parseISODate"],"duration":1,"failureDetails":[],"failureMessages":[],"fullName":"Date Utils parseISODate should parse ISO date format","invocations":1,"location":null,"numPassingAsserts":1,"retryReasons":[],"status":"passed","title":"should parse ISO date format"},{"ancestorTitles":["Date Utils","parseISODate"],"duration":0,"failureDetails":[],"failureMessages":[],"fullName":"Date Utils parseISODate should handle invalid date format","invocations":1,"location":null,"numPassingAsserts":1,"retryReasons":[],"status":"passed","title":"should handle invalid date format"},{"ancestorTitles":["Date Utils","parseISODate"],"duration":0,"failureDetails":[],"failureMessages":[],"fullName":"Date Utils parseISODate should handle null input","invocations":1,"location":null,"numPassingAsserts":1,"retryReasons":[],"status":"passed","title":"should handle null input"},{"ancestorTitles":["Date Utils","parseISODateTime"],"duration":1,"failureDetails":[],"failureMessages":[],"fullName":"Date Utils parseISODateTime should parse ISO date and time format","invocations":1,"location":null,"numPassingAsserts":1,"retryReasons":[],"status":"passed","title":"should parse ISO date and time format"},{"ancestorTitles":["Date Utils","parseISODateTime"],"duration":0,"failureDetails":[],"failureMessages":[],"fullName":"Date Utils parseISODateTime should handle invalid date time format","invocations":1,"location":null,"numPassingAsserts":1,"retryReasons":[],"status":"passed","title":"should handle invalid date time format"},{"ancestorTitles":["Date Utils","parseISODateTime"],"duration":1,"failureDetails":[],"failureMessages":[],"fullName":"Date Utils parseISODateTime should handle null input","invocations":1,"location":null,"numPassingAsserts":1,"retryReasons":[],"status":"passed","title":"should handle null input"}],"endTime":1748296777097,"message":"","name":"/home/eno/calendarManagement/src/tests/dateUtils.test.js","startTime":1748296776863,"status":"passed","summary":""},{"assertionResults":[{"ancestorTitles":["Authorization API Middleware"],"duration":13,"failureDetails":[{"code":"MODULE_NOT_FOUND","hint":"","siblingWithSimilarExtensionFound":false,"moduleName":"../middleware/authorizationApi","_originalMessage":"Cannot find module '../middleware/authorizationApi' from 'src/tests/authorizationApi.test.js'"}],"failureMessages":["Error: Cannot find module '../middleware/authorizationApi' from 'src/tests/authorizationApi.test.js'\n    at Resolver._throwModNotFoundError (/home/eno/calendarManagement/node_modules/jest-resolve/build/resolver.js:427:11)\n    at Resolver.resolveModule (/home/eno/calendarManagement/node_modules/jest-resolve/build/resolver.js:358:10)\n    at Resolver._getVirtualMockPath (/home/eno/calendarManagement/node_modules/jest-resolve/build/resolver.js:619:14)\n    at Resolver._getAbsolutePath (/home/eno/calendarManagement/node_modules/jest-resolve/build/resolver.js:587:14)\n    at Resolver.getModuleID (/home/eno/calendarManagement/node_modules/jest-resolve/build/resolver.js:530:31)\n    at Runtime._shouldMockCjs (/home/eno/calendarManagement/node_modules/jest-runtime/build/index.js:1713:37)\n    at Runtime.requireModuleOrMock (/home/eno/calendarManagement/node_modules/jest-runtime/build/index.js:1045:16)\n    at Object.<anonymous> (/home/eno/calendarManagement/src/tests/authorizationApi.test.js:32:24)\n    at Promise.then.completed (/home/eno/calendarManagement/node_modules/jest-circus/build/utils.js:298:28)\n    at new Promise (<anonymous>)\n    at callAsyncCircusFn (/home/eno/calendarManagement/node_modules/jest-circus/build/utils.js:231:10)\n    at _callCircusHook (/home/eno/calendarManagement/node_modules/jest-circus/build/run.js:281:40)\n    at processTicksAndRejections (node:internal/process/task_queues:95:5)\n    at _runTest (/home/eno/calendarManagement/node_modules/jest-circus/build/run.js:246:5)\n    at _runTestsForDescribeBlock (/home/eno/calendarManagement/node_modules/jest-circus/build/run.js:126:9)\n    at _runTestsForDescribeBlock (/home/eno/calendarManagement/node_modules/jest-circus/build/run.js:121:9)\n    at run (/home/eno/calendarManagement/node_modules/jest-circus/build/run.js:71:3)\n    at runAndTransformResultsToJestFormat (/home/eno/calendarManagement/node_modules/jest-circus/build/legacy-code-todo-rewrite/jestAdapterInit.js:122:21)\n    at jestAdapter (/home/eno/calendarManagement/node_modules/jest-circus/build/legacy-code-todo-rewrite/jestAdapter.js:79:19)\n    at runTestInternal (/home/eno/calendarManagement/node_modules/jest-runner/build/runTest.js:367:16)\n    at runTest (/home/eno/calendarManagement/node_modules/jest-runner/build/runTest.js:444:34)\n    at Object.worker (/home/eno/calendarManagement/node_modules/jest-runner/build/testWorker.js:106:12)"],"fullName":"Authorization API Middleware should allow access when NODE_ENV is development","invocations":1,"location":null,"numPassingAsserts":0,"retryReasons":[],"status":"failed","title":"should allow access when NODE_ENV is development"},{"ancestorTitles":["Authorization API Middleware"],"duration":1,"failureDetails":[{"code":"MODULE_NOT_FOUND","hint":"","siblingWithSimilarExtensionFound":false,"moduleName":"../middleware/authorizationApi","_originalMessage":"Cannot find module '../middleware/authorizationApi' from 'src/tests/authorizationApi.test.js'"}],"failureMessages":["Error: Cannot find module '../middleware/authorizationApi' from 'src/tests/authorizationApi.test.js'\n    at Resolver._throwModNotFoundError (/home/eno/calendarManagement/node_modules/jest-resolve/build/resolver.js:427:11)\n    at Resolver.resolveModule (/home/eno/calendarManagement/node_modules/jest-resolve/build/resolver.js:358:10)\n    at Resolver._getVirtualMockPath (/home/eno/calendarManagement/node_modules/jest-resolve/build/resolver.js:619:14)\n    at Resolver._getAbsolutePath (/home/eno/calendarManagement/node_modules/jest-resolve/build/resolver.js:587:14)\n    at Resolver.getModuleID (/home/eno/calendarManagement/node_modules/jest-resolve/build/resolver.js:530:31)\n    at Runtime._shouldMockCjs (/home/eno/calendarManagement/node_modules/jest-runtime/build/index.js:1713:37)\n    at Runtime.requireModuleOrMock (/home/eno/calendarManagement/node_modules/jest-runtime/build/index.js:1045:16)\n    at Object.<anonymous> (/home/eno/calendarManagement/src/tests/authorizationApi.test.js:32:24)\n    at Promise.then.completed (/home/eno/calendarManagement/node_modules/jest-circus/build/utils.js:298:28)\n    at new Promise (<anonymous>)\n    at callAsyncCircusFn (/home/eno/calendarManagement/node_modules/jest-circus/build/utils.js:231:10)\n    at _callCircusHook (/home/eno/calendarManagement/node_modules/jest-circus/build/run.js:281:40)\n    at processTicksAndRejections (node:internal/process/task_queues:95:5)\n    at _runTest (/home/eno/calendarManagement/node_modules/jest-circus/build/run.js:246:5)\n    at _runTestsForDescribeBlock (/home/eno/calendarManagement/node_modules/jest-circus/build/run.js:126:9)\n    at _runTestsForDescribeBlock (/home/eno/calendarManagement/node_modules/jest-circus/build/run.js:121:9)\n    at run (/home/eno/calendarManagement/node_modules/jest-circus/build/run.js:71:3)\n    at runAndTransformResultsToJestFormat (/home/eno/calendarManagement/node_modules/jest-circus/build/legacy-code-todo-rewrite/jestAdapterInit.js:122:21)\n    at jestAdapter (/home/eno/calendarManagement/node_modules/jest-circus/build/legacy-code-todo-rewrite/jestAdapter.js:79:19)\n    at runTestInternal (/home/eno/calendarManagement/node_modules/jest-runner/build/runTest.js:367:16)\n    at runTest (/home/eno/calendarManagement/node_modules/jest-runner/build/runTest.js:444:34)\n    at Object.worker (/home/eno/calendarManagement/node_modules/jest-runner/build/testWorker.js:106:12)"],"fullName":"Authorization API Middleware should allow access when NODE_ENV is test","invocations":1,"location":null,"numPassingAsserts":0,"retryReasons":[],"status":"failed","title":"should allow access when NODE_ENV is test"},{"ancestorTitles":["Authorization API Middleware"],"duration":0,"failureDetails":[{"code":"MODULE_NOT_FOUND","hint":"","siblingWithSimilarExtensionFound":false,"moduleName":"../middleware/authorizationApi","_originalMessage":"Cannot find module '../middleware/authorizationApi' from 'src/tests/authorizationApi.test.js'"}],"failureMessages":["Error: Cannot find module '../middleware/authorizationApi' from 'src/tests/authorizationApi.test.js'\n    at Resolver._throwModNotFoundError (/home/eno/calendarManagement/node_modules/jest-resolve/build/resolver.js:427:11)\n    at Resolver.resolveModule (/home/eno/calendarManagement/node_modules/jest-resolve/build/resolver.js:358:10)\n    at Resolver._getVirtualMockPath (/home/eno/calendarManagement/node_modules/jest-resolve/build/resolver.js:619:14)\n    at Resolver._getAbsolutePath (/home/eno/calendarManagement/node_modules/jest-resolve/build/resolver.js:587:14)\n    at Resolver.getModuleID (/home/eno/calendarManagement/node_modules/jest-resolve/build/resolver.js:530:31)\n    at Runtime._shouldMockCjs (/home/eno/calendarManagement/node_modules/jest-runtime/build/index.js:1713:37)\n    at Runtime.requireModuleOrMock (/home/eno/calendarManagement/node_modules/jest-runtime/build/index.js:1045:16)\n    at Object.<anonymous> (/home/eno/calendarManagement/src/tests/authorizationApi.test.js:32:24)\n    at Promise.then.completed (/home/eno/calendarManagement/node_modules/jest-circus/build/utils.js:298:28)\n    at new Promise (<anonymous>)\n    at callAsyncCircusFn (/home/eno/calendarManagement/node_modules/jest-circus/build/utils.js:231:10)\n    at _callCircusHook (/home/eno/calendarManagement/node_modules/jest-circus/build/run.js:281:40)\n    at processTicksAndRejections (node:internal/process/task_queues:95:5)\n    at _runTest (/home/eno/calendarManagement/node_modules/jest-circus/build/run.js:246:5)\n    at _runTestsForDescribeBlock (/home/eno/calendarManagement/node_modules/jest-circus/build/run.js:126:9)\n    at _runTestsForDescribeBlock (/home/eno/calendarManagement/node_modules/jest-circus/build/run.js:121:9)\n    at run (/home/eno/calendarManagement/node_modules/jest-circus/build/run.js:71:3)\n    at runAndTransformResultsToJestFormat (/home/eno/calendarManagement/node_modules/jest-circus/build/legacy-code-todo-rewrite/jestAdapterInit.js:122:21)\n    at jestAdapter (/home/eno/calendarManagement/node_modules/jest-circus/build/legacy-code-todo-rewrite/jestAdapter.js:79:19)\n    at runTestInternal (/home/eno/calendarManagement/node_modules/jest-runner/build/runTest.js:367:16)\n    at runTest (/home/eno/calendarManagement/node_modules/jest-runner/build/runTest.js:444:34)\n    at Object.worker (/home/eno/calendarManagement/node_modules/jest-runner/build/testWorker.js:106:12)"],"fullName":"Authorization API Middleware should check authorization when NODE_ENV is production","invocations":1,"location":null,"numPassingAsserts":0,"retryReasons":[],"status":"failed","title":"should check authorization when NODE_ENV is production"},{"ancestorTitles":["Authorization API Middleware"],"duration":1,"failureDetails":[{"code":"MODULE_NOT_FOUND","hint":"","siblingWithSimilarExtensionFound":false,"moduleName":"../middleware/authorizationApi","_originalMessage":"Cannot find module '../middleware/authorizationApi' from 'src/tests/authorizationApi.test.js'"}],"failureMessages":["Error: Cannot find module '../middleware/authorizationApi' from 'src/tests/authorizationApi.test.js'\n    at Resolver._throwModNotFoundError (/home/eno/calendarManagement/node_modules/jest-resolve/build/resolver.js:427:11)\n    at Resolver.resolveModule (/home/eno/calendarManagement/node_modules/jest-resolve/build/resolver.js:358:10)\n    at Resolver._getVirtualMockPath (/home/eno/calendarManagement/node_modules/jest-resolve/build/resolver.js:619:14)\n    at Resolver._getAbsolutePath (/home/eno/calendarManagement/node_modules/jest-resolve/build/resolver.js:587:14)\n    at Resolver.getModuleID (/home/eno/calendarManagement/node_modules/jest-resolve/build/resolver.js:530:31)\n    at Runtime._shouldMockCjs (/home/eno/calendarManagement/node_modules/jest-runtime/build/index.js:1713:37)\n    at Runtime.requireModuleOrMock (/home/eno/calendarManagement/node_modules/jest-runtime/build/index.js:1045:16)\n    at Object.<anonymous> (/home/eno/calendarManagement/src/tests/authorizationApi.test.js:32:24)\n    at Promise.then.completed (/home/eno/calendarManagement/node_modules/jest-circus/build/utils.js:298:28)\n    at new Promise (<anonymous>)\n    at callAsyncCircusFn (/home/eno/calendarManagement/node_modules/jest-circus/build/utils.js:231:10)\n    at _callCircusHook (/home/eno/calendarManagement/node_modules/jest-circus/build/run.js:281:40)\n    at processTicksAndRejections (node:internal/process/task_queues:95:5)\n    at _runTest (/home/eno/calendarManagement/node_modules/jest-circus/build/run.js:246:5)\n    at _runTestsForDescribeBlock (/home/eno/calendarManagement/node_modules/jest-circus/build/run.js:126:9)\n    at _runTestsForDescribeBlock (/home/eno/calendarManagement/node_modules/jest-circus/build/run.js:121:9)\n    at run (/home/eno/calendarManagement/node_modules/jest-circus/build/run.js:71:3)\n    at runAndTransformResultsToJestFormat (/home/eno/calendarManagement/node_modules/jest-circus/build/legacy-code-todo-rewrite/jestAdapterInit.js:122:21)\n    at jestAdapter (/home/eno/calendarManagement/node_modules/jest-circus/build/legacy-code-todo-rewrite/jestAdapter.js:79:19)\n    at runTestInternal (/home/eno/calendarManagement/node_modules/jest-runner/build/runTest.js:367:16)\n    at runTest (/home/eno/calendarManagement/node_modules/jest-runner/build/runTest.js:444:34)\n    at Object.worker (/home/eno/calendarManagement/node_modules/jest-runner/build/testWorker.js:106:12)"],"fullName":"Authorization API Middleware should handle various error scenarios","invocations":1,"location":null,"numPassingAsserts":0,"retryReasons":[],"status":"failed","title":"should handle various error scenarios"}],"endTime":1748296777121,"message":"\u001b[1m\u001b[31m  \u001b[1m● \u001b[22m\u001b[1mAuthorization API Middleware › should allow access when NODE_ENV is development\u001b[39m\u001b[22m\n\n    Cannot find module '../middleware/authorizationApi' from 'src/tests/authorizationApi.test.js'\n\u001b[2m\u001b[22m\n\u001b[2m    \u001b[0m \u001b[90m 30 |\u001b[39m\u001b[22m\n\u001b[2m     \u001b[90m 31 |\u001b[39m     \u001b[90m// Importer le middleware d'autorisation\u001b[39m\u001b[22m\n\u001b[2m    \u001b[31m\u001b[1m>\u001b[22m\u001b[2m\u001b[39m\u001b[90m 32 |\u001b[39m     authorizationApi \u001b[33m=\u001b[39m require(\u001b[32m'../middleware/authorizationApi'\u001b[39m)\u001b[33m;\u001b[39m\u001b[22m\n\u001b[2m     \u001b[90m    |\u001b[39m                        \u001b[31m\u001b[1m^\u001b[22m\u001b[2m\u001b[39m\u001b[22m\n\u001b[2m     \u001b[90m 33 |\u001b[39m   })\u001b[33m;\u001b[39m\u001b[22m\n\u001b[2m     \u001b[90m 34 |\u001b[39m\u001b[22m\n\u001b[2m     \u001b[90m 35 |\u001b[39m   afterEach(() \u001b[33m=>\u001b[39m {\u001b[0m\u001b[22m\n\u001b[2m\u001b[22m\n\u001b[2m      \u001b[2mat Resolver._throwModNotFoundError (\u001b[22m\u001b[2mnode_modules/jest-resolve/build/resolver.js\u001b[2m:427:11)\u001b[22m\u001b[2m\u001b[22m\n\u001b[2m      \u001b[2mat Object.<anonymous> (\u001b[22m\u001b[2m\u001b[0m\u001b[36msrc/tests/authorizationApi.test.js\u001b[39m\u001b[0m\u001b[2m:32:24)\u001b[22m\u001b[2m\u001b[22m\n\n\u001b[1m\u001b[31m  \u001b[1m● \u001b[22m\u001b[1mAuthorization API Middleware › should allow access when NODE_ENV is test\u001b[39m\u001b[22m\n\n    Cannot find module '../middleware/authorizationApi' from 'src/tests/authorizationApi.test.js'\n\u001b[2m\u001b[22m\n\u001b[2m    \u001b[0m \u001b[90m 30 |\u001b[39m\u001b[22m\n\u001b[2m     \u001b[90m 31 |\u001b[39m     \u001b[90m// Importer le middleware d'autorisation\u001b[39m\u001b[22m\n\u001b[2m    \u001b[31m\u001b[1m>\u001b[22m\u001b[2m\u001b[39m\u001b[90m 32 |\u001b[39m     authorizationApi \u001b[33m=\u001b[39m require(\u001b[32m'../middleware/authorizationApi'\u001b[39m)\u001b[33m;\u001b[39m\u001b[22m\n\u001b[2m     \u001b[90m    |\u001b[39m                        \u001b[31m\u001b[1m^\u001b[22m\u001b[2m\u001b[39m\u001b[22m\n\u001b[2m     \u001b[90m 33 |\u001b[39m   })\u001b[33m;\u001b[39m\u001b[22m\n\u001b[2m     \u001b[90m 34 |\u001b[39m\u001b[22m\n\u001b[2m     \u001b[90m 35 |\u001b[39m   afterEach(() \u001b[33m=>\u001b[39m {\u001b[0m\u001b[22m\n\u001b[2m\u001b[22m\n\u001b[2m      \u001b[2mat Resolver._throwModNotFoundError (\u001b[22m\u001b[2mnode_modules/jest-resolve/build/resolver.js\u001b[2m:427:11)\u001b[22m\u001b[2m\u001b[22m\n\u001b[2m      \u001b[2mat Object.<anonymous> (\u001b[22m\u001b[2m\u001b[0m\u001b[36msrc/tests/authorizationApi.test.js\u001b[39m\u001b[0m\u001b[2m:32:24)\u001b[22m\u001b[2m\u001b[22m\n\n\u001b[1m\u001b[31m  \u001b[1m● \u001b[22m\u001b[1mAuthorization API Middleware › should check authorization when NODE_ENV is production\u001b[39m\u001b[22m\n\n    Cannot find module '../middleware/authorizationApi' from 'src/tests/authorizationApi.test.js'\n\u001b[2m\u001b[22m\n\u001b[2m    \u001b[0m \u001b[90m 30 |\u001b[39m\u001b[22m\n\u001b[2m     \u001b[90m 31 |\u001b[39m     \u001b[90m// Importer le middleware d'autorisation\u001b[39m\u001b[22m\n\u001b[2m    \u001b[31m\u001b[1m>\u001b[22m\u001b[2m\u001b[39m\u001b[90m 32 |\u001b[39m     authorizationApi \u001b[33m=\u001b[39m require(\u001b[32m'../middleware/authorizationApi'\u001b[39m)\u001b[33m;\u001b[39m\u001b[22m\n\u001b[2m     \u001b[90m    |\u001b[39m                        \u001b[31m\u001b[1m^\u001b[22m\u001b[2m\u001b[39m\u001b[22m\n\u001b[2m     \u001b[90m 33 |\u001b[39m   })\u001b[33m;\u001b[39m\u001b[22m\n\u001b[2m     \u001b[90m 34 |\u001b[39m\u001b[22m\n\u001b[2m     \u001b[90m 35 |\u001b[39m   afterEach(() \u001b[33m=>\u001b[39m {\u001b[0m\u001b[22m\n\u001b[2m\u001b[22m\n\u001b[2m      \u001b[2mat Resolver._throwModNotFoundError (\u001b[22m\u001b[2mnode_modules/jest-resolve/build/resolver.js\u001b[2m:427:11)\u001b[22m\u001b[2m\u001b[22m\n\u001b[2m      \u001b[2mat Object.<anonymous> (\u001b[22m\u001b[2m\u001b[0m\u001b[36msrc/tests/authorizationApi.test.js\u001b[39m\u001b[0m\u001b[2m:32:24)\u001b[22m\u001b[2m\u001b[22m\n\n\u001b[1m\u001b[31m  \u001b[1m● \u001b[22m\u001b[1mAuthorization API Middleware › should handle various error scenarios\u001b[39m\u001b[22m\n\n    Cannot find module '../middleware/authorizationApi' from 'src/tests/authorizationApi.test.js'\n\u001b[2m\u001b[22m\n\u001b[2m    \u001b[0m \u001b[90m 30 |\u001b[39m\u001b[22m\n\u001b[2m     \u001b[90m 31 |\u001b[39m     \u001b[90m// Importer le middleware d'autorisation\u001b[39m\u001b[22m\n\u001b[2m    \u001b[31m\u001b[1m>\u001b[22m\u001b[2m\u001b[39m\u001b[90m 32 |\u001b[39m     authorizationApi \u001b[33m=\u001b[39m require(\u001b[32m'../middleware/authorizationApi'\u001b[39m)\u001b[33m;\u001b[39m\u001b[22m\n\u001b[2m     \u001b[90m    |\u001b[39m                        \u001b[31m\u001b[1m^\u001b[22m\u001b[2m\u001b[39m\u001b[22m\n\u001b[2m     \u001b[90m 33 |\u001b[39m   })\u001b[33m;\u001b[39m\u001b[22m\n\u001b[2m     \u001b[90m 34 |\u001b[39m\u001b[22m\n\u001b[2m     \u001b[90m 35 |\u001b[39m   afterEach(() \u001b[33m=>\u001b[39m {\u001b[0m\u001b[22m\n\u001b[2m\u001b[22m\n\u001b[2m      \u001b[2mat Resolver._throwModNotFoundError (\u001b[22m\u001b[2mnode_modules/jest-resolve/build/resolver.js\u001b[2m:427:11)\u001b[22m\u001b[2m\u001b[22m\n\u001b[2m      \u001b[2mat Object.<anonymous> (\u001b[22m\u001b[2m\u001b[0m\u001b[36msrc/tests/authorizationApi.test.js\u001b[39m\u001b[0m\u001b[2m:32:24)\u001b[22m\u001b[2m\u001b[22m\n","name":"/home/eno/calendarManagement/src/tests/authorizationApi.test.js","startTime":1748296776873,"status":"failed","summary":""},{"assertionResults":[{"ancestorTitles":["dummy test"],"duration":4,"failureDetails":[],"failureMessages":[],"fullName":"dummy test should sum 1 + 2 correctly","invocations":1,"location":null,"numPassingAsserts":1,"retryReasons":[],"status":"passed","title":"should sum 1 + 2 correctly"}],"endTime":1748296778488,"message":"","name":"/home/eno/calendarManagement/src/tests/a.test.ts","startTime":1748296776857,"status":"passed","summary":""},{"assertionResults":[{"ancestorTitles":["Event Controller (JS version)","getEvents"],"duration":1581,"failureDetails":[],"failureMessages":[],"fullName":"Event Controller (JS version) getEvents should return all events","invocations":1,"location":null,"numPassingAsserts":2,"retryReasons":[],"status":"passed","title":"should return all events"},{"ancestorTitles":["Event Controller (JS version)","getEvents"],"duration":18,"failureDetails":[],"failureMessages":[],"fullName":"Event Controller (JS version) getEvents should handle errors","invocations":1,"location":null,"numPassingAsserts":2,"retryReasons":[],"status":"passed","title":"should handle errors"},{"ancestorTitles":["Event Controller (JS version)","getEventById"],"duration":1,"failureDetails":[],"failureMessages":[],"fullName":"Event Controller (JS version) getEventById should return an event by id","invocations":1,"location":null,"numPassingAsserts":2,"retryReasons":[],"status":"passed","title":"should return an event by id"},{"ancestorTitles":["Event Controller (JS version)","getEventById"],"duration":1,"failureDetails":[],"failureMessages":[],"fullName":"Event Controller (JS version) getEventById should return 404 if event not found","invocations":1,"location":null,"numPassingAsserts":1,"retryReasons":[],"status":"passed","title":"should return 404 if event not found"},{"ancestorTitles":["Event Controller (JS version)","getEventById"],"duration":1,"failureDetails":[],"failureMessages":[],"fullName":"Event Controller (JS version) getEventById should handle errors","invocations":1,"location":null,"numPassingAsserts":2,"retryReasons":[],"status":"passed","title":"should handle errors"},{"ancestorTitles":["Event Controller (JS version)","createEvent"],"duration":1,"failureDetails":[],"failureMessages":[],"fullName":"Event Controller (JS version) createEvent should create a new event","invocations":1,"location":null,"numPassingAsserts":4,"retryReasons":[],"status":"passed","title":"should create a new event"},{"ancestorTitles":["Event Controller (JS version)","createEvent"],"duration":1,"failureDetails":[],"failureMessages":[],"fullName":"Event Controller (JS version) createEvent should handle errors","invocations":1,"location":null,"numPassingAsserts":1,"retryReasons":[],"status":"passed","title":"should handle errors"},{"ancestorTitles":["Event Controller (JS version)","updateEvent"],"duration":0,"failureDetails":[],"failureMessages":[],"fullName":"Event Controller (JS version) updateEvent should update an existing event","invocations":1,"location":null,"numPassingAsserts":4,"retryReasons":[],"status":"passed","title":"should update an existing event"},{"ancestorTitles":["Event Controller (JS version)","updateEvent"],"duration":1,"failureDetails":[],"failureMessages":[],"fullName":"Event Controller (JS version) updateEvent should return 404 if event not found","invocations":1,"location":null,"numPassingAsserts":1,"retryReasons":[],"status":"passed","title":"should return 404 if event not found"},{"ancestorTitles":["Event Controller (JS version)","updateEvent"],"duration":1,"failureDetails":[],"failureMessages":[],"fullName":"Event Controller (JS version) updateEvent should handle errors during find","invocations":1,"location":null,"numPassingAsserts":2,"retryReasons":[],"status":"passed","title":"should handle errors during find"},{"ancestorTitles":["Event Controller (JS version)","updateEvent"],"duration":1,"failureDetails":[],"failureMessages":[],"fullName":"Event Controller (JS version) updateEvent should handle errors during save","invocations":1,"location":null,"numPassingAsserts":2,"retryReasons":[],"status":"passed","title":"should handle errors during save"},{"ancestorTitles":["Event Controller (JS version)","deleteEvent"],"duration":1,"failureDetails":[],"failureMessages":[],"fullName":"Event Controller (JS version) deleteEvent should delete an event","invocations":1,"location":null,"numPassingAsserts":2,"retryReasons":[],"status":"passed","title":"should delete an event"},{"ancestorTitles":["Event Controller (JS version)","deleteEvent"],"duration":0,"failureDetails":[],"failureMessages":[],"fullName":"Event Controller (JS version) deleteEvent should return 404 if event not found","invocations":1,"location":null,"numPassingAsserts":1,"retryReasons":[],"status":"passed","title":"should return 404 if event not found"},{"ancestorTitles":["Event Controller (JS version)","deleteEvent"],"duration":1,"failureDetails":[],"failureMessages":[],"fullName":"Event Controller (JS version) deleteEvent should handle errors","invocations":1,"location":null,"numPassingAsserts":2,"retryReasons":[],"status":"passed","title":"should handle errors"},{"ancestorTitles":["Event Controller (JS version)","deleteEvent"],"duration":0,"failureDetails":[],"failureMessages":[],"fullName":"Event Controller (JS version) deleteEvent should return 404 if event not found","invocations":1,"location":null,"numPassingAsserts":1,"retryReasons":[],"status":"passed","title":"should return 404 if event not found"},{"ancestorTitles":["Event Controller (JS version)","deleteEvent"],"duration":1,"failureDetails":[],"failureMessages":[],"fullName":"Event Controller (JS version) deleteEvent should handle errors","invocations":1,"location":null,"numPassingAsserts":2,"retryReasons":[],"status":"passed","title":"should handle errors"},{"ancestorTitles":["Event Controller (JS version)","createEvent"],"duration":0,"failureDetails":[],"failureMessages":[],"fullName":"Event Controller (JS version) createEvent should create a new event","invocations":1,"location":null,"numPassingAsserts":4,"retryReasons":[],"status":"passed","title":"should create a new event"},{"ancestorTitles":["Event Controller (JS version)","createEvent"],"duration":1,"failureDetails":[],"failureMessages":[],"fullName":"Event Controller (JS version) createEvent should handle errors","invocations":1,"location":null,"numPassingAsserts":1,"retryReasons":[],"status":"passed","title":"should handle errors"},{"ancestorTitles":["Event Controller (JS version)","updateEvent"],"duration":0,"failureDetails":[],"failureMessages":[],"fullName":"Event Controller (JS version) updateEvent should update an existing event","invocations":1,"location":null,"numPassingAsserts":4,"retryReasons":[],"status":"passed","title":"should update an existing event"},{"ancestorTitles":["Event Controller (JS version)","updateEvent"],"duration":1,"failureDetails":[],"failureMessages":[],"fullName":"Event Controller (JS version) updateEvent should return 404 if event not found","invocations":1,"location":null,"numPassingAsserts":1,"retryReasons":[],"status":"passed","title":"should return 404 if event not found"},{"ancestorTitles":["Event Controller (JS version)","updateEvent"],"duration":0,"failureDetails":[],"failureMessages":[],"fullName":"Event Controller (JS version) updateEvent should handle errors during find","invocations":1,"location":null,"numPassingAsserts":2,"retryReasons":[],"status":"passed","title":"should handle errors during find"},{"ancestorTitles":["Event Controller (JS version)","updateEvent"],"duration":1,"failureDetails":[],"failureMessages":[],"fullName":"Event Controller (JS version) updateEvent should handle errors during save","invocations":1,"location":null,"numPassingAsserts":2,"retryReasons":[],"status":"passed","title":"should handle errors during save"},{"ancestorTitles":["Event Controller (JS version)","deleteEvent"],"duration":1,"failureDetails":[],"failureMessages":[],"fullName":"Event Controller (JS version) deleteEvent should delete an event","invocations":1,"location":null,"numPassingAsserts":2,"retryReasons":[],"status":"passed","title":"should delete an event"},{"ancestorTitles":["Event Controller (JS version)","deleteEvent"],"duration":0,"failureDetails":[],"failureMessages":[],"fullName":"Event Controller (JS version) deleteEvent should return 404 if event not found","invocations":1,"location":null,"numPassingAsserts":1,"retryReasons":[],"status":"passed","title":"should return 404 if event not found"},{"ancestorTitles":["Event Controller (JS version)","deleteEvent"],"duration":1,"failureDetails":[],"failureMessages":[],"fullName":"Event Controller (JS version) deleteEvent should handle errors","invocations":1,"location":null,"numPassingAsserts":2,"retryReasons":[],"status":"passed","title":"should handle errors"}],"endTime":1748296778696,"message":"","name":"/home/eno/calendarManagement/src/tests/eventController.js.test.js","startTime":1748296776873,"status":"passed","summary":""}],"wasInterrupted":false,"coverageMap":{"/home/eno/calendarManagement/dist/routes/eventRoutes.js":{"path":"/home/eno/calendarManagement/dist/routes/eventRoutes.js","statementMap":{"0":{"start":{"line":2,"column":0},"end":{"line":2,"column":62}},"1":{"start":{"line":3,"column":18},"end":{"line":3,"column":36}},"2":{"start":{"line":4,"column":26},"end":{"line":4,"column":67}},"3":{"start":{"line":5,"column":33},"end":{"line":5,"column":81}},"4":{"start":{"line":19,"column":15},"end":{"line":19,"column":38}},"5":{"start":{"line":104,"column":0},"end":{"line":104,"column":74}},"6":{"start":{"line":106,"column":0},"end":{"line":106,"column":66}},"7":{"start":{"line":191,"column":0},"end":{"line":191,"column":69}},"8":{"start":{"line":203,"column":0},"end":{"line":203,"column":51}},"9":{"start":{"line":204,"column":0},"end":{"line":204,"column":58}},"10":{"start":{"line":221,"column":0},"end":{"line":221,"column":54}},"11":{"start":{"line":264,"column":0},"end":{"line":264,"column":58}},"12":{"start":{"line":433,"column":0},"end":{"line":433,"column":54}},"13":{"start":{"line":614,"column":0},"end":{"line":614,"column":57}},"14":{"start":{"line":653,"column":0},"end":{"line":653,"column":60}},"15":{"start":{"line":744,"column":0},"end":{"line":744,"column":70}},"16":{"start":{"line":865,"column":0},"end":{"line":865,"column":72}},"17":{"start":{"line":991,"column":0},"end":{"line":991,"column":74}},"18":{"start":{"line":992,"column":0},"end":{"line":992,"column":25}}},"fnMap":{},"branchMap":{},"s":{"0":0,"1":0,"2":0,"3":0,"4":0,"5":0,"6":0,"7":0,"8":0,"9":0,"10":0,"11":0,"12":0,"13":0,"14":0,"15":0,"16":0,"17":0,"18":0},"f":{},"b":{},"inputSourceMap":null},"/home/eno/calendarManagement/dist/controllers/calendarViewController.js":{"path":"/home/eno/calendarManagement/dist/controllers/calendarViewController.js","statementMap":{"0":{"start":{"line":2,"column":22},"end":{"line":4,"column":1}},"1":{"start":{"line":3,"column":4},"end":{"line":3,"column":62}},"2":{"start":{"line":5,"column":0},"end":{"line":5,"column":62}},"3":{"start":{"line":6,"column":0},"end":{"line":6,"column":88}},"4":{"start":{"line":7,"column":17},"end":{"line":7,"column":54}},"5":{"start":{"line":10,"column":4},"end":{"line":10,"column":82}},"6":{"start":{"line":13,"column":18},"end":{"line":20,"column":9}},"7":{"start":{"line":21,"column":25},"end":{"line":24,"column":6}},"8":{"start":{"line":25,"column":4},"end":{"line":25,"column":40}},"9":{"start":{"line":29,"column":4},"end":{"line":36,"column":6}},"10":{"start":{"line":39,"column":4},"end":{"line":39,"column":37}},"11":{"start":{"line":41,"column":24},"end":{"line":58,"column":1}},"12":{"start":{"line":42,"column":17},"end":{"line":42,"column":80}},"13":{"start":{"line":43,"column":4},"end":{"line":45,"column":5}},"14":{"start":{"line":44,"column":8},"end":{"line":44,"column":80}},"15":{"start":{"line":46,"column":4},"end":{"line":57,"column":5}},"16":{"start":{"line":47,"column":23},"end":{"line":47,"column":57}},"17":{"start":{"line":49,"column":23},"end":{"line":52,"column":9}},"18":{"start":{"line":53,"column":8},"end":{"line":53,"column":32}},"19":{"start":{"line":56,"column":8},"end":{"line":56,"column":101}},"20":{"start":{"line":59,"column":0},"end":{"line":59,"column":42}},"21":{"start":{"line":60,"column":25},"end":{"line":109,"column":1}},"22":{"start":{"line":62,"column":17},"end":{"line":62,"column":80}},"23":{"start":{"line":63,"column":15},"end":{"line":63,"column":78}},"24":{"start":{"line":64,"column":15},"end":{"line":64,"column":78}},"25":{"start":{"line":67,"column":4},"end":{"line":81,"column":5}},"26":{"start":{"line":68,"column":24},"end":{"line":68,"column":38}},"27":{"start":{"line":69,"column":25},"end":{"line":69,"column":51}},"28":{"start":{"line":70,"column":8},"end":{"line":70,"column":37}},"29":{"start":{"line":71,"column":8},"end":{"line":71,"column":37}},"30":{"start":{"line":72,"column":8},"end":{"line":72,"column":66}},"31":{"start":{"line":74,"column":9},"end":{"line":81,"column":5}},"32":{"start":{"line":75,"column":8},"end":{"line":77,"column":87}},"33":{"start":{"line":80,"column":8},"end":{"line":80,"column":64}},"34":{"start":{"line":82,"column":18},"end":{"line":82,"column":53}},"35":{"start":{"line":83,"column":20},"end":{"line":83,"column":38}},"36":{"start":{"line":84,"column":4},"end":{"line":84,"column":43}},"37":{"start":{"line":85,"column":16},"end":{"line":85,"column":50}},"38":{"start":{"line":86,"column":4},"end":{"line":108,"column":5}},"39":{"start":{"line":87,"column":23},"end":{"line":87,"column":57}},"40":{"start":{"line":89,"column":21},"end":{"line":89,"column":23}},"41":{"start":{"line":90,"column":28},"end":{"line":90,"column":46}},"42":{"start":{"line":91,"column":8},"end":{"line":94,"column":9}},"43":{"start":{"line":91,"column":21},"end":{"line":91,"column":22}},"44":{"start":{"line":92,"column":12},"end":{"line":92,"column":62}},"45":{"start":{"line":93,"column":12},"end":{"line":93,"column":59}},"46":{"start":{"line":96,"column":23},"end":{"line":103,"column":9}},"47":{"start":{"line":104,"column":8},"end":{"line":104,"column":32}},"48":{"start":{"line":107,"column":8},"end":{"line":107,"column":101}},"49":{"start":{"line":110,"column":0},"end":{"line":110,"column":44}},"50":{"start":{"line":111,"column":26},"end":{"line":162,"column":1}},"51":{"start":{"line":113,"column":17},"end":{"line":113,"column":80}},"52":{"start":{"line":114,"column":16},"end":{"line":114,"column":81}},"53":{"start":{"line":115,"column":15},"end":{"line":115,"column":78}},"54":{"start":{"line":119,"column":4},"end":{"line":134,"column":5}},"55":{"start":{"line":120,"column":24},"end":{"line":120,"column":38}},"56":{"start":{"line":121,"column":8},"end":{"line":121,"column":42}},"57":{"start":{"line":122,"column":8},"end":{"line":122,"column":40}},"58":{"start":{"line":123,"column":8},"end":{"line":123,"column":33}},"59":{"start":{"line":124,"column":8},"end":{"line":124,"column":31}},"60":{"start":{"line":126,"column":9},"end":{"line":134,"column":5}},"61":{"start":{"line":127,"column":8},"end":{"line":129,"column":88}},"62":{"start":{"line":132,"column":8},"end":{"line":132,"column":33}},"63":{"start":{"line":133,"column":8},"end":{"line":133,"column":31}},"64":{"start":{"line":135,"column":4},"end":{"line":161,"column":5}},"65":{"start":{"line":136,"column":22},"end":{"line":136,"column":105}},"66":{"start":{"line":138,"column":24},"end":{"line":138,"column":54}},"67":{"start":{"line":139,"column":20},"end":{"line":139,"column":54}},"68":{"start":{"line":140,"column":23},"end":{"line":140,"column":57}},"69":{"start":{"line":142,"column":21},"end":{"line":142,"column":23}},"70":{"start":{"line":143,"column":28},"end":{"line":143,"column":45}},"71":{"start":{"line":144,"column":8},"end":{"line":146,"column":9}},"72":{"start":{"line":144,"column":21},"end":{"line":144,"column":22}},"73":{"start":{"line":145,"column":12},"end":{"line":145,"column":137}},"74":{"start":{"line":148,"column":23},"end":{"line":156,"column":9}},"75":{"start":{"line":157,"column":8},"end":{"line":157,"column":32}},"76":{"start":{"line":160,"column":8},"end":{"line":160,"column":101}},"77":{"start":{"line":163,"column":0},"end":{"line":163,"column":46}},"78":{"start":{"line":166,"column":19},"end":{"line":166,"column":56}},"79":{"start":{"line":167,"column":16},"end":{"line":167,"column":31}},"80":{"start":{"line":168,"column":25},"end":{"line":168,"column":31}},"81":{"start":{"line":169,"column":4},"end":{"line":172,"column":69}},"82":{"start":{"line":170,"column":8},"end":{"line":170,"column":69}},"83":{"start":{"line":172,"column":8},"end":{"line":172,"column":69}},"84":{"start":{"line":173,"column":4},"end":{"line":173,"column":24}},"85":{"start":{"line":176,"column":14},"end":{"line":176,"column":28}},"86":{"start":{"line":177,"column":4},"end":{"line":177,"column":27}},"87":{"start":{"line":180,"column":4},"end":{"line":180,"column":51}},"88":{"start":{"line":182,"column":22},"end":{"line":182,"column":53}},"89":{"start":{"line":184,"column":19},"end":{"line":184,"column":86}},"90":{"start":{"line":186,"column":4},"end":{"line":186,"column":51}}},"fnMap":{"0":{"name":"(anonymous_0)","decl":{"start":{"line":2,"column":56},"end":{"line":2,"column":57}},"loc":{"start":{"line":2,"column":71},"end":{"line":4,"column":1}},"line":2},"1":{"name":"isValidDateString","decl":{"start":{"line":9,"column":9},"end":{"line":9,"column":26}},"loc":{"start":{"line":9,"column":33},"end":{"line":11,"column":1}},"line":9},"2":{"name":"getEventsBetween","decl":{"start":{"line":12,"column":15},"end":{"line":12,"column":31}},"loc":{"start":{"line":12,"column":44},"end":{"line":26,"column":1}},"line":12},"3":{"name":"sanitizeEvent","decl":{"start":{"line":28,"column":9},"end":{"line":28,"column":22}},"loc":{"start":{"line":28,"column":36},"end":{"line":37,"column":1}},"line":28},"4":{"name":"sanitizeEvents","decl":{"start":{"line":38,"column":9},"end":{"line":38,"column":23}},"loc":{"start":{"line":38,"column":32},"end":{"line":40,"column":1}},"line":38},"5":{"name":"(anonymous_5)","decl":{"start":{"line":41,"column":24},"end":{"line":41,"column":25}},"loc":{"start":{"line":41,"column":44},"end":{"line":58,"column":1}},"line":41},"6":{"name":"(anonymous_6)","decl":{"start":{"line":60,"column":25},"end":{"line":60,"column":26}},"loc":{"start":{"line":60,"column":45},"end":{"line":109,"column":1}},"line":60},"7":{"name":"(anonymous_7)","decl":{"start":{"line":111,"column":26},"end":{"line":111,"column":27}},"loc":{"start":{"line":111,"column":46},"end":{"line":162,"column":1}},"line":111},"8":{"name":"getDateOfISOWeek","decl":{"start":{"line":165,"column":9},"end":{"line":165,"column":25}},"loc":{"start":{"line":165,"column":38},"end":{"line":174,"column":1}},"line":165},"9":{"name":"getISOWeekAndYear","decl":{"start":{"line":175,"column":9},"end":{"line":175,"column":26}},"loc":{"start":{"line":175,"column":33},"end":{"line":187,"column":1}},"line":175}},"branchMap":{"0":{"loc":{"start":{"line":2,"column":22},"end":{"line":4,"column":1}},"type":"binary-expr","locations":[{"start":{"line":2,"column":23},"end":{"line":2,"column":27}},{"start":{"line":2,"column":31},"end":{"line":2,"column":51}},{"start":{"line":2,"column":56},"end":{"line":4,"column":1}}],"line":2},"1":{"loc":{"start":{"line":3,"column":11},"end":{"line":3,"column":61}},"type":"cond-expr","locations":[{"start":{"line":3,"column":37},"end":{"line":3,"column":40}},{"start":{"line":3,"column":43},"end":{"line":3,"column":61}}],"line":3},"2":{"loc":{"start":{"line":3,"column":12},"end":{"line":3,"column":33}},"type":"binary-expr","locations":[{"start":{"line":3,"column":12},"end":{"line":3,"column":15}},{"start":{"line":3,"column":19},"end":{"line":3,"column":33}}],"line":3},"3":{"loc":{"start":{"line":10,"column":11},"end":{"line":10,"column":81}},"type":"binary-expr","locations":[{"start":{"line":10,"column":11},"end":{"line":10,"column":17}},{"start":{"line":10,"column":21},"end":{"line":10,"column":53}},{"start":{"line":10,"column":57},"end":{"line":10,"column":81}}],"line":10},"4":{"loc":{"start":{"line":13,"column":18},"end":{"line":20,"column":9}},"type":"cond-expr","locations":[{"start":{"line":14,"column":10},"end":{"line":14,"column":41}},{"start":{"line":15,"column":10},"end":{"line":20,"column":9}}],"line":13},"5":{"loc":{"start":{"line":31,"column":18},"end":{"line":31,"column":44}},"type":"binary-expr","locations":[{"start":{"line":31,"column":18},"end":{"line":31,"column":38}},{"start":{"line":31,"column":42},"end":{"line":31,"column":44}}],"line":31},"6":{"loc":{"start":{"line":32,"column":20},"end":{"line":32,"column":96}},"type":"cond-expr","locations":[{"start":{"line":32,"column":45},"end":{"line":32,"column":91}},{"start":{"line":32,"column":94},"end":{"line":32,"column":96}}],"line":32},"7":{"loc":{"start":{"line":33,"column":18},"end":{"line":33,"column":90}},"type":"cond-expr","locations":[{"start":{"line":33,"column":41},"end":{"line":33,"column":85}},{"start":{"line":33,"column":88},"end":{"line":33,"column":90}}],"line":33},"8":{"loc":{"start":{"line":34,"column":17},"end":{"line":34,"column":41}},"type":"binary-expr","locations":[{"start":{"line":34,"column":17},"end":{"line":34,"column":36}},{"start":{"line":34,"column":40},"end":{"line":34,"column":41}}],"line":34},"9":{"loc":{"start":{"line":35,"column":17},"end":{"line":35,"column":41}},"type":"binary-expr","locations":[{"start":{"line":35,"column":17},"end":{"line":35,"column":36}},{"start":{"line":35,"column":40},"end":{"line":35,"column":41}}],"line":35},"10":{"loc":{"start":{"line":42,"column":17},"end":{"line":42,"column":80}},"type":"cond-expr","locations":[{"start":{"line":42,"column":54},"end":{"line":42,"column":68}},{"start":{"line":42,"column":71},"end":{"line":42,"column":80}}],"line":42},"11":{"loc":{"start":{"line":43,"column":4},"end":{"line":45,"column":5}},"type":"if","locations":[{"start":{"line":43,"column":4},"end":{"line":45,"column":5}},{"start":{},"end":{}}],"line":43},"12":{"loc":{"start":{"line":62,"column":17},"end":{"line":62,"column":80}},"type":"cond-expr","locations":[{"start":{"line":62,"column":54},"end":{"line":62,"column":68}},{"start":{"line":62,"column":71},"end":{"line":62,"column":80}}],"line":62},"13":{"loc":{"start":{"line":63,"column":15},"end":{"line":63,"column":78}},"type":"cond-expr","locations":[{"start":{"line":63,"column":52},"end":{"line":63,"column":66}},{"start":{"line":63,"column":69},"end":{"line":63,"column":78}}],"line":63},"14":{"loc":{"start":{"line":64,"column":15},"end":{"line":64,"column":78}},"type":"cond-expr","locations":[{"start":{"line":64,"column":52},"end":{"line":64,"column":66}},{"start":{"line":64,"column":69},"end":{"line":64,"column":78}}],"line":64},"15":{"loc":{"start":{"line":67,"column":4},"end":{"line":81,"column":5}},"type":"if","locations":[{"start":{"line":67,"column":4},"end":{"line":81,"column":5}},{"start":{"line":74,"column":9},"end":{"line":81,"column":5}}],"line":67},"16":{"loc":{"start":{"line":74,"column":9},"end":{"line":81,"column":5}},"type":"if","locations":[{"start":{"line":74,"column":9},"end":{"line":81,"column":5}},{"start":{"line":79,"column":9},"end":{"line":81,"column":5}}],"line":74},"17":{"loc":{"start":{"line":74,"column":13},"end":{"line":74,"column":73}},"type":"binary-expr","locations":[{"start":{"line":74,"column":13},"end":{"line":74,"column":18}},{"start":{"line":74,"column":22},"end":{"line":74,"column":27}},{"start":{"line":74,"column":31},"end":{"line":74,"column":50}},{"start":{"line":74,"column":54},"end":{"line":74,"column":73}}],"line":74},"18":{"loc":{"start":{"line":113,"column":17},"end":{"line":113,"column":80}},"type":"cond-expr","locations":[{"start":{"line":113,"column":54},"end":{"line":113,"column":68}},{"start":{"line":113,"column":71},"end":{"line":113,"column":80}}],"line":113},"19":{"loc":{"start":{"line":114,"column":16},"end":{"line":114,"column":81}},"type":"cond-expr","locations":[{"start":{"line":114,"column":54},"end":{"line":114,"column":69}},{"start":{"line":114,"column":72},"end":{"line":114,"column":81}}],"line":114},"20":{"loc":{"start":{"line":115,"column":15},"end":{"line":115,"column":78}},"type":"cond-expr","locations":[{"start":{"line":115,"column":52},"end":{"line":115,"column":66}},{"start":{"line":115,"column":69},"end":{"line":115,"column":78}}],"line":115},"21":{"loc":{"start":{"line":119,"column":4},"end":{"line":134,"column":5}},"type":"if","locations":[{"start":{"line":119,"column":4},"end":{"line":134,"column":5}},{"start":{"line":126,"column":9},"end":{"line":134,"column":5}}],"line":119},"22":{"loc":{"start":{"line":126,"column":9},"end":{"line":134,"column":5}},"type":"if","locations":[{"start":{"line":126,"column":9},"end":{"line":134,"column":5}},{"start":{"line":131,"column":9},"end":{"line":134,"column":5}}],"line":126},"23":{"loc":{"start":{"line":126,"column":13},"end":{"line":126,"column":75}},"type":"binary-expr","locations":[{"start":{"line":126,"column":13},"end":{"line":126,"column":19}},{"start":{"line":126,"column":23},"end":{"line":126,"column":28}},{"start":{"line":126,"column":32},"end":{"line":126,"column":52}},{"start":{"line":126,"column":56},"end":{"line":126,"column":75}}],"line":126},"24":{"loc":{"start":{"line":169,"column":4},"end":{"line":172,"column":69}},"type":"if","locations":[{"start":{"line":169,"column":4},"end":{"line":172,"column":69}},{"start":{"line":172,"column":8},"end":{"line":172,"column":69}}],"line":169},"25":{"loc":{"start":{"line":180,"column":33},"end":{"line":180,"column":48}},"type":"binary-expr","locations":[{"start":{"line":180,"column":33},"end":{"line":180,"column":43}},{"start":{"line":180,"column":47},"end":{"line":180,"column":48}}],"line":180}},"s":{"0":0,"1":0,"2":0,"3":0,"4":0,"5":0,"6":0,"7":0,"8":0,"9":0,"10":0,"11":0,"12":0,"13":0,"14":0,"15":0,"16":0,"17":0,"18":0,"19":0,"20":0,"21":0,"22":0,"23":0,"24":0,"25":0,"26":0,"27":0,"28":0,"29":0,"30":0,"31":0,"32":0,"33":0,"34":0,"35":0,"36":0,"37":0,"38":0,"39":0,"40":0,"41":0,"42":0,"43":0,"44":0,"45":0,"46":0,"47":0,"48":0,"49":0,"50":0,"51":0,"52":0,"53":0,"54":0,"55":0,"56":0,"57":0,"58":0,"59":0,"60":0,"61":0,"62":0,"63":0,"64":0,"65":0,"66":0,"67":0,"68":0,"69":0,"70":0,"71":0,"72":0,"73":0,"74":0,"75":0,"76":0,"77":0,"78":0,"79":0,"80":0,"81":0,"82":0,"83":0,"84":0,"85":0,"86":0,"87":0,"88":0,"89":0,"90":0},"f":{"0":0,"1":0,"2":0,"3":0,"4":0,"5":0,"6":0,"7":0,"8":0,"9":0},"b":{"0":[0,0,0],"1":[0,0],"2":[0,0],"3":[0,0,0],"4":[0,0],"5":[0,0],"6":[0,0],"7":[0,0],"8":[0,0],"9":[0,0],"10":[0,0],"11":[0,0],"12":[0,0],"13":[0,0],"14":[0,0],"15":[0,0],"16":[0,0],"17":[0,0,0,0],"18":[0,0],"19":[0,0],"20":[0,0],"21":[0,0],"22":[0,0],"23":[0,0,0,0],"24":[0,0],"25":[0,0]},"inputSourceMap":null},"/home/eno/calendarManagement/src/app.ts":{"path":"/home/eno/calendarManagement/src/app.ts","statementMap":{"0":{"start":{"line":1,"column":0},"end":{"line":1,"column":30}},"1":{"start":{"line":2,"column":0},"end":{"line":2,"column":24}},"2":{"start":{"line":3,"column":0},"end":{"line":3,"column":28}},"3":{"start":{"line":4,"column":0},"end":{"line":4,"column":28}},"4":{"start":{"line":5,"column":0},"end":{"line":5,"column":43}},"5":{"start":{"line":6,"column":0},"end":{"line":6,"column":41}},"6":{"start":{"line":7,"column":0},"end":{"line":7,"column":26}},"7":{"start":{"line":10,"column":0},"end":{"line":10,"column":16}},"8":{"start":{"line":12,"column":12},"end":{"line":12,"column":21}},"9":{"start":{"line":13,"column":0},"end":{"line":13,"column":24}},"10":{"start":{"line":14,"column":0},"end":{"line":20,"column":2}},"11":{"start":{"line":22,"column":0},"end":{"line":42,"column":2}},"12":{"start":{"line":45,"column":23},"end":{"line":71,"column":2}},"13":{"start":{"line":72,"column":20},"end":{"line":72,"column":48}},"14":{"start":{"line":74,"column":0},"end":{"line":76,"column":1}},"15":{"start":{"line":75,"column":2},"end":{"line":75,"column":70}},"16":{"start":{"line":78,"column":0},"end":{"line":78,"column":47}},"17":{"start":{"line":81,"column":0},"end":{"line":81,"column":26}},"18":{"start":{"line":84,"column":0},"end":{"line":86,"column":3}},"19":{"start":{"line":85,"column":2},"end":{"line":85,"column":41}},"20":{"start":{"line":89,"column":0},"end":{"line":91,"column":3}},"21":{"start":{"line":90,"column":2},"end":{"line":90,"column":38}},"22":{"start":{"line":93,"column":0},"end":{"line":93,"column":19}}},"fnMap":{"0":{"name":"(anonymous_1)","decl":{"start":{"line":84,"column":19},"end":{"line":84,"column":20}},"loc":{"start":{"line":84,"column":32},"end":{"line":86,"column":1}}},"1":{"name":"(anonymous_2)","decl":{"start":{"line":89,"column":13},"end":{"line":89,"column":14}},"loc":{"start":{"line":89,"column":26},"end":{"line":91,"column":1}}}},"branchMap":{"0":{"loc":{"start":{"line":16,"column":12},"end":{"line":16,"column":42}},"type":"binary-expr","locations":[{"start":{"line":16,"column":12},"end":{"line":16,"column":35}},{"start":{"line":16,"column":39},"end":{"line":16,"column":42}}]},"1":{"loc":{"start":{"line":29,"column":35},"end":{"line":29,"column":87}},"type":"cond-expr","locations":[{"start":{"line":29,"column":75},"end":{"line":29,"column":82}},{"start":{"line":29,"column":85},"end":{"line":29,"column":87}}]},"2":{"loc":{"start":{"line":33,"column":14},"end":{"line":33,"column":78}},"type":"cond-expr","locations":[{"start":{"line":33,"column":54},"end":{"line":33,"column":73}},{"start":{"line":33,"column":76},"end":{"line":33,"column":78}}]},"3":{"loc":{"start":{"line":74,"column":0},"end":{"line":76,"column":1}},"type":"if","locations":[{"start":{"line":74,"column":0},"end":{"line":76,"column":1}}]}},"s":{"0":0,"1":0,"2":0,"3":0,"4":0,"5":0,"6":0,"7":0,"8":0,"9":0,"10":0,"11":0,"12":0,"13":0,"14":0,"15":0,"16":0,"17":0,"18":0,"19":0,"20":0,"21":0,"22":0},"f":{"0":0,"1":0},"b":{"0":[0,0],"1":[0,0],"2":[0,0],"3":[0]}}}}
