<?xml version="1.0" encoding="UTF-8"?>
<coverage generated="1749749816079" clover="3.2.0">
  <project timestamp="1749749816079" name="All files">
    <metrics statements="554" coveredstatements="516" conditionals="432" coveredconditionals="343" methods="89" coveredmethods="87" elements="1075" coveredelements="946" complexity="0" loc="554" ncloc="554" packages="6" files="13" classes="13"/>
    <package name="src">
      <metrics statements="58" coveredstatements="55" conditionals="61" coveredconditionals="50" methods="7" coveredmethods="7"/>
      <file name="app.ts" path="/home/eno/calendarManagement/src/app.ts">
        <metrics statements="23" coveredstatements="23" conditionals="24" coveredconditionals="18" methods="2" coveredmethods="2"/>
        <line num="1" count="2" type="stmt"/>
        <line num="2" count="2" type="stmt"/>
        <line num="3" count="2" type="stmt"/>
        <line num="4" count="2" type="stmt"/>
        <line num="5" count="2" type="stmt"/>
        <line num="6" count="2" type="stmt"/>
        <line num="7" count="2" type="stmt"/>
        <line num="8" count="2" type="stmt"/>
        <line num="11" count="2" type="stmt"/>
        <line num="13" count="2" type="stmt"/>
        <line num="14" count="2" type="stmt"/>
        <line num="17" count="2" type="stmt"/>
        <line num="26" count="2" type="stmt"/>
        <line num="42" count="2" type="stmt"/>
        <line num="97" count="2" type="stmt"/>
        <line num="100" count="2" type="stmt"/>
        <line num="111" count="2" type="stmt"/>
        <line num="114" count="2" type="stmt"/>
        <line num="115" count="1" type="stmt"/>
        <line num="211" count="2" type="stmt"/>
        <line num="214" count="2" type="stmt"/>
        <line num="215" count="2" type="stmt"/>
        <line num="218" count="2" type="stmt"/>
      </file>
      <file name="loadEnv.ts" path="/home/eno/calendarManagement/src/loadEnv.ts">
        <metrics statements="3" coveredstatements="3" conditionals="0" coveredconditionals="0" methods="0" coveredmethods="0"/>
        <line num="2" count="1" type="stmt"/>
        <line num="5" count="1" type="stmt"/>
        <line num="8" count="1" type="stmt"/>
      </file>
      <file name="prisma.ts" path="/home/eno/calendarManagement/src/prisma.ts">
        <metrics statements="32" coveredstatements="29" conditionals="37" coveredconditionals="32" methods="5" coveredmethods="5"/>
        <line num="1" count="13" type="stmt"/>
        <line num="2" count="13" type="stmt"/>
        <line num="6" count="13" type="cond" truecount="5" falsecount="1"/>
        <line num="9" count="13" type="cond" truecount="1" falsecount="0"/>
        <line num="11" count="9" type="cond" truecount="1" falsecount="0"/>
        <line num="12" count="4" type="stmt"/>
        <line num="16" count="9" type="cond" truecount="2" falsecount="0"/>
        <line num="19" count="9" type="cond" truecount="2" falsecount="1"/>
        <line num="20" count="0" type="stmt"/>
        <line num="27" count="9" type="stmt"/>
        <line num="30" count="9" type="cond" truecount="3" falsecount="0"/>
        <line num="31" count="1" type="cond" truecount="0" falsecount="1"/>
        <line num="32" count="0" type="stmt"/>
        <line num="40" count="13" type="cond" truecount="3" falsecount="1"/>
        <line num="45" count="13" type="stmt"/>
        <line num="47" count="13" type="cond" truecount="1" falsecount="0"/>
        <line num="49" count="4" type="stmt"/>
        <line num="53" count="9" type="cond" truecount="2" falsecount="0"/>
        <line num="56" count="9" type="cond" truecount="1" falsecount="0"/>
        <line num="58" count="8" type="stmt"/>
        <line num="59" count="3" type="stmt"/>
        <line num="60" count="3" type="stmt"/>
        <line num="65" count="1" type="stmt"/>
        <line num="66" count="1" type="stmt"/>
        <line num="70" count="0" type="stmt"/>
        <line num="77" count="13" type="stmt"/>
        <line num="80" count="13" type="stmt"/>
        <line num="84" count="1" type="stmt"/>
        <line num="85" count="1" type="stmt"/>
        <line num="87" count="2" type="cond" truecount="4" falsecount="0"/>
        <line num="92" count="13" type="cond" truecount="6" falsecount="0"/>
        <line num="94" count="13" type="stmt"/>
      </file>
    </package>
    <package name="src.controllers">
      <metrics statements="324" coveredstatements="294" conditionals="262" coveredconditionals="191" methods="51" coveredmethods="49"/>
      <file name="calendarViewController.ts" path="/home/eno/calendarManagement/src/controllers/calendarViewController.ts">
        <metrics statements="79" coveredstatements="78" conditionals="56" coveredconditionals="49" methods="12" coveredmethods="12"/>
        <line num="2" count="3" type="stmt"/>
        <line num="7" count="11" type="cond" truecount="3" falsecount="0"/>
        <line num="12" count="8" type="cond" truecount="2" falsecount="0"/>
        <line num="20" count="8" type="stmt"/>
        <line num="24" count="5" type="stmt"/>
        <line num="29" count="7" type="stmt"/>
        <line num="39" count="5" type="stmt"/>
        <line num="42" count="3" type="stmt"/>
        <line num="43" count="3" type="cond" truecount="2" falsecount="0"/>
        <line num="44" count="3" type="cond" truecount="1" falsecount="0"/>
        <line num="45" count="1" type="stmt"/>
        <line num="47" count="2" type="stmt"/>
        <line num="48" count="2" type="stmt"/>
        <line num="51" count="1" type="stmt"/>
        <line num="56" count="1" type="stmt"/>
        <line num="58" count="1" type="stmt"/>
        <line num="62" count="4" type="stmt"/>
        <line num="64" count="4" type="cond" truecount="2" falsecount="0"/>
        <line num="65" count="4" type="cond" truecount="2" falsecount="0"/>
        <line num="66" count="4" type="cond" truecount="2" falsecount="0"/>
        <line num="71" count="4" type="cond" truecount="2" falsecount="0"/>
        <line num="72" count="1" type="stmt"/>
        <line num="73" count="1" type="stmt"/>
        <line num="74" count="1" type="stmt"/>
        <line num="75" count="1" type="stmt"/>
        <line num="76" count="1" type="stmt"/>
        <line num="77" count="3" type="cond" truecount="6" falsecount="0"/>
        <line num="78" count="1" type="stmt"/>
        <line num="82" count="2" type="stmt"/>
        <line num="85" count="3" type="stmt"/>
        <line num="86" count="3" type="stmt"/>
        <line num="87" count="3" type="stmt"/>
        <line num="88" count="3" type="stmt"/>
        <line num="90" count="3" type="stmt"/>
        <line num="91" count="3" type="stmt"/>
        <line num="94" count="2" type="stmt"/>
        <line num="95" count="2" type="stmt"/>
        <line num="96" count="2" type="stmt"/>
        <line num="97" count="14" type="stmt"/>
        <line num="98" count="14" type="stmt"/>
        <line num="102" count="2" type="stmt"/>
        <line num="111" count="2" type="stmt"/>
        <line num="113" count="1" type="stmt"/>
        <line num="117" count="4" type="stmt"/>
        <line num="119" count="4" type="cond" truecount="2" falsecount="0"/>
        <line num="120" count="4" type="cond" truecount="2" falsecount="0"/>
        <line num="121" count="4" type="cond" truecount="2" falsecount="0"/>
        <line num="127" count="4" type="cond" truecount="2" falsecount="0"/>
        <line num="128" count="1" type="stmt"/>
        <line num="129" count="1" type="stmt"/>
        <line num="130" count="1" type="stmt"/>
        <line num="131" count="3" type="cond" truecount="6" falsecount="0"/>
        <line num="132" count="1" type="stmt"/>
        <line num="136" count="2" type="stmt"/>
        <line num="137" count="2" type="stmt"/>
        <line num="140" count="3" type="stmt"/>
        <line num="141" count="3" type="stmt"/>
        <line num="144" count="3" type="stmt"/>
        <line num="145" count="3" type="stmt"/>
        <line num="147" count="3" type="stmt"/>
        <line num="150" count="2" type="stmt"/>
        <line num="151" count="2" type="stmt"/>
        <line num="152" count="2" type="stmt"/>
        <line num="153" count="62" type="stmt"/>
        <line num="159" count="2" type="stmt"/>
        <line num="169" count="2" type="stmt"/>
        <line num="171" count="1" type="stmt"/>
        <line num="177" count="3" type="stmt"/>
        <line num="178" count="3" type="stmt"/>
        <line num="179" count="3" type="stmt"/>
        <line num="180" count="3" type="cond" truecount="1" falsecount="1"/>
        <line num="181" count="0" type="stmt"/>
        <line num="182" count="3" type="stmt"/>
        <line num="186" count="1" type="stmt"/>
        <line num="187" count="1" type="stmt"/>
        <line num="190" count="1" type="cond" truecount="1" falsecount="1"/>
        <line num="192" count="1" type="stmt"/>
        <line num="194" count="1" type="stmt"/>
        <line num="196" count="1" type="stmt"/>
      </file>
      <file name="eventController.ts" path="/home/eno/calendarManagement/src/controllers/eventController.ts">
        <metrics statements="245" coveredstatements="216" conditionals="206" coveredconditionals="142" methods="39" coveredmethods="37"/>
        <line num="2" count="7" type="stmt"/>
        <line num="5" count="7" type="stmt"/>
        <line num="9" count="38" type="cond" truecount="0" falsecount="1"/>
        <line num="10" count="38" type="cond" truecount="0" falsecount="1"/>
        <line num="11" count="38" type="cond" truecount="2" falsecount="1"/>
        <line num="12" count="38" type="stmt"/>
        <line num="13" count="38" type="cond" truecount="1" falsecount="1"/>
        <line num="15" count="0" type="stmt"/>
        <line num="19" count="7" type="stmt"/>
        <line num="20" count="7" type="stmt"/>
        <line num="22" count="7" type="stmt"/>
        <line num="25" count="31" type="cond" truecount="5" falsecount="0"/>
        <line num="26" count="1" type="stmt"/>
        <line num="30" count="30" type="cond" truecount="2" falsecount="0"/>
        <line num="31" count="30" type="cond" truecount="2" falsecount="0"/>
        <line num="34" count="30" type="cond" truecount="2" falsecount="1"/>
        <line num="35" count="0" type="stmt"/>
        <line num="36" count="0" type="stmt"/>
        <line num="41" count="30" type="stmt"/>
        <line num="47" count="31" type="stmt"/>
        <line num="49" count="31" type="cond" truecount="1" falsecount="1"/>
        <line num="50" count="31" type="stmt"/>
        <line num="51" count="0" type="cond" truecount="0" falsecount="2"/>
        <line num="56" count="0" type="stmt"/>
        <line num="58" count="0" type="stmt"/>
        <line num="62" count="31" type="cond" truecount="1" falsecount="1"/>
        <line num="63" count="31" type="stmt"/>
        <line num="64" count="0" type="cond" truecount="0" falsecount="2"/>
        <line num="69" count="0" type="stmt"/>
        <line num="71" count="0" type="stmt"/>
        <line num="74" count="31" type="stmt"/>
        <line num="83" count="31" type="stmt"/>
        <line num="87" count="8" type="stmt"/>
        <line num="105" count="7" type="stmt"/>
        <line num="107" count="26" type="cond" truecount="1" falsecount="0"/>
        <line num="108" count="25" type="cond" truecount="1" falsecount="0"/>
        <line num="109" count="25" type="cond" truecount="1" falsecount="1"/>
        <line num="110" count="25" type="stmt"/>
        <line num="113" count="25" type="cond" truecount="3" falsecount="0"/>
        <line num="114" count="1" type="stmt"/>
        <line num="120" count="26" type="stmt"/>
        <line num="123" count="7" type="stmt"/>
        <line num="124" count="2" type="stmt"/>
        <line num="125" count="2" type="stmt"/>
        <line num="126" count="1" type="stmt"/>
        <line num="128" count="1" type="stmt"/>
        <line num="139" count="0" type="stmt"/>
        <line num="141" count="0" type="cond" truecount="0" falsecount="1"/>
        <line num="147" count="0" type="stmt"/>
        <line num="150" count="0" type="stmt"/>
        <line num="160" count="11" type="stmt"/>
        <line num="161" count="11" type="stmt"/>
        <line num="163" count="11" type="cond" truecount="1" falsecount="0"/>
        <line num="164" count="2" type="stmt"/>
        <line num="167" count="11" type="cond" truecount="1" falsecount="0"/>
        <line num="168" count="2" type="stmt"/>
        <line num="172" count="11" type="cond" truecount="4" falsecount="0"/>
        <line num="173" count="1" type="stmt"/>
        <line num="177" count="10" type="cond" truecount="1" falsecount="1"/>
        <line num="178" count="0" type="stmt"/>
        <line num="181" count="10" type="cond" truecount="0" falsecount="1"/>
        <line num="182" count="0" type="stmt"/>
        <line num="187" count="11" type="stmt"/>
        <line num="191" count="11" type="stmt"/>
        <line num="192" count="11" type="stmt"/>
        <line num="193" count="11" type="stmt"/>
        <line num="201" count="11" type="stmt"/>
        <line num="202" count="11" type="cond" truecount="0" falsecount="1"/>
        <line num="203" count="0" type="stmt"/>
        <line num="209" count="11" type="stmt"/>
        <line num="212" count="11" type="stmt"/>
        <line num="213" count="7" type="stmt"/>
        <line num="215" count="4" type="stmt"/>
        <line num="219" count="10" type="stmt"/>
        <line num="220" count="10" type="stmt"/>
        <line num="221" count="10" type="cond" truecount="3" falsecount="0"/>
        <line num="222" count="2" type="stmt"/>
        <line num="224" count="8" type="stmt"/>
        <line num="225" count="8" type="stmt"/>
        <line num="226" count="3" type="cond" truecount="1" falsecount="0"/>
        <line num="227" count="2" type="stmt"/>
        <line num="229" count="1" type="stmt"/>
        <line num="231" count="5" type="stmt"/>
        <line num="238" count="13" type="stmt"/>
        <line num="241" count="13" type="cond" truecount="4" falsecount="1"/>
        <line num="242" count="0" type="stmt"/>
        <line num="244" count="13" type="stmt"/>
        <line num="253" count="11" type="stmt"/>
        <line num="258" count="0" type="stmt"/>
        <line num="266" count="0" type="cond" truecount="0" falsecount="3"/>
        <line num="267" count="0" type="stmt"/>
        <line num="269" count="0" type="cond" truecount="0" falsecount="3"/>
        <line num="270" count="0" type="stmt"/>
        <line num="273" count="0" type="stmt"/>
        <line num="283" count="4" type="cond" truecount="2" falsecount="1"/>
        <line num="284" count="0" type="stmt"/>
        <line num="287" count="4" type="stmt"/>
        <line num="288" count="4" type="stmt"/>
        <line num="289" count="4" type="stmt"/>
        <line num="290" count="4" type="stmt"/>
        <line num="291" count="4" type="cond" truecount="1" falsecount="1"/>
        <line num="293" count="4" type="stmt"/>
        <line num="294" count="14" type="stmt"/>
        <line num="300" count="4" type="stmt"/>
        <line num="301" count="4" type="stmt"/>
        <line num="302" count="4" type="stmt"/>
        <line num="303" count="4" type="stmt"/>
        <line num="306" count="4" type="cond" truecount="2" falsecount="0"/>
        <line num="307" count="24" type="stmt"/>
        <line num="308" count="24" type="stmt"/>
        <line num="309" count="24" type="stmt"/>
        <line num="310" count="24" type="stmt"/>
        <line num="313" count="24" type="cond" truecount="1" falsecount="0"/>
        <line num="314" count="1" type="stmt"/>
        <line num="318" count="87" type="cond" truecount="2" falsecount="0"/>
        <line num="320" count="23" type="cond" truecount="1" falsecount="0"/>
        <line num="321" count="9" type="stmt"/>
        <line num="329" count="4" type="cond" truecount="1" falsecount="0"/>
        <line num="330" count="1" type="stmt"/>
        <line num="331" count="1" type="stmt"/>
        <line num="332" count="1" type="stmt"/>
        <line num="333" count="1" type="stmt"/>
        <line num="334" count="1" type="stmt"/>
        <line num="338" count="1" type="cond" truecount="2" falsecount="0"/>
        <line num="339" count="3" type="stmt"/>
        <line num="340" count="3" type="stmt"/>
        <line num="341" count="3" type="stmt"/>
        <line num="342" count="3" type="stmt"/>
        <line num="344" count="3" type="cond" truecount="0" falsecount="1"/>
        <line num="346" count="0" type="stmt"/>
        <line num="352" count="3" type="stmt"/>
        <line num="359" count="4" type="stmt"/>
        <line num="365" count="60" type="cond" truecount="4" falsecount="0"/>
        <line num="366" count="9" type="stmt"/>
        <line num="371" count="51" type="stmt"/>
        <line num="376" count="51" type="stmt"/>
        <line num="388" count="51" type="stmt"/>
        <line num="390" count="51" type="cond" truecount="4" falsecount="0"/>
        <line num="392" count="4" type="cond" truecount="1" falsecount="0"/>
        <line num="393" count="1" type="stmt"/>
        <line num="401" count="3" type="stmt"/>
        <line num="409" count="47" type="stmt"/>
        <line num="418" count="47" type="cond" truecount="4" falsecount="0"/>
        <line num="419" count="5" type="stmt"/>
        <line num="424" count="42" type="stmt"/>
        <line num="433" count="42" type="cond" truecount="1" falsecount="0"/>
        <line num="440" count="7" type="stmt"/>
        <line num="445" count="35" type="stmt"/>
        <line num="454" count="35" type="cond" truecount="1" falsecount="0"/>
        <line num="458" count="4" type="stmt"/>
        <line num="463" count="31" type="stmt"/>
        <line num="467" count="7" type="stmt"/>
        <line num="472" count="60" type="stmt"/>
        <line num="473" count="60" type="cond" truecount="1" falsecount="0"/>
        <line num="476" count="51" type="stmt"/>
        <line num="479" count="51" type="stmt"/>
        <line num="480" count="51" type="cond" truecount="1" falsecount="0"/>
        <line num="483" count="47" type="stmt"/>
        <line num="484" count="47" type="cond" truecount="1" falsecount="0"/>
        <line num="486" count="42" type="stmt"/>
        <line num="487" count="42" type="cond" truecount="1" falsecount="0"/>
        <line num="489" count="35" type="stmt"/>
        <line num="490" count="35" type="cond" truecount="1" falsecount="0"/>
        <line num="493" count="31" type="stmt"/>
        <line num="499" count="48" type="stmt"/>
        <line num="504" count="32" type="stmt"/>
        <line num="509" count="26" type="stmt"/>
        <line num="510" count="26" type="stmt"/>
        <line num="515" count="14" type="cond" truecount="1" falsecount="3"/>
        <line num="516" count="0" type="stmt"/>
        <line num="517" count="0" type="stmt"/>
        <line num="518" count="0" type="stmt"/>
        <line num="519" count="0" type="stmt"/>
        <line num="524" count="7" type="stmt"/>
        <line num="529" count="8" type="stmt"/>
        <line num="532" count="8" type="cond" truecount="1" falsecount="0"/>
        <line num="533" count="5" type="stmt"/>
        <line num="534" count="5" type="stmt"/>
        <line num="536" count="5" type="cond" truecount="3" falsecount="0"/>
        <line num="537" count="5" type="stmt"/>
        <line num="538" count="5" type="stmt"/>
        <line num="539" count="5" type="stmt"/>
        <line num="540" count="5" type="stmt"/>
        <line num="541" count="5" type="stmt"/>
        <line num="542" count="5" type="stmt"/>
        <line num="545" count="8" type="stmt"/>
        <line num="549" count="7" type="stmt"/>
        <line num="555" count="4" type="stmt"/>
        <line num="560" count="21" type="stmt"/>
        <line num="561" count="21" type="stmt"/>
        <line num="563" count="21" type="cond" truecount="1" falsecount="0"/>
        <line num="564" count="1" type="stmt"/>
        <line num="570" count="20" type="stmt"/>
        <line num="571" count="20" type="cond" truecount="1" falsecount="0"/>
        <line num="572" count="6" type="stmt"/>
        <line num="578" count="14" type="stmt"/>
        <line num="580" count="14" type="cond" truecount="2" falsecount="0"/>
        <line num="582" count="14" type="cond" truecount="4" falsecount="0"/>
        <line num="584" count="14" type="stmt"/>
        <line num="586" count="14" type="stmt"/>
        <line num="594" count="14" type="cond" truecount="1" falsecount="0"/>
        <line num="595" count="13" type="stmt"/>
        <line num="596" count="11" type="cond" truecount="1" falsecount="0"/>
        <line num="598" count="4" type="stmt"/>
        <line num="610" count="4" type="stmt"/>
        <line num="612" count="14" type="stmt"/>
        <line num="614" count="4" type="stmt"/>
        <line num="622" count="8" type="stmt"/>
        <line num="625" count="3" type="stmt"/>
        <line num="627" count="3" type="stmt"/>
        <line num="631" count="3" type="stmt"/>
        <line num="633" count="7" type="stmt"/>
        <line num="637" count="15" type="stmt"/>
        <line num="638" count="15" type="stmt"/>
        <line num="639" count="15" type="cond" truecount="3" falsecount="0"/>
        <line num="640" count="1" type="stmt"/>
        <line num="642" count="14" type="stmt"/>
        <line num="644" count="14" type="cond" truecount="1" falsecount="0"/>
        <line num="645" count="2" type="stmt"/>
        <line num="651" count="12" type="stmt"/>
        <line num="652" count="11" type="cond" truecount="1" falsecount="0"/>
        <line num="653" count="2" type="stmt"/>
        <line num="656" count="9" type="stmt"/>
        <line num="657" count="9" type="cond" truecount="1" falsecount="0"/>
        <line num="658" count="4" type="stmt"/>
        <line num="664" count="5" type="cond" truecount="2" falsecount="0"/>
        <line num="666" count="5" type="cond" truecount="4" falsecount="0"/>
        <line num="668" count="5" type="stmt"/>
        <line num="669" count="5" type="stmt"/>
        <line num="678" count="5" type="stmt"/>
        <line num="683" count="3" type="stmt"/>
        <line num="685" count="3" type="stmt"/>
        <line num="686" count="3" type="stmt"/>
        <line num="688" count="3" type="stmt"/>
        <line num="692" count="11" type="stmt"/>
        <line num="693" count="11" type="stmt"/>
        <line num="694" count="11" type="cond" truecount="3" falsecount="0"/>
        <line num="695" count="1" type="stmt"/>
        <line num="697" count="10" type="stmt"/>
        <line num="698" count="10" type="stmt"/>
        <line num="699" count="8" type="cond" truecount="1" falsecount="0"/>
        <line num="700" count="3" type="stmt"/>
        <line num="702" count="5" type="stmt"/>
        <line num="703" count="3" type="stmt"/>
        <line num="705" count="4" type="stmt"/>
      </file>
    </package>
    <package name="src.middleware">
      <metrics statements="77" coveredstatements="76" conditionals="56" coveredconditionals="54" methods="15" coveredmethods="15"/>
      <file name="authorizationApi.ts" path="/home/eno/calendarManagement/src/middleware/authorizationApi.ts">
        <metrics statements="46" coveredstatements="45" conditionals="39" coveredconditionals="37" methods="9" coveredmethods="9"/>
        <line num="1" count="4" type="stmt"/>
        <line num="11" count="4" type="cond" truecount="3" falsecount="1"/>
        <line num="15" count="23" type="cond" truecount="8" falsecount="0"/>
        <line num="20" count="21" type="cond" truecount="1" falsecount="0"/>
        <line num="21" count="13" type="cond" truecount="1" falsecount="0"/>
        <line num="22" count="2" type="stmt"/>
        <line num="27" count="11" type="cond" truecount="1" falsecount="0"/>
        <line num="28" count="2" type="stmt"/>
        <line num="33" count="9" type="stmt"/>
        <line num="45" count="9" type="cond" truecount="3" falsecount="0"/>
        <line num="46" count="5" type="stmt"/>
        <line num="49" count="4" type="stmt"/>
        <line num="50" count="4" type="stmt"/>
        <line num="51" count="1" type="cond" truecount="4" falsecount="0"/>
        <line num="52" count="1" type="stmt"/>
        <line num="54" count="0" type="stmt"/>
        <line num="60" count="3" type="cond" truecount="3" falsecount="0"/>
        <line num="61" count="1" type="stmt"/>
        <line num="66" count="2" type="cond" truecount="3" falsecount="0"/>
        <line num="67" count="1" type="stmt"/>
        <line num="73" count="1" type="stmt"/>
        <line num="90" count="21" type="stmt"/>
        <line num="91" count="21" type="cond" truecount="1" falsecount="0"/>
        <line num="94" count="9" type="stmt"/>
        <line num="95" count="9" type="cond" truecount="1" falsecount="0"/>
        <line num="97" count="5" type="stmt"/>
        <line num="108" count="5" type="stmt"/>
        <line num="109" count="5" type="stmt"/>
        <line num="110" count="2" type="stmt"/>
        <line num="112" count="3" type="cond" truecount="1" falsecount="0"/>
        <line num="113" count="2" type="cond" truecount="1" falsecount="0"/>
        <line num="114" count="1" type="stmt"/>
        <line num="116" count="1" type="cond" truecount="1" falsecount="0"/>
        <line num="117" count="1" type="stmt"/>
        <line num="121" count="1" type="stmt"/>
        <line num="126" count="4" type="stmt"/>
        <line num="127" count="36" type="cond" truecount="3" falsecount="1"/>
        <line num="128" count="36" type="stmt"/>
        <line num="130" count="23" type="stmt"/>
        <line num="131" count="23" type="cond" truecount="1" falsecount="0"/>
        <line num="132" count="2" type="stmt"/>
        <line num="136" count="21" type="stmt"/>
        <line num="137" count="21" type="stmt"/>
        <line num="138" count="21" type="cond" truecount="1" falsecount="0"/>
        <line num="140" count="5" type="stmt"/>
        <line num="146" count="2" type="stmt"/>
      </file>
      <file name="errorHandler.ts" path="/home/eno/calendarManagement/src/middleware/errorHandler.ts">
        <metrics statements="5" coveredstatements="5" conditionals="13" coveredconditionals="13" methods="1" coveredmethods="1"/>
        <line num="3" count="1" type="stmt"/>
        <line num="4" count="4" type="cond" truecount="1" falsecount="0"/>
        <line num="5" count="1" type="stmt"/>
        <line num="7" count="3" type="cond" truecount="4" falsecount="0"/>
        <line num="8" count="3" type="stmt"/>
      </file>
      <file name="loadEvent.ts" path="/home/eno/calendarManagement/src/middleware/loadEvent.ts">
        <metrics statements="12" coveredstatements="12" conditionals="2" coveredconditionals="2" methods="1" coveredmethods="1"/>
        <line num="2" count="1" type="stmt"/>
        <line num="8" count="1" type="stmt"/>
        <line num="9" count="4" type="stmt"/>
        <line num="10" count="4" type="cond" truecount="1" falsecount="0"/>
        <line num="11" count="1" type="stmt"/>
        <line num="13" count="3" type="stmt"/>
        <line num="14" count="3" type="stmt"/>
        <line num="15" count="2" type="cond" truecount="1" falsecount="0"/>
        <line num="16" count="1" type="stmt"/>
        <line num="18" count="1" type="stmt"/>
        <line num="19" count="1" type="stmt"/>
        <line num="21" count="1" type="stmt"/>
      </file>
      <file name="validation.ts" path="/home/eno/calendarManagement/src/middleware/validation.ts">
        <metrics statements="14" coveredstatements="14" conditionals="2" coveredconditionals="2" methods="4" coveredmethods="4"/>
        <line num="4" count="1" type="stmt"/>
        <line num="5" count="3" type="stmt"/>
        <line num="6" count="3" type="stmt"/>
        <line num="7" count="3" type="cond" truecount="1" falsecount="0"/>
        <line num="8" count="2" type="stmt"/>
        <line num="13" count="1" type="stmt"/>
        <line num="14" count="1" type="stmt"/>
        <line num="18" count="1" type="stmt"/>
        <line num="19" count="3" type="stmt"/>
        <line num="20" count="3" type="stmt"/>
        <line num="21" count="3" type="cond" truecount="1" falsecount="0"/>
        <line num="22" count="1" type="stmt"/>
        <line num="27" count="2" type="stmt"/>
        <line num="28" count="2" type="stmt"/>
      </file>
    </package>
    <package name="src.routes">
      <metrics statements="17" coveredstatements="17" conditionals="0" coveredconditionals="0" methods="0" coveredmethods="0"/>
      <file name="eventRoutes.ts" path="/home/eno/calendarManagement/src/routes/eventRoutes.ts">
        <metrics statements="17" coveredstatements="17" conditionals="0" coveredconditionals="0" methods="0" coveredmethods="0"/>
        <line num="1" count="2" type="stmt"/>
        <line num="2" count="2" type="stmt"/>
        <line num="10" count="2" type="stmt"/>
        <line num="11" count="2" type="stmt"/>
        <line num="23" count="2" type="stmt"/>
        <line num="25" count="2" type="stmt"/>
        <line num="111" count="2" type="stmt"/>
        <line num="131" count="2" type="stmt"/>
        <line num="157" count="2" type="stmt"/>
        <line num="243" count="2" type="stmt"/>
        <line num="244" count="2" type="stmt"/>
        <line num="335" count="2" type="stmt"/>
        <line num="357" count="2" type="stmt"/>
        <line num="450" count="2" type="stmt"/>
        <line num="572" count="2" type="stmt"/>
        <line num="703" count="2" type="stmt"/>
        <line num="709" count="2" type="stmt"/>
      </file>
    </package>
    <package name="src.utils">
      <metrics statements="55" coveredstatements="55" conditionals="34" coveredconditionals="31" methods="9" coveredmethods="9"/>
      <file name="dateFormatHelper.ts" path="/home/eno/calendarManagement/src/utils/dateFormatHelper.ts">
        <metrics statements="24" coveredstatements="24" conditionals="22" coveredconditionals="22" methods="1" coveredmethods="1"/>
        <line num="11" count="8" type="stmt"/>
        <line num="15" count="27" type="stmt"/>
        <line num="16" count="27" type="stmt"/>
        <line num="19" count="27" type="cond" truecount="3" falsecount="0"/>
        <line num="20" count="1" type="stmt"/>
        <line num="21" count="1" type="stmt"/>
        <line num="22" count="1" type="stmt"/>
        <line num="24" count="27" type="cond" truecount="3" falsecount="0"/>
        <line num="25" count="1" type="stmt"/>
        <line num="26" count="1" type="stmt"/>
        <line num="27" count="1" type="stmt"/>
        <line num="32" count="27" type="cond" truecount="4" falsecount="0"/>
        <line num="33" count="1" type="stmt"/>
        <line num="35" count="1" type="stmt"/>
        <line num="36" count="1" type="stmt"/>
        <line num="38" count="27" type="cond" truecount="4" falsecount="0"/>
        <line num="39" count="1" type="stmt"/>
        <line num="41" count="1" type="stmt"/>
        <line num="42" count="1" type="stmt"/>
        <line num="46" count="27" type="cond" truecount="4" falsecount="0"/>
        <line num="47" count="7" type="stmt"/>
        <line num="49" count="27" type="cond" truecount="4" falsecount="0"/>
        <line num="50" count="6" type="stmt"/>
        <line num="54" count="27" type="stmt"/>
      </file>
      <file name="dateUtils.ts" path="/home/eno/calendarManagement/src/utils/dateUtils.ts">
        <metrics statements="31" coveredstatements="31" conditionals="12" coveredconditionals="9" methods="8" coveredmethods="8"/>
        <line num="6" count="8" type="stmt"/>
        <line num="7" count="3" type="cond" truecount="2" falsecount="0"/>
        <line num="8" count="3" type="stmt"/>
        <line num="21" count="8" type="stmt"/>
        <line num="29" count="3" type="stmt"/>
        <line num="39" count="8" type="stmt"/>
        <line num="40" count="2" type="stmt"/>
        <line num="50" count="8" type="stmt"/>
        <line num="51" count="2" type="stmt"/>
        <line num="59" count="8" type="stmt"/>
        <line num="60" count="4" type="stmt"/>
        <line num="61" count="4" type="stmt"/>
        <line num="69" count="8" type="stmt"/>
        <line num="70" count="67" type="stmt"/>
        <line num="78" count="8" type="stmt"/>
        <line num="79" count="67" type="stmt"/>
        <line num="89" count="8" type="cond" truecount="1" falsecount="0"/>
        <line num="90" count="39" type="cond" truecount="1" falsecount="0"/>
        <line num="93" count="37" type="stmt"/>
        <line num="96" count="37" type="cond" truecount="3" falsecount="0"/>
        <line num="97" count="2" type="stmt"/>
        <line num="100" count="35" type="stmt"/>
        <line num="102" count="35" type="cond" truecount="1" falsecount="0"/>
        <line num="103" count="33" type="stmt"/>
        <line num="104" count="33" type="stmt"/>
        <line num="105" count="32" type="stmt"/>
        <line num="108" count="34" type="cond" truecount="1" falsecount="0"/>
        <line num="109" count="32" type="stmt"/>
        <line num="110" count="32" type="stmt"/>
        <line num="111" count="32" type="stmt"/>
        <line num="114" count="34" type="stmt"/>
      </file>
    </package>
    <package name="src.validation">
      <metrics statements="23" coveredstatements="19" conditionals="19" coveredconditionals="17" methods="7" coveredmethods="7"/>
      <file name="eventSchemas.ts" path="/home/eno/calendarManagement/src/validation/eventSchemas.ts">
        <metrics statements="23" coveredstatements="19" conditionals="19" coveredconditionals="17" methods="7" coveredmethods="7"/>
        <line num="1" count="8" type="stmt"/>
        <line num="3" count="8" type="stmt"/>
        <line num="19" count="3" type="stmt"/>
        <line num="22" count="3" type="stmt"/>
        <line num="27" count="8" type="stmt"/>
        <line num="30" count="3" type="cond" truecount="4" falsecount="0"/>
        <line num="31" count="3" type="cond" truecount="3" falsecount="0"/>
        <line num="32" count="3" type="cond" truecount="4" falsecount="0"/>
        <line num="39" count="8" type="stmt"/>
        <line num="41" count="8" type="stmt"/>
        <line num="45" count="8" type="stmt"/>
        <line num="49" count="12" type="cond" truecount="2" falsecount="0"/>
        <line num="53" count="12" type="cond" truecount="1" falsecount="0"/>
        <line num="54" count="2" type="cond" truecount="0" falsecount="1"/>
        <line num="55" count="0" type="stmt"/>
        <line num="56" count="0" type="stmt"/>
        <line num="58" count="2" type="stmt"/>
        <line num="63" count="12" type="cond" truecount="2" falsecount="0"/>
        <line num="67" count="12" type="cond" truecount="1" falsecount="0"/>
        <line num="68" count="2" type="cond" truecount="0" falsecount="1"/>
        <line num="69" count="0" type="stmt"/>
        <line num="70" count="0" type="stmt"/>
        <line num="72" count="2" type="stmt"/>
      </file>
    </package>
  </project>
</coverage>
