{"/home/eno/calendarManagement/src/app.ts": {"path":"/home/eno/calendarManagement/src/app.ts","statementMap":{"0":{"start":{"line":1,"column":0},"end":{"line":1,"column":30}},"1":{"start":{"line":2,"column":0},"end":{"line":2,"column":24}},"2":{"start":{"line":3,"column":0},"end":{"line":3,"column":28}},"3":{"start":{"line":4,"column":0},"end":{"line":4,"column":28}},"4":{"start":{"line":5,"column":0},"end":{"line":5,"column":43}},"5":{"start":{"line":6,"column":0},"end":{"line":6,"column":41}},"6":{"start":{"line":7,"column":0},"end":{"line":7,"column":26}},"7":{"start":{"line":8,"column":0},"end":{"line":8,"column":47}},"8":{"start":{"line":11,"column":0},"end":{"line":11,"column":16}},"9":{"start":{"line":13,"column":12},"end":{"line":13,"column":21}},"10":{"start":{"line":14,"column":0},"end":{"line":14,"column":24}},"11":{"start":{"line":17,"column":0},"end":{"line":23,"column":2}},"12":{"start":{"line":26,"column":0},"end":{"line":39,"column":2}},"13":{"start":{"line":42,"column":23},"end":{"line":94,"column":2}},"14":{"start":{"line":97,"column":20},"end":{"line":97,"column":48}},"15":{"start":{"line":100,"column":25},"end":{"line":108,"column":2}},"16":{"start":{"line":111,"column":0},"end":{"line":111,"column":86}},"17":{"start":{"line":114,"column":0},"end":{"line":208,"column":3}},"18":{"start":{"line":115,"column":2},"end":{"line":207,"column":5}},"19":{"start":{"line":211,"column":0},"end":{"line":211,"column":26}},"20":{"start":{"line":214,"column":0},"end":{"line":216,"column":3}},"21":{"start":{"line":215,"column":2},"end":{"line":215,"column":41}},"22":{"start":{"line":218,"column":0},"end":{"line":218,"column":19}}},"fnMap":{"0":{"name":"(anonymous_1)","decl":{"start":{"line":114,"column":13},"end":{"line":114,"column":14}},"loc":{"start":{"line":114,"column":26},"end":{"line":208,"column":1}}},"1":{"name":"(anonymous_2)","decl":{"start":{"line":214,"column":19},"end":{"line":214,"column":20}},"loc":{"start":{"line":214,"column":32},"end":{"line":216,"column":1}}}},"branchMap":{"0":{"loc":{"start":{"line":19,"column":12},"end":{"line":19,"column":42}},"type":"cond-expr","locations":[{"start":{"line":19,"column":35},"end":{"line":19,"column":39}},{"start":{"line":19,"column":39},"end":{"line":19,"column":42}}]},"1":{"loc":{"start":{"line":19,"column":12},"end":{"line":19,"column":39}},"type":"binary-expr","locations":[{"start":{"line":19,"column":12},"end":{"line":19,"column":39}},{"start":{"line":19,"column":35},"end":{"line":19,"column":39}}]},"2":{"loc":{"start":{"line":46,"column":13},"end":{"line":46,"column":63}},"type":"cond-expr","locations":[{"start":{"line":46,"column":34},"end":{"line":46,"column":38}},{"start":{"line":46,"column":38},"end":{"line":46,"column":63}}]},"3":{"loc":{"start":{"line":46,"column":13},"end":{"line":46,"column":38}},"type":"binary-expr","locations":[{"start":{"line":46,"column":13},"end":{"line":46,"column":38}},{"start":{"line":46,"column":34},"end":{"line":46,"column":38}}]},"4":{"loc":{"start":{"line":47,"column":15},"end":{"line":47,"column":49}},"type":"cond-expr","locations":[{"start":{"line":47,"column":38},"end":{"line":47,"column":42}},{"start":{"line":47,"column":42},"end":{"line":47,"column":49}}]},"5":{"loc":{"start":{"line":47,"column":15},"end":{"line":47,"column":42}},"type":"binary-expr","locations":[{"start":{"line":47,"column":15},"end":{"line":47,"column":42}},{"start":{"line":47,"column":38},"end":{"line":47,"column":42}}]},"6":{"loc":{"start":{"line":119,"column":17},"end":{"line":119,"column":67}},"type":"cond-expr","locations":[{"start":{"line":119,"column":38},"end":{"line":119,"column":42}},{"start":{"line":119,"column":42},"end":{"line":119,"column":67}}]},"7":{"loc":{"start":{"line":119,"column":17},"end":{"line":119,"column":42}},"type":"binary-expr","locations":[{"start":{"line":119,"column":17},"end":{"line":119,"column":42}},{"start":{"line":119,"column":38},"end":{"line":119,"column":42}}]},"8":{"loc":{"start":{"line":195,"column":18},"end":{"line":195,"column":68}},"type":"cond-expr","locations":[{"start":{"line":195,"column":39},"end":{"line":195,"column":43}},{"start":{"line":195,"column":43},"end":{"line":195,"column":68}}]},"9":{"loc":{"start":{"line":195,"column":18},"end":{"line":195,"column":43}},"type":"binary-expr","locations":[{"start":{"line":195,"column":18},"end":{"line":195,"column":43}},{"start":{"line":195,"column":39},"end":{"line":195,"column":43}}]},"10":{"loc":{"start":{"line":202,"column":26},"end":{"line":202,"column":60}},"type":"cond-expr","locations":[{"start":{"line":202,"column":49},"end":{"line":202,"column":53}},{"start":{"line":202,"column":53},"end":{"line":202,"column":60}}]},"11":{"loc":{"start":{"line":202,"column":26},"end":{"line":202,"column":53}},"type":"binary-expr","locations":[{"start":{"line":202,"column":26},"end":{"line":202,"column":53}},{"start":{"line":202,"column":49},"end":{"line":202,"column":53}}]}},"s":{"0":2,"1":2,"2":2,"3":2,"4":2,"5":2,"6":2,"7":2,"8":2,"9":2,"10":2,"11":2,"12":2,"13":2,"14":2,"15":2,"16":2,"17":2,"18":1,"19":2,"20":2,"21":2,"22":2},"f":{"0":1,"1":2},"b":{"0":[0,2],"1":[2,2],"2":[0,2],"3":[2,2],"4":[0,2],"5":[2,2],"6":[0,1],"7":[1,1],"8":[0,1],"9":[1,1],"10":[0,1],"11":[1,1]}}
,"/home/eno/calendarManagement/src/loadEnv.ts": {"path":"/home/eno/calendarManagement/src/loadEnv.ts","statementMap":{"0":{"start":{"line":2,"column":0},"end":{"line":2,"column":28}},"1":{"start":{"line":5,"column":0},"end":{"line":5,"column":16}},"2":{"start":{"line":8,"column":0},"end":{"line":8,"column":22}}},"fnMap":{},"branchMap":{},"s":{"0":1,"1":1,"2":1},"f":{},"b":{}}
,"/home/eno/calendarManagement/src/prisma.ts": {"path":"/home/eno/calendarManagement/src/prisma.ts","statementMap":{"0":{"start":{"line":1,"column":0},"end":{"line":1,"column":46}},"1":{"start":{"line":2,"column":0},"end":{"line":2,"column":33}},"2":{"start":{"line":6,"column":2},"end":{"line":6,"column":92}},"3":{"start":{"line":9,"column":0},"end":{"line":37,"column":1}},"4":{"start":{"line":11,"column":2},"end":{"line":13,"column":3}},"5":{"start":{"line":12,"column":4},"end":{"line":12,"column":20}},"6":{"start":{"line":16,"column":27},"end":{"line":16,"column":97}},"7":{"start":{"line":19,"column":2},"end":{"line":23,"column":3}},"8":{"start":{"line":20,"column":4},"end":{"line":22,"column":6}},"9":{"start":{"line":27,"column":23},"end":{"line":27,"column":77}},"10":{"start":{"line":30,"column":2},"end":{"line":36,"column":3}},"11":{"start":{"line":31,"column":4},"end":{"line":35,"column":5}},"12":{"start":{"line":32,"column":6},"end":{"line":34,"column":8}},"13":{"start":{"line":40,"column":20},"end":{"line":40,"column":57}},"14":{"start":{"line":45,"column":27},"end":{"line":74,"column":1}},"15":{"start":{"line":47,"column":2},"end":{"line":50,"column":3}},"16":{"start":{"line":49,"column":4},"end":{"line":49,"column":30}},"17":{"start":{"line":53,"column":27},"end":{"line":53,"column":97}},"18":{"start":{"line":56,"column":2},"end":{"line":62,"column":3}},"19":{"start":{"line":58,"column":4},"end":{"line":61,"column":33}},"20":{"start":{"line":59,"column":22},"end":{"line":59,"column":39}},"21":{"start":{"line":60,"column":25},"end":{"line":60,"column":42}},"22":{"start":{"line":65,"column":2},"end":{"line":73,"column":3}},"23":{"start":{"line":66,"column":4},"end":{"line":68,"column":7}},"24":{"start":{"line":70,"column":4},"end":{"line":72,"column":6}},"25":{"start":{"line":77,"column":15},"end":{"line":77,"column":35}},"26":{"start":{"line":80,"column":13},"end":{"line":88,"column":2}},"27":{"start":{"line":84,"column":5},"end":{"line":84,"column":48}},"28":{"start":{"line":85,"column":4},"end":{"line":85,"column":22}},"29":{"start":{"line":87,"column":19},"end":{"line":87,"column":null}},"30":{"start":{"line":92,"column":2},"end":{"line":92,"column":87}},"31":{"start":{"line":94,"column":0},"end":{"line":94,"column":28}}},"fnMap":{"0":{"name":"(anonymous_9)","decl":{"start":{"line":45,"column":27},"end":{"line":45,"column":44}},"loc":{"start":{"line":45,"column":46},"end":{"line":74,"column":1}}},"1":{"name":"(anonymous_10)","decl":{"start":{"line":59,"column":16},"end":{"line":59,"column":19}},"loc":{"start":{"line":59,"column":22},"end":{"line":59,"column":39}}},"2":{"name":"(anonymous_11)","decl":{"start":{"line":60,"column":19},"end":{"line":60,"column":22}},"loc":{"start":{"line":60,"column":25},"end":{"line":60,"column":42}}},"3":{"name":"(anonymous_12)","decl":{"start":{"line":81,"column":17},"end":{"line":81,"column":18}},"loc":{"start":{"line":81,"column":46},"end":{"line":86,"column":3}}},"4":{"name":"(anonymous_13)","decl":{"start":{"line":87,"column":13},"end":{"line":87,"column":16}},"loc":{"start":{"line":87,"column":18},"end":{"line":87,"column":null}}}},"branchMap":{"0":{"loc":{"start":{"line":6,"column":2},"end":{"line":6,"column":92}},"type":"binary-expr","locations":[{"start":{"line":6,"column":2},"end":{"line":6,"column":33}},{"start":{"line":6,"column":37},"end":{"line":6,"column":91}}]},"1":{"loc":{"start":{"line":6,"column":37},"end":{"line":6,"column":91}},"type":"cond-expr","locations":[{"start":{"line":6,"column":54},"end":{"line":6,"column":56}},{"start":{"line":6,"column":54},"end":{"line":6,"column":91}}]},"2":{"loc":{"start":{"line":6,"column":37},"end":{"line":6,"column":56}},"type":"binary-expr","locations":[{"start":{"line":6,"column":37},"end":{"line":6,"column":56}},{"start":{"line":6,"column":54},"end":{"line":6,"column":56}}]},"3":{"loc":{"start":{"line":9,"column":0},"end":{"line":37,"column":1}},"type":"if","locations":[{"start":{"line":9,"column":0},"end":{"line":37,"column":1}}]},"4":{"loc":{"start":{"line":11,"column":2},"end":{"line":13,"column":3}},"type":"if","locations":[{"start":{"line":11,"column":2},"end":{"line":13,"column":3}}]},"5":{"loc":{"start":{"line":16,"column":27},"end":{"line":16,"column":97}},"type":"binary-expr","locations":[{"start":{"line":16,"column":27},"end":{"line":16,"column":68}},{"start":{"line":16,"column":72},"end":{"line":16,"column":97}}]},"6":{"loc":{"start":{"line":19,"column":2},"end":{"line":23,"column":3}},"type":"if","locations":[{"start":{"line":19,"column":2},"end":{"line":23,"column":3}}]},"7":{"loc":{"start":{"line":19,"column":6},"end":{"line":19,"column":52}},"type":"binary-expr","locations":[{"start":{"line":19,"column":6},"end":{"line":19,"column":31}},{"start":{"line":19,"column":35},"end":{"line":19,"column":52}}]},"8":{"loc":{"start":{"line":30,"column":2},"end":{"line":36,"column":3}},"type":"if","locations":[{"start":{"line":30,"column":2},"end":{"line":36,"column":3}}]},"9":{"loc":{"start":{"line":30,"column":6},"end":{"line":30,"column":51}},"type":"binary-expr","locations":[{"start":{"line":30,"column":6},"end":{"line":30,"column":30}},{"start":{"line":30,"column":34},"end":{"line":30,"column":51}}]},"10":{"loc":{"start":{"line":31,"column":4},"end":{"line":35,"column":5}},"type":"if","locations":[{"start":{"line":31,"column":4},"end":{"line":35,"column":5}}]},"11":{"loc":{"start":{"line":40,"column":20},"end":{"line":40,"column":57}},"type":"cond-expr","locations":[{"start":{"line":40,"column":40},"end":{"line":40,"column":44}},{"start":{"line":40,"column":44},"end":{"line":40,"column":57}}]},"12":{"loc":{"start":{"line":40,"column":20},"end":{"line":40,"column":44}},"type":"binary-expr","locations":[{"start":{"line":40,"column":20},"end":{"line":40,"column":44}},{"start":{"line":40,"column":40},"end":{"line":40,"column":44}}]},"13":{"loc":{"start":{"line":47,"column":2},"end":{"line":50,"column":3}},"type":"if","locations":[{"start":{"line":47,"column":2},"end":{"line":50,"column":3}}]},"14":{"loc":{"start":{"line":53,"column":27},"end":{"line":53,"column":97}},"type":"binary-expr","locations":[{"start":{"line":53,"column":27},"end":{"line":53,"column":68}},{"start":{"line":53,"column":72},"end":{"line":53,"column":97}}]},"15":{"loc":{"start":{"line":56,"column":2},"end":{"line":62,"column":3}},"type":"if","locations":[{"start":{"line":56,"column":2},"end":{"line":62,"column":3}}]},"16":{"loc":{"start":{"line":67,"column":11},"end":{"line":67,"column":81}},"type":"cond-expr","locations":[{"start":{"line":67,"column":43},"end":{"line":67,"column":69}},{"start":{"line":67,"column":72},"end":{"line":67,"column":81}}]},"17":{"loc":{"start":{"line":87,"column":19},"end":{"line":87,"column":59}},"type":"cond-expr","locations":[{"start":{"line":87,"column":49},"end":{"line":87,"column":53}},{"start":{"line":87,"column":53},"end":{"line":87,"column":59}}]},"18":{"loc":{"start":{"line":87,"column":19},"end":{"line":87,"column":53}},"type":"binary-expr","locations":[{"start":{"line":87,"column":19},"end":{"line":87,"column":53}},{"start":{"line":87,"column":49},"end":{"line":87,"column":53}}]},"19":{"loc":{"start":{"line":92,"column":2},"end":{"line":92,"column":87}},"type":"cond-expr","locations":[{"start":{"line":92,"column":37},"end":{"line":92,"column":77}},{"start":{"line":92,"column":81},"end":{"line":92,"column":87}}]},"20":{"loc":{"start":{"line":92,"column":37},"end":{"line":92,"column":77}},"type":"cond-expr","locations":[{"start":{"line":92,"column":67},"end":{"line":92,"column":71}},{"start":{"line":92,"column":71},"end":{"line":92,"column":77}}]},"21":{"loc":{"start":{"line":92,"column":37},"end":{"line":92,"column":71}},"type":"binary-expr","locations":[{"start":{"line":92,"column":37},"end":{"line":92,"column":71}},{"start":{"line":92,"column":67},"end":{"line":92,"column":71}}]}},"s":{"0":13,"1":13,"2":13,"3":13,"4":9,"5":4,"6":9,"7":9,"8":0,"9":9,"10":9,"11":1,"12":0,"13":13,"14":13,"15":13,"16":4,"17":9,"18":9,"19":8,"20":3,"21":3,"22":1,"23":1,"24":0,"25":13,"26":13,"27":1,"28":1,"29":2,"30":13,"31":13},"f":{"0":13,"1":3,"2":3,"3":1,"4":2},"b":{"0":[13,10],"1":[0,10],"2":[10,10],"3":[9],"4":[4],"5":[9,1],"6":[0],"7":[9,4],"8":[1],"9":[9,5],"10":[0],"11":[13,0],"12":[13,13],"13":[4],"14":[9,1],"15":[8],"16":[1,0],"17":[1,1],"18":[2,2],"19":[10,3],"20":[1,9],"21":[10,10]}}
,"/home/eno/calendarManagement/src/controllers/calendarViewController.ts": {"path":"/home/eno/calendarManagement/src/controllers/calendarViewController.ts","statementMap":{"0":{"start":{"line":2,"column":0},"end":{"line":2,"column":31}},"1":{"start":{"line":7,"column":2},"end":{"line":7,"column":80}},"2":{"start":{"line":12,"column":4},"end":{"line":19,"column":10}},"3":{"start":{"line":20,"column":23},"end":{"line":23,"column":4}},"4":{"start":{"line":24,"column":2},"end":{"line":24,"column":38}},"5":{"start":{"line":29,"column":2},"end":{"line":36,"column":4}},"6":{"start":{"line":39,"column":2},"end":{"line":39,"column":35}},"7":{"start":{"line":42,"column":31},"end":{"line":60,"column":2}},"8":{"start":{"line":42,"column":69},"end":{"line":60,"column":2}},"9":{"start":{"line":43,"column":15},"end":{"line":43,"column":78}},"10":{"start":{"line":44,"column":2},"end":{"line":46,"column":3}},"11":{"start":{"line":45,"column":4},"end":{"line":45,"column":76}},"12":{"start":{"line":47,"column":2},"end":{"line":59,"column":3}},"13":{"start":{"line":48,"column":28},"end":{"line":48,"column":64}},"14":{"start":{"line":51,"column":19},"end":{"line":54,"column":6}},"15":{"start":{"line":56,"column":4},"end":{"line":56,"column":28}},"16":{"start":{"line":58,"column":4},"end":{"line":58,"column":97}},"17":{"start":{"line":42,"column":13},"end":{"line":42,"column":31}},"18":{"start":{"line":62,"column":32},"end":{"line":115,"column":2}},"19":{"start":{"line":62,"column":70},"end":{"line":115,"column":2}},"20":{"start":{"line":64,"column":15},"end":{"line":64,"column":78}},"21":{"start":{"line":65,"column":13},"end":{"line":65,"column":76}},"22":{"start":{"line":66,"column":13},"end":{"line":66,"column":76}},"23":{"start":{"line":71,"column":2},"end":{"line":83,"column":3}},"24":{"start":{"line":72,"column":20},"end":{"line":72,"column":35}},"25":{"start":{"line":73,"column":21},"end":{"line":73,"column":47}},"26":{"start":{"line":74,"column":4},"end":{"line":74,"column":33}},"27":{"start":{"line":75,"column":4},"end":{"line":75,"column":33}},"28":{"start":{"line":76,"column":4},"end":{"line":76,"column":62}},"29":{"start":{"line":77,"column":9},"end":{"line":83,"column":3}},"30":{"start":{"line":78,"column":4},"end":{"line":80,"column":81}},"31":{"start":{"line":82,"column":4},"end":{"line":82,"column":60}},"32":{"start":{"line":85,"column":16},"end":{"line":85,"column":51}},"33":{"start":{"line":86,"column":18},"end":{"line":86,"column":36}},"34":{"start":{"line":87,"column":2},"end":{"line":87,"column":41}},"35":{"start":{"line":88,"column":14},"end":{"line":88,"column":48}},"36":{"start":{"line":90,"column":2},"end":{"line":114,"column":3}},"37":{"start":{"line":91,"column":28},"end":{"line":91,"column":62}},"38":{"start":{"line":94,"column":17},"end":{"line":94,"column":19}},"39":{"start":{"line":95,"column":24},"end":{"line":95,"column":42}},"40":{"start":{"line":96,"column":4},"end":{"line":99,"column":5}},"41":{"start":{"line":96,"column":17},"end":{"line":96,"column":18}},"42":{"start":{"line":97,"column":6},"end":{"line":97,"column":56}},"43":{"start":{"line":98,"column":6},"end":{"line":98,"column":53}},"44":{"start":{"line":102,"column":19},"end":{"line":109,"column":6}},"45":{"start":{"line":111,"column":4},"end":{"line":111,"column":28}},"46":{"start":{"line":113,"column":4},"end":{"line":113,"column":97}},"47":{"start":{"line":62,"column":13},"end":{"line":62,"column":32}},"48":{"start":{"line":117,"column":33},"end":{"line":173,"column":2}},"49":{"start":{"line":117,"column":71},"end":{"line":173,"column":2}},"50":{"start":{"line":119,"column":15},"end":{"line":119,"column":78}},"51":{"start":{"line":120,"column":14},"end":{"line":120,"column":79}},"52":{"start":{"line":121,"column":13},"end":{"line":121,"column":76}},"53":{"start":{"line":127,"column":2},"end":{"line":138,"column":3}},"54":{"start":{"line":128,"column":20},"end":{"line":128,"column":35}},"55":{"start":{"line":129,"column":4},"end":{"line":129,"column":38}},"56":{"start":{"line":130,"column":4},"end":{"line":130,"column":36}},"57":{"start":{"line":131,"column":9},"end":{"line":138,"column":3}},"58":{"start":{"line":132,"column":4},"end":{"line":134,"column":82}},"59":{"start":{"line":136,"column":4},"end":{"line":136,"column":29}},"60":{"start":{"line":137,"column":4},"end":{"line":137,"column":27}},"61":{"start":{"line":140,"column":2},"end":{"line":172,"column":3}},"62":{"start":{"line":141,"column":18},"end":{"line":141,"column":101}},"63":{"start":{"line":144,"column":20},"end":{"line":144,"column":50}},"64":{"start":{"line":145,"column":16},"end":{"line":145,"column":50}},"65":{"start":{"line":147,"column":28},"end":{"line":147,"column":62}},"66":{"start":{"line":150,"column":17},"end":{"line":150,"column":19}},"67":{"start":{"line":151,"column":24},"end":{"line":151,"column":41}},"68":{"start":{"line":152,"column":4},"end":{"line":156,"column":5}},"69":{"start":{"line":152,"column":17},"end":{"line":152,"column":18}},"70":{"start":{"line":153,"column":6},"end":{"line":155,"column":8}},"71":{"start":{"line":159,"column":19},"end":{"line":167,"column":6}},"72":{"start":{"line":169,"column":4},"end":{"line":169,"column":28}},"73":{"start":{"line":171,"column":4},"end":{"line":171,"column":97}},"74":{"start":{"line":117,"column":13},"end":{"line":117,"column":33}},"75":{"start":{"line":177,"column":17},"end":{"line":177,"column":54}},"76":{"start":{"line":178,"column":14},"end":{"line":178,"column":29}},"77":{"start":{"line":179,"column":23},"end":{"line":179,"column":29}},"78":{"start":{"line":180,"column":2},"end":{"line":181,"column":68}},"79":{"start":{"line":180,"column":16},"end":{"line":180,"column":77}},"80":{"start":{"line":181,"column":7},"end":{"line":181,"column":68}},"81":{"start":{"line":182,"column":2},"end":{"line":182,"column":22}},"82":{"start":{"line":186,"column":12},"end":{"line":186,"column":26}},"83":{"start":{"line":187,"column":2},"end":{"line":187,"column":25}},"84":{"start":{"line":190,"column":2},"end":{"line":190,"column":49}},"85":{"start":{"line":192,"column":20},"end":{"line":192,"column":51}},"86":{"start":{"line":194,"column":17},"end":{"line":194,"column":84}},"87":{"start":{"line":196,"column":2},"end":{"line":196,"column":49}}},"fnMap":{"0":{"name":"isValidDateString","decl":{"start":{"line":6,"column":9},"end":{"line":6,"column":26}},"loc":{"start":{"line":6,"column":51},"end":{"line":8,"column":1}}},"1":{"name":"getEventsBetween","decl":{"start":{"line":10,"column":15},"end":{"line":10,"column":31}},"loc":{"start":{"line":10,"column":58},"end":{"line":25,"column":null}}},"2":{"name":"sanitizeEvent","decl":{"start":{"line":28,"column":9},"end":{"line":28,"column":22}},"loc":{"start":{"line":28,"column":39},"end":{"line":37,"column":1}}},"3":{"name":"sanitizeEvents","decl":{"start":{"line":38,"column":9},"end":{"line":38,"column":23}},"loc":{"start":{"line":38,"column":37},"end":{"line":40,"column":1}}},"4":{"name":"(anonymous_13)","decl":{"start":{"line":42,"column":31},"end":{"line":42,"column":38}},"loc":{"start":{"line":42,"column":69},"end":{"line":60,"column":2}}},"5":{"name":"(anonymous_14)","decl":{"start":{"line":42,"column":69},"end":{"line":42,"column":null}},"loc":{"start":{"line":42,"column":69},"end":{"line":60,"column":1}}},"6":{"name":"(anonymous_15)","decl":{"start":{"line":62,"column":32},"end":{"line":62,"column":39}},"loc":{"start":{"line":62,"column":70},"end":{"line":115,"column":2}}},"7":{"name":"(anonymous_16)","decl":{"start":{"line":62,"column":70},"end":{"line":62,"column":null}},"loc":{"start":{"line":62,"column":70},"end":{"line":115,"column":1}}},"8":{"name":"(anonymous_17)","decl":{"start":{"line":117,"column":33},"end":{"line":117,"column":40}},"loc":{"start":{"line":117,"column":71},"end":{"line":173,"column":2}}},"9":{"name":"(anonymous_18)","decl":{"start":{"line":117,"column":71},"end":{"line":117,"column":null}},"loc":{"start":{"line":117,"column":71},"end":{"line":173,"column":1}}},"10":{"name":"getDateOfISOWeek","decl":{"start":{"line":176,"column":9},"end":{"line":176,"column":25}},"loc":{"start":{"line":176,"column":52},"end":{"line":183,"column":1}}},"11":{"name":"getISOWeekAndYear","decl":{"start":{"line":185,"column":9},"end":{"line":185,"column":26}},"loc":{"start":{"line":185,"column":37},"end":{"line":197,"column":1}}}},"branchMap":{"0":{"loc":{"start":{"line":7,"column":9},"end":{"line":7,"column":79}},"type":"binary-expr","locations":[{"start":{"line":7,"column":9},"end":{"line":7,"column":15}},{"start":{"line":7,"column":19},"end":{"line":7,"column":51}},{"start":{"line":7,"column":55},"end":{"line":7,"column":79}}]},"1":{"loc":{"start":{"line":12,"column":4},"end":{"line":19,"column":10}},"type":"cond-expr","locations":[{"start":{"line":13,"column":8},"end":{"line":13,"column":39}},{"start":{"line":14,"column":8},"end":{"line":19,"column":10}}]},"2":{"loc":{"start":{"line":31,"column":14},"end":{"line":31,"column":40}},"type":"cond-expr","locations":[{"start":{"line":31,"column":34},"end":{"line":31,"column":38}},{"start":{"line":31,"column":38},"end":{"line":31,"column":40}}]},"3":{"loc":{"start":{"line":31,"column":14},"end":{"line":31,"column":38}},"type":"binary-expr","locations":[{"start":{"line":31,"column":14},"end":{"line":31,"column":38}},{"start":{"line":31,"column":34},"end":{"line":31,"column":38}}]},"4":{"loc":{"start":{"line":32,"column":16},"end":{"line":32,"column":92}},"type":"cond-expr","locations":[{"start":{"line":32,"column":41},"end":{"line":32,"column":87}},{"start":{"line":32,"column":90},"end":{"line":32,"column":92}}]},"5":{"loc":{"start":{"line":33,"column":14},"end":{"line":33,"column":86}},"type":"cond-expr","locations":[{"start":{"line":33,"column":37},"end":{"line":33,"column":81}},{"start":{"line":33,"column":84},"end":{"line":33,"column":86}}]},"6":{"loc":{"start":{"line":34,"column":13},"end":{"line":34,"column":37}},"type":"cond-expr","locations":[{"start":{"line":34,"column":32},"end":{"line":34,"column":36}},{"start":{"line":34,"column":36},"end":{"line":34,"column":37}}]},"7":{"loc":{"start":{"line":34,"column":13},"end":{"line":34,"column":36}},"type":"binary-expr","locations":[{"start":{"line":34,"column":13},"end":{"line":34,"column":36}},{"start":{"line":34,"column":32},"end":{"line":34,"column":36}}]},"8":{"loc":{"start":{"line":35,"column":13},"end":{"line":35,"column":37}},"type":"cond-expr","locations":[{"start":{"line":35,"column":32},"end":{"line":35,"column":36}},{"start":{"line":35,"column":36},"end":{"line":35,"column":37}}]},"9":{"loc":{"start":{"line":35,"column":13},"end":{"line":35,"column":36}},"type":"binary-expr","locations":[{"start":{"line":35,"column":13},"end":{"line":35,"column":36}},{"start":{"line":35,"column":32},"end":{"line":35,"column":36}}]},"10":{"loc":{"start":{"line":43,"column":15},"end":{"line":43,"column":78}},"type":"cond-expr","locations":[{"start":{"line":43,"column":52},"end":{"line":43,"column":66}},{"start":{"line":43,"column":69},"end":{"line":43,"column":78}}]},"11":{"loc":{"start":{"line":44,"column":2},"end":{"line":46,"column":3}},"type":"if","locations":[{"start":{"line":44,"column":2},"end":{"line":46,"column":3}}]},"12":{"loc":{"start":{"line":64,"column":15},"end":{"line":64,"column":78}},"type":"cond-expr","locations":[{"start":{"line":64,"column":52},"end":{"line":64,"column":66}},{"start":{"line":64,"column":69},"end":{"line":64,"column":78}}]},"13":{"loc":{"start":{"line":65,"column":13},"end":{"line":65,"column":76}},"type":"cond-expr","locations":[{"start":{"line":65,"column":50},"end":{"line":65,"column":64}},{"start":{"line":65,"column":67},"end":{"line":65,"column":76}}]},"14":{"loc":{"start":{"line":66,"column":13},"end":{"line":66,"column":76}},"type":"cond-expr","locations":[{"start":{"line":66,"column":50},"end":{"line":66,"column":64}},{"start":{"line":66,"column":67},"end":{"line":66,"column":76}}]},"15":{"loc":{"start":{"line":71,"column":2},"end":{"line":83,"column":3}},"type":"if","locations":[{"start":{"line":71,"column":2},"end":{"line":83,"column":3}},{"start":{"line":77,"column":9},"end":{"line":83,"column":3}}]},"16":{"loc":{"start":{"line":77,"column":9},"end":{"line":83,"column":3}},"type":"if","locations":[{"start":{"line":77,"column":9},"end":{"line":83,"column":3}},{"start":{"line":81,"column":9},"end":{"line":83,"column":3}}]},"17":{"loc":{"start":{"line":77,"column":13},"end":{"line":77,"column":73}},"type":"binary-expr","locations":[{"start":{"line":77,"column":13},"end":{"line":77,"column":18}},{"start":{"line":77,"column":22},"end":{"line":77,"column":27}},{"start":{"line":77,"column":31},"end":{"line":77,"column":50}},{"start":{"line":77,"column":54},"end":{"line":77,"column":73}}]},"18":{"loc":{"start":{"line":119,"column":15},"end":{"line":119,"column":78}},"type":"cond-expr","locations":[{"start":{"line":119,"column":52},"end":{"line":119,"column":66}},{"start":{"line":119,"column":69},"end":{"line":119,"column":78}}]},"19":{"loc":{"start":{"line":120,"column":14},"end":{"line":120,"column":79}},"type":"cond-expr","locations":[{"start":{"line":120,"column":52},"end":{"line":120,"column":67}},{"start":{"line":120,"column":70},"end":{"line":120,"column":79}}]},"20":{"loc":{"start":{"line":121,"column":13},"end":{"line":121,"column":76}},"type":"cond-expr","locations":[{"start":{"line":121,"column":50},"end":{"line":121,"column":64}},{"start":{"line":121,"column":67},"end":{"line":121,"column":76}}]},"21":{"loc":{"start":{"line":127,"column":2},"end":{"line":138,"column":3}},"type":"if","locations":[{"start":{"line":127,"column":2},"end":{"line":138,"column":3}},{"start":{"line":131,"column":9},"end":{"line":138,"column":3}}]},"22":{"loc":{"start":{"line":131,"column":9},"end":{"line":138,"column":3}},"type":"if","locations":[{"start":{"line":131,"column":9},"end":{"line":138,"column":3}},{"start":{"line":135,"column":9},"end":{"line":138,"column":3}}]},"23":{"loc":{"start":{"line":131,"column":13},"end":{"line":131,"column":75}},"type":"binary-expr","locations":[{"start":{"line":131,"column":13},"end":{"line":131,"column":19}},{"start":{"line":131,"column":23},"end":{"line":131,"column":28}},{"start":{"line":131,"column":32},"end":{"line":131,"column":52}},{"start":{"line":131,"column":56},"end":{"line":131,"column":75}}]},"24":{"loc":{"start":{"line":180,"column":2},"end":{"line":181,"column":68}},"type":"if","locations":[{"start":{"line":180,"column":2},"end":{"line":181,"column":68}},{"start":{"line":181,"column":7},"end":{"line":181,"column":68}}]},"25":{"loc":{"start":{"line":190,"column":31},"end":{"line":190,"column":46}},"type":"binary-expr","locations":[{"start":{"line":190,"column":31},"end":{"line":190,"column":41}},{"start":{"line":190,"column":45},"end":{"line":190,"column":46}}]}},"s":{"0":3,"1":11,"2":8,"3":8,"4":5,"5":7,"6":5,"7":3,"8":3,"9":3,"10":3,"11":1,"12":2,"13":2,"14":1,"15":1,"16":1,"17":3,"18":3,"19":4,"20":4,"21":4,"22":4,"23":4,"24":1,"25":1,"26":1,"27":1,"28":1,"29":3,"30":1,"31":2,"32":3,"33":3,"34":3,"35":3,"36":3,"37":3,"38":2,"39":2,"40":2,"41":2,"42":14,"43":14,"44":2,"45":2,"46":1,"47":3,"48":3,"49":4,"50":4,"51":4,"52":4,"53":4,"54":1,"55":1,"56":1,"57":3,"58":1,"59":2,"60":2,"61":3,"62":3,"63":3,"64":3,"65":3,"66":2,"67":2,"68":2,"69":2,"70":62,"71":2,"72":2,"73":1,"74":3,"75":3,"76":3,"77":3,"78":3,"79":3,"80":0,"81":3,"82":1,"83":1,"84":1,"85":1,"86":1,"87":1},"f":{"0":11,"1":8,"2":7,"3":5,"4":3,"5":3,"6":4,"7":4,"8":4,"9":4,"10":3,"11":1},"b":{"0":[11,4,4],"1":[2,6],"2":[7,0],"3":[7,7],"4":[7,0],"5":[7,0],"6":[7,0],"7":[7,7],"8":[7,0],"9":[7,7],"10":[2,1],"11":[1],"12":[1,3],"13":[2,2],"14":[3,1],"15":[1,3],"16":[1,2],"17":[3,2,2,2],"18":[1,3],"19":[2,2],"20":[3,1],"21":[1,3],"22":[1,2],"23":[3,2,2,2],"24":[3,0],"25":[1,0]}}
,"/home/eno/calendarManagement/src/controllers/eventController.ts": {"path":"/home/eno/calendarManagement/src/controllers/eventController.ts","statementMap":{"0":{"start":{"line":22,"column":0},"end":{"line":22,"column":16}},"1":{"start":{"line":105,"column":0},"end":{"line":105,"column":16}},"2":{"start":{"line":467,"column":0},"end":{"line":467,"column":16}},"3":{"start":{"line":524,"column":0},"end":{"line":524,"column":16}},"4":{"start":{"line":549,"column":0},"end":{"line":549,"column":16}},"5":{"start":{"line":2,"column":0},"end":{"line":2,"column":31}},"6":{"start":{"line":5,"column":0},"end":{"line":5,"column":66}},"7":{"start":{"line":9,"column":2},"end":{"line":9,"column":36}},"8":{"start":{"line":9,"column":19},"end":{"line":9,"column":36}},"9":{"start":{"line":10,"column":2},"end":{"line":10,"column":38}},"10":{"start":{"line":10,"column":27},"end":{"line":10,"column":38}},"11":{"start":{"line":11,"column":2},"end":{"line":14,"column":3}},"12":{"start":{"line":12,"column":14},"end":{"line":12,"column":27}},"13":{"start":{"line":13,"column":4},"end":{"line":13,"column":46}},"14":{"start":{"line":15,"column":2},"end":{"line":15,"column":19}},"15":{"start":{"line":19,"column":0},"end":{"line":19,"column":66}},"16":{"start":{"line":20,"column":0},"end":{"line":20,"column":68}},"17":{"start":{"line":25,"column":4},"end":{"line":27,"column":5}},"18":{"start":{"line":26,"column":6},"end":{"line":26,"column":46}},"19":{"start":{"line":30,"column":19},"end":{"line":30,"column":75}},"20":{"start":{"line":31,"column":17},"end":{"line":31,"column":67}},"21":{"start":{"line":34,"column":4},"end":{"line":37,"column":5}},"22":{"start":{"line":35,"column":6},"end":{"line":35,"column":87}},"23":{"start":{"line":36,"column":6},"end":{"line":36,"column":46}},"24":{"start":{"line":41,"column":4},"end":{"line":44,"column":6}},"25":{"start":{"line":47,"column":35},"end":{"line":47,"column":97}},"26":{"start":{"line":49,"column":2},"end":{"line":59,"column":3}},"27":{"start":{"line":50,"column":4},"end":{"line":50,"column":36}},"28":{"start":{"line":51,"column":9},"end":{"line":59,"column":3}},"29":{"start":{"line":56,"column":4},"end":{"line":56,"column":60}},"30":{"start":{"line":58,"column":4},"end":{"line":58,"column":44}},"31":{"start":{"line":62,"column":2},"end":{"line":72,"column":3}},"32":{"start":{"line":63,"column":4},"end":{"line":63,"column":32}},"33":{"start":{"line":64,"column":9},"end":{"line":72,"column":3}},"34":{"start":{"line":69,"column":4},"end":{"line":69,"column":56}},"35":{"start":{"line":71,"column":4},"end":{"line":71,"column":40}},"36":{"start":{"line":74,"column":20},"end":{"line":81,"column":4}},"37":{"start":{"line":83,"column":2},"end":{"line":83,"column":55}},"38":{"start":{"line":87,"column":2},"end":{"line":87,"column":35}},"39":{"start":{"line":107,"column":2},"end":{"line":117,"column":3}},"40":{"start":{"line":108,"column":4},"end":{"line":116,"column":5}},"41":{"start":{"line":109,"column":26},"end":{"line":109,"column":80}},"42":{"start":{"line":110,"column":6},"end":{"line":110,"column":53}},"43":{"start":{"line":113,"column":6},"end":{"line":115,"column":7}},"44":{"start":{"line":114,"column":8},"end":{"line":114,"column":60}},"45":{"start":{"line":120,"column":2},"end":{"line":120,"column":43}},"46":{"start":{"line":123,"column":25},"end":{"line":130,"column":2}},"47":{"start":{"line":123,"column":63},"end":{"line":130,"column":2}},"48":{"start":{"line":124,"column":2},"end":{"line":129,"column":3}},"49":{"start":{"line":125,"column":19},"end":{"line":125,"column":48}},"50":{"start":{"line":126,"column":4},"end":{"line":126,"column":49}},"51":{"start":{"line":128,"column":4},"end":{"line":128,"column":62}},"52":{"start":{"line":123,"column":13},"end":{"line":123,"column":25}},"53":{"start":{"line":139,"column":54},"end":{"line":139,"column":60}},"54":{"start":{"line":141,"column":2},"end":{"line":148,"column":3}},"55":{"start":{"line":147,"column":4},"end":{"line":147,"column":71}},"56":{"start":{"line":150,"column":2},"end":{"line":150,"column":27}},"57":{"start":{"line":160,"column":54},"end":{"line":160,"column":60}},"58":{"start":{"line":161,"column":33},"end":{"line":161,"column":35}},"59":{"start":{"line":163,"column":2},"end":{"line":165,"column":3}},"60":{"start":{"line":164,"column":4},"end":{"line":164,"column":33}},"61":{"start":{"line":167,"column":2},"end":{"line":169,"column":3}},"62":{"start":{"line":168,"column":4},"end":{"line":168,"column":42}},"63":{"start":{"line":172,"column":2},"end":{"line":185,"column":3}},"64":{"start":{"line":173,"column":4},"end":{"line":176,"column":6}},"65":{"start":{"line":177,"column":9},"end":{"line":185,"column":3}},"66":{"start":{"line":178,"column":4},"end":{"line":180,"column":6}},"67":{"start":{"line":181,"column":9},"end":{"line":185,"column":3}},"68":{"start":{"line":182,"column":4},"end":{"line":184,"column":6}},"69":{"start":{"line":187,"column":2},"end":{"line":187,"column":15}},"70":{"start":{"line":191,"column":33},"end":{"line":217,"column":2}},"71":{"start":{"line":191,"column":71},"end":{"line":217,"column":2}},"72":{"start":{"line":192,"column":2},"end":{"line":216,"column":3}},"73":{"start":{"line":193,"column":24},"end":{"line":198,"column":6}},"74":{"start":{"line":201,"column":29},"end":{"line":201,"column":74}},"75":{"start":{"line":202,"column":4},"end":{"line":206,"column":5}},"76":{"start":{"line":203,"column":6},"end":{"line":205,"column":100}},"77":{"start":{"line":209,"column":18},"end":{"line":209,"column":58}},"78":{"start":{"line":212,"column":19},"end":{"line":212,"column":57}},"79":{"start":{"line":213,"column":4},"end":{"line":213,"column":49}},"80":{"start":{"line":215,"column":4},"end":{"line":215,"column":71}},"81":{"start":{"line":191,"column":13},"end":{"line":191,"column":33}},"82":{"start":{"line":219,"column":28},"end":{"line":233,"column":2}},"83":{"start":{"line":219,"column":66},"end":{"line":233,"column":2}},"84":{"start":{"line":220,"column":18},"end":{"line":220,"column":39}},"85":{"start":{"line":221,"column":2},"end":{"line":223,"column":3}},"86":{"start":{"line":222,"column":4},"end":{"line":222,"column":63}},"87":{"start":{"line":224,"column":2},"end":{"line":232,"column":3}},"88":{"start":{"line":225,"column":18},"end":{"line":225,"column":80}},"89":{"start":{"line":226,"column":4},"end":{"line":228,"column":5}},"90":{"start":{"line":227,"column":6},"end":{"line":227,"column":65}},"91":{"start":{"line":229,"column":4},"end":{"line":229,"column":47}},"92":{"start":{"line":231,"column":4},"end":{"line":231,"column":65}},"93":{"start":{"line":219,"column":13},"end":{"line":219,"column":28}},"94":{"start":{"line":238,"column":2},"end":{"line":254,"column":null}},"95":{"start":{"line":241,"column":2},"end":{"line":243,"column":3}},"96":{"start":{"line":242,"column":4},"end":{"line":242,"column":17}},"97":{"start":{"line":244,"column":27},"end":{"line":252,"column":4}},"98":{"start":{"line":253,"column":2},"end":{"line":253,"column":28}},"99":{"start":{"line":258,"column":39},"end":{"line":264,"column":4}},"100":{"start":{"line":266,"column":2},"end":{"line":268,"column":3}},"101":{"start":{"line":267,"column":4},"end":{"line":267,"column":59}},"102":{"start":{"line":269,"column":2},"end":{"line":271,"column":3}},"103":{"start":{"line":270,"column":4},"end":{"line":270,"column":55}},"104":{"start":{"line":273,"column":2},"end":{"line":273,"column":20}},"105":{"start":{"line":283,"column":2},"end":{"line":285,"column":3}},"106":{"start":{"line":284,"column":4},"end":{"line":284,"column":14}},"107":{"start":{"line":287,"column":20},"end":{"line":287,"column":40}},"108":{"start":{"line":288,"column":18},"end":{"line":288,"column":36}},"109":{"start":{"line":289,"column":21},"end":{"line":289,"column":60}},"110":{"start":{"line":290,"column":26},"end":{"line":290,"column":61}},"111":{"start":{"line":291,"column":23},"end":{"line":291,"column":61}},"112":{"start":{"line":293,"column":34},"end":{"line":293,"column":36}},"113":{"start":{"line":294,"column":54},"end":{"line":297,"column":5}},"114":{"start":{"line":294,"column":85},"end":{"line":297,"column":4}},"115":{"start":{"line":300,"column":30},"end":{"line":300,"column":49}},"116":{"start":{"line":301,"column":2},"end":{"line":301,"column":46}},"117":{"start":{"line":302,"column":28},"end":{"line":302,"column":47}},"118":{"start":{"line":303,"column":2},"end":{"line":303,"column":45}},"119":{"start":{"line":306,"column":2},"end":{"line":326,"column":3}},"120":{"start":{"line":306,"column":15},"end":{"line":306,"column":16}},"121":{"start":{"line":307,"column":22},"end":{"line":307,"column":51}},"122":{"start":{"line":308,"column":4},"end":{"line":308,"column":84}},"123":{"start":{"line":309,"column":20},"end":{"line":309,"column":39}},"124":{"start":{"line":310,"column":4},"end":{"line":310,"column":71}},"125":{"start":{"line":313,"column":4},"end":{"line":315,"column":5}},"126":{"start":{"line":314,"column":6},"end":{"line":314,"column":12}},"127":{"start":{"line":318,"column":23},"end":{"line":318,"column":97}},"128":{"start":{"line":318,"column":52},"end":{"line":318,"column":96}},"129":{"start":{"line":320,"column":4},"end":{"line":325,"column":5}},"130":{"start":{"line":321,"column":6},"end":{"line":324,"column":9}},"131":{"start":{"line":329,"column":2},"end":{"line":357,"column":3}},"132":{"start":{"line":330,"column":25},"end":{"line":330,"column":44}},"133":{"start":{"line":331,"column":4},"end":{"line":331,"column":59}},"134":{"start":{"line":332,"column":4},"end":{"line":332,"column":41}},"135":{"start":{"line":333,"column":30},"end":{"line":333,"column":52}},"136":{"start":{"line":334,"column":4},"end":{"line":334,"column":47}},"137":{"start":{"line":338,"column":4},"end":{"line":356,"column":5}},"138":{"start":{"line":338,"column":17},"end":{"line":338,"column":18}},"139":{"start":{"line":339,"column":24},"end":{"line":339,"column":46}},"140":{"start":{"line":340,"column":6},"end":{"line":340,"column":79}},"141":{"start":{"line":341,"column":22},"end":{"line":341,"column":41}},"142":{"start":{"line":342,"column":6},"end":{"line":342,"column":73}},"143":{"start":{"line":344,"column":6},"end":{"line":347,"column":7}},"144":{"start":{"line":346,"column":8},"end":{"line":346,"column":14}},"145":{"start":{"line":352,"column":6},"end":{"line":355,"column":9}},"146":{"start":{"line":359,"column":2},"end":{"line":359,"column":21}},"147":{"start":{"line":365,"column":2},"end":{"line":370,"column":3}},"148":{"start":{"line":366,"column":4},"end":{"line":369,"column":6}},"149":{"start":{"line":371,"column":2},"end":{"line":371,"column":14}},"150":{"start":{"line":376,"column":2},"end":{"line":380,"column":4}},"151":{"start":{"line":388,"column":44},"end":{"line":388,"column":51}},"152":{"start":{"line":390,"column":2},"end":{"line":407,"column":3}},"153":{"start":{"line":392,"column":4},"end":{"line":399,"column":5}},"154":{"start":{"line":393,"column":6},"end":{"line":398,"column":8}},"155":{"start":{"line":401,"column":4},"end":{"line":406,"column":6}},"156":{"start":{"line":409,"column":2},"end":{"line":409,"column":14}},"157":{"start":{"line":418,"column":2},"end":{"line":423,"column":3}},"158":{"start":{"line":419,"column":4},"end":{"line":422,"column":6}},"159":{"start":{"line":424,"column":2},"end":{"line":424,"column":14}},"160":{"start":{"line":433,"column":2},"end":{"line":444,"column":3}},"161":{"start":{"line":440,"column":4},"end":{"line":443,"column":6}},"162":{"start":{"line":445,"column":2},"end":{"line":445,"column":14}},"163":{"start":{"line":454,"column":2},"end":{"line":462,"column":3}},"164":{"start":{"line":458,"column":4},"end":{"line":461,"column":6}},"165":{"start":{"line":463,"column":2},"end":{"line":463,"column":14}},"166":{"start":{"line":472,"column":32},"end":{"line":472,"column":57}},"167":{"start":{"line":473,"column":2},"end":{"line":473,"column":58}},"168":{"start":{"line":473,"column":29},"end":{"line":473,"column":58}},"169":{"start":{"line":476,"column":18},"end":{"line":476,"column":40}},"170":{"start":{"line":479,"column":31},"end":{"line":479,"column":72}},"171":{"start":{"line":480,"column":2},"end":{"line":480,"column":56}},"172":{"start":{"line":480,"column":28},"end":{"line":480,"column":56}},"173":{"start":{"line":483,"column":24},"end":{"line":483,"column":82}},"174":{"start":{"line":484,"column":2},"end":{"line":484,"column":42}},"175":{"start":{"line":484,"column":21},"end":{"line":484,"column":42}},"176":{"start":{"line":486,"column":26},"end":{"line":486,"column":88}},"177":{"start":{"line":487,"column":2},"end":{"line":487,"column":46}},"178":{"start":{"line":487,"column":23},"end":{"line":487,"column":46}},"179":{"start":{"line":489,"column":29},"end":{"line":489,"column":97}},"180":{"start":{"line":490,"column":2},"end":{"line":490,"column":52}},"181":{"start":{"line":490,"column":26},"end":{"line":490,"column":52}},"182":{"start":{"line":493,"column":2},"end":{"line":493,"column":14}},"183":{"start":{"line":499,"column":2},"end":{"line":499,"column":71}},"184":{"start":{"line":504,"column":2},"end":{"line":504,"column":34}},"185":{"start":{"line":509,"column":20},"end":{"line":509,"column":47}},"186":{"start":{"line":510,"column":2},"end":{"line":510,"column":30}},"187":{"start":{"line":515,"column":2},"end":{"line":520,"column":3}},"188":{"start":{"line":516,"column":4},"end":{"line":516,"column":32}},"189":{"start":{"line":517,"column":4},"end":{"line":517,"column":30}},"190":{"start":{"line":518,"column":4},"end":{"line":518,"column":37}},"191":{"start":{"line":519,"column":4},"end":{"line":519,"column":33}},"192":{"start":{"line":529,"column":22},"end":{"line":529,"column":51}},"193":{"start":{"line":532,"column":2},"end":{"line":544,"column":3}},"194":{"start":{"line":533,"column":22},"end":{"line":533,"column":57}},"195":{"start":{"line":534,"column":20},"end":{"line":534,"column":53}},"196":{"start":{"line":536,"column":4},"end":{"line":543,"column":5}},"197":{"start":{"line":537,"column":6},"end":{"line":537,"column":72}},"198":{"start":{"line":538,"column":6},"end":{"line":538,"column":68}},"199":{"start":{"line":539,"column":6},"end":{"line":539,"column":88}},"200":{"start":{"line":540,"column":6},"end":{"line":540,"column":84}},"201":{"start":{"line":541,"column":6},"end":{"line":541,"column":39}},"202":{"start":{"line":542,"column":6},"end":{"line":542,"column":37}},"203":{"start":{"line":545,"column":2},"end":{"line":545,"column":24}},"204":{"start":{"line":555,"column":2},"end":{"line":555,"column":56}},"205":{"start":{"line":560,"column":27},"end":{"line":635,"column":2}},"206":{"start":{"line":560,"column":65},"end":{"line":635,"column":2}},"207":{"start":{"line":561,"column":2},"end":{"line":634,"column":3}},"208":{"start":{"line":563,"column":4},"end":{"line":568,"column":5}},"209":{"start":{"line":564,"column":6},"end":{"line":567,"column":9}},"210":{"start":{"line":570,"column":23},"end":{"line":570,"column":65}},"211":{"start":{"line":571,"column":4},"end":{"line":576,"column":5}},"212":{"start":{"line":572,"column":6},"end":{"line":575,"column":9}},"213":{"start":{"line":578,"column":4},"end":{"line":578,"column":40}},"214":{"start":{"line":580,"column":19},"end":{"line":580,"column":59}},"215":{"start":{"line":582,"column":6},"end":{"line":582,"column":90}},"216":{"start":{"line":584,"column":37},"end":{"line":584,"column":63}},"217":{"start":{"line":586,"column":41},"end":{"line":592,"column":6}},"218":{"start":{"line":594,"column":4},"end":{"line":620,"column":5}},"219":{"start":{"line":595,"column":23},"end":{"line":595,"column":57}},"220":{"start":{"line":596,"column":6},"end":{"line":619,"column":7}},"221":{"start":{"line":598,"column":31},"end":{"line":609,"column":10}},"222":{"start":{"line":610,"column":33},"end":{"line":612,"column":null}},"223":{"start":{"line":612,"column":41},"end":{"line":612,"column":57}},"224":{"start":{"line":614,"column":8},"end":{"line":618,"column":11}},"225":{"start":{"line":622,"column":21},"end":{"line":624,"column":6}},"226":{"start":{"line":625,"column":27},"end":{"line":625,"column":50}},"227":{"start":{"line":627,"column":27},"end":{"line":630,"column":6}},"228":{"start":{"line":631,"column":4},"end":{"line":631,"column":41}},"229":{"start":{"line":633,"column":4},"end":{"line":633,"column":63}},"230":{"start":{"line":560,"column":13},"end":{"line":560,"column":27}},"231":{"start":{"line":637,"column":27},"end":{"line":690,"column":2}},"232":{"start":{"line":637,"column":65},"end":{"line":690,"column":2}},"233":{"start":{"line":638,"column":18},"end":{"line":638,"column":39}},"234":{"start":{"line":639,"column":2},"end":{"line":641,"column":3}},"235":{"start":{"line":640,"column":4},"end":{"line":640,"column":63}},"236":{"start":{"line":642,"column":2},"end":{"line":689,"column":3}},"237":{"start":{"line":644,"column":4},"end":{"line":649,"column":5}},"238":{"start":{"line":645,"column":6},"end":{"line":648,"column":9}},"239":{"start":{"line":651,"column":18},"end":{"line":651,"column":80}},"240":{"start":{"line":652,"column":4},"end":{"line":654,"column":5}},"241":{"start":{"line":653,"column":6},"end":{"line":653,"column":65}},"242":{"start":{"line":656,"column":23},"end":{"line":656,"column":65}},"243":{"start":{"line":657,"column":4},"end":{"line":662,"column":5}},"244":{"start":{"line":658,"column":6},"end":{"line":661,"column":9}},"245":{"start":{"line":664,"column":19},"end":{"line":664,"column":59}},"246":{"start":{"line":666,"column":6},"end":{"line":666,"column":90}},"247":{"start":{"line":668,"column":37},"end":{"line":668,"column":63}},"248":{"start":{"line":669,"column":44},"end":{"line":675,"column":6}},"249":{"start":{"line":678,"column":25},"end":{"line":681,"column":6}},"250":{"start":{"line":683,"column":27},"end":{"line":683,"column":54}},"251":{"start":{"line":685,"column":27},"end":{"line":685,"column":94}},"252":{"start":{"line":686,"column":4},"end":{"line":686,"column":41}},"253":{"start":{"line":688,"column":4},"end":{"line":688,"column":63}},"254":{"start":{"line":637,"column":13},"end":{"line":637,"column":27}},"255":{"start":{"line":692,"column":27},"end":{"line":707,"column":2}},"256":{"start":{"line":692,"column":65},"end":{"line":707,"column":2}},"257":{"start":{"line":693,"column":18},"end":{"line":693,"column":39}},"258":{"start":{"line":694,"column":2},"end":{"line":696,"column":3}},"259":{"start":{"line":695,"column":4},"end":{"line":695,"column":63}},"260":{"start":{"line":697,"column":2},"end":{"line":706,"column":3}},"261":{"start":{"line":698,"column":18},"end":{"line":698,"column":80}},"262":{"start":{"line":699,"column":4},"end":{"line":701,"column":5}},"263":{"start":{"line":700,"column":6},"end":{"line":700,"column":65}},"264":{"start":{"line":702,"column":4},"end":{"line":702,"column":63}},"265":{"start":{"line":703,"column":4},"end":{"line":703,"column":56}},"266":{"start":{"line":705,"column":4},"end":{"line":705,"column":63}},"267":{"start":{"line":692,"column":13},"end":{"line":692,"column":27}}},"fnMap":{"0":{"name":"toDateOrUndefined","decl":{"start":{"line":8,"column":9},"end":{"line":8,"column":26}},"loc":{"start":{"line":8,"column":39},"end":{"line":16,"column":1}}},"1":{"name":"sanitizeEvent","decl":{"start":{"line":22,"column":16},"end":{"line":22,"column":29}},"loc":{"start":{"line":22,"column":46},"end":{"line":84,"column":1}}},"2":{"name":"formatDateFields","decl":{"start":{"line":23,"column":11},"end":{"line":23,"column":27}},"loc":{"start":{"line":23,"column":54},"end":{"line":45,"column":3}}},"3":{"name":"sanitizeEvents","decl":{"start":{"line":86,"column":9},"end":{"line":86,"column":23}},"loc":{"start":{"line":86,"column":37},"end":{"line":88,"column":1}}},"4":{"name":"handleError","decl":{"start":{"line":105,"column":16},"end":{"line":105,"column":27}},"loc":{"start":{"line":105,"column":75},"end":{"line":121,"column":1}}},"5":{"name":"(anonymous_13)","decl":{"start":{"line":123,"column":25},"end":{"line":123,"column":32}},"loc":{"start":{"line":123,"column":63},"end":{"line":130,"column":2}}},"6":{"name":"(anonymous_14)","decl":{"start":{"line":123,"column":63},"end":{"line":123,"column":null}},"loc":{"start":{"line":123,"column":63},"end":{"line":130,"column":1}}},"7":{"name":"validateFilterParameters","decl":{"start":{"line":133,"column":9},"end":{"line":133,"column":33}},"loc":{"start":{"line":138,"column":1},"end":{"line":151,"column":1}}},"8":{"name":"buildEventFilters","decl":{"start":{"line":154,"column":9},"end":{"line":154,"column":26}},"loc":{"start":{"line":159,"column":1},"end":{"line":188,"column":1}}},"9":{"name":"(anonymous_17)","decl":{"start":{"line":191,"column":33},"end":{"line":191,"column":40}},"loc":{"start":{"line":191,"column":71},"end":{"line":217,"column":2}}},"10":{"name":"(anonymous_18)","decl":{"start":{"line":191,"column":71},"end":{"line":191,"column":null}},"loc":{"start":{"line":191,"column":71},"end":{"line":217,"column":1}}},"11":{"name":"(anonymous_19)","decl":{"start":{"line":219,"column":28},"end":{"line":219,"column":35}},"loc":{"start":{"line":219,"column":66},"end":{"line":233,"column":2}}},"12":{"name":"(anonymous_20)","decl":{"start":{"line":219,"column":66},"end":{"line":219,"column":null}},"loc":{"start":{"line":219,"column":66},"end":{"line":233,"column":1}}},"13":{"name":"hasEventConflict","decl":{"start":{"line":237,"column":15},"end":{"line":237,"column":31}},"loc":{"start":{"line":237,"column":31},"end":{"line":254,"column":null}}},"14":{"name":"(anonymous_22)","decl":{"start":{"line":238,"column":2},"end":{"line":238,"column":4}},"loc":{"start":{"line":239,"column":20},"end":{"line":254,"column":1}}},"15":{"name":"validateEventBody","decl":{"start":{"line":257,"column":9},"end":{"line":257,"column":26}},"loc":{"start":{"line":257,"column":36},"end":{"line":274,"column":1}}},"16":{"name":"suggestAlternativeSlots","decl":{"start":{"line":277,"column":9},"end":{"line":277,"column":32}},"loc":{"start":{"line":281,"column":20},"end":{"line":360,"column":1}}},"17":{"name":"(anonymous_25)","decl":{"start":{"line":294,"column":73},"end":{"line":294,"column":74}},"loc":{"start":{"line":294,"column":85},"end":{"line":297,"column":4}}},"18":{"name":"(anonymous_26)","decl":{"start":{"line":318,"column":42},"end":{"line":318,"column":43}},"loc":{"start":{"line":318,"column":52},"end":{"line":318,"column":96}}},"19":{"name":"validateBasicFields","decl":{"start":{"line":364,"column":9},"end":{"line":364,"column":28}},"loc":{"start":{"line":364,"column":38},"end":{"line":372,"column":1}}},"20":{"name":"detectDateFormat","decl":{"start":{"line":375,"column":9},"end":{"line":375,"column":25}},"loc":{"start":{"line":375,"column":35},"end":{"line":381,"column":1}}},"21":{"name":"validateDateFormatPresence","decl":{"start":{"line":384,"column":9},"end":{"line":384,"column":35}},"loc":{"start":{"line":386,"column":71},"end":{"line":410,"column":1}}},"22":{"name":"validateIsoFormat","decl":{"start":{"line":413,"column":9},"end":{"line":413,"column":26}},"loc":{"start":{"line":416,"column":27},"end":{"line":425,"column":1}}},"23":{"name":"validateSplitFormat","decl":{"start":{"line":428,"column":9},"end":{"line":428,"column":28}},"loc":{"start":{"line":431,"column":27},"end":{"line":446,"column":1}}},"24":{"name":"validateAltSplitFormat","decl":{"start":{"line":449,"column":9},"end":{"line":449,"column":31}},"loc":{"start":{"line":452,"column":27},"end":{"line":464,"column":1}}},"25":{"name":"validateRequiredEventFields","decl":{"start":{"line":467,"column":16},"end":{"line":467,"column":43}},"loc":{"start":{"line":469,"column":33},"end":{"line":494,"column":1}}},"26":{"name":"isValidISODate","decl":{"start":{"line":497,"column":9},"end":{"line":497,"column":23}},"loc":{"start":{"line":497,"column":36},"end":{"line":500,"column":1}}},"27":{"name":"isValidDate","decl":{"start":{"line":503,"column":9},"end":{"line":503,"column":20}},"loc":{"start":{"line":503,"column":33},"end":{"line":505,"column":1}}},"28":{"name":"isValidTime","decl":{"start":{"line":508,"column":9},"end":{"line":508,"column":20}},"loc":{"start":{"line":508,"column":33},"end":{"line":511,"column":1}}},"29":{"name":"normalizeTestFormatFields","decl":{"start":{"line":514,"column":9},"end":{"line":514,"column":34}},"loc":{"start":{"line":514,"column":44},"end":{"line":521,"column":1}}},"30":{"name":"shapeEventResponse","decl":{"start":{"line":524,"column":16},"end":{"line":524,"column":34}},"loc":{"start":{"line":527,"column":47},"end":{"line":546,"column":1}}},"31":{"name":"shapeUpdateEventResponse","decl":{"start":{"line":549,"column":16},"end":{"line":549,"column":40}},"loc":{"start":{"line":552,"column":47},"end":{"line":556,"column":1}}},"32":{"name":"(anonymous_40)","decl":{"start":{"line":560,"column":27},"end":{"line":560,"column":34}},"loc":{"start":{"line":560,"column":65},"end":{"line":635,"column":2}}},"33":{"name":"(anonymous_41)","decl":{"start":{"line":560,"column":65},"end":{"line":560,"column":null}},"loc":{"start":{"line":560,"column":65},"end":{"line":635,"column":1}}},"34":{"name":"(anonymous_42)","decl":{"start":{"line":612,"column":29},"end":{"line":612,"column":30}},"loc":{"start":{"line":612,"column":41},"end":{"line":612,"column":57}}},"35":{"name":"(anonymous_43)","decl":{"start":{"line":637,"column":27},"end":{"line":637,"column":34}},"loc":{"start":{"line":637,"column":65},"end":{"line":690,"column":2}}},"36":{"name":"(anonymous_44)","decl":{"start":{"line":637,"column":65},"end":{"line":637,"column":null}},"loc":{"start":{"line":637,"column":65},"end":{"line":690,"column":1}}},"37":{"name":"(anonymous_45)","decl":{"start":{"line":692,"column":27},"end":{"line":692,"column":34}},"loc":{"start":{"line":692,"column":65},"end":{"line":707,"column":2}}},"38":{"name":"(anonymous_46)","decl":{"start":{"line":692,"column":65},"end":{"line":692,"column":null}},"loc":{"start":{"line":692,"column":65},"end":{"line":707,"column":1}}}},"branchMap":{"0":{"loc":{"start":{"line":9,"column":2},"end":{"line":9,"column":36}},"type":"if","locations":[{"start":{"line":9,"column":2},"end":{"line":9,"column":36}}]},"1":{"loc":{"start":{"line":10,"column":2},"end":{"line":10,"column":38}},"type":"if","locations":[{"start":{"line":10,"column":2},"end":{"line":10,"column":38}}]},"2":{"loc":{"start":{"line":11,"column":2},"end":{"line":14,"column":3}},"type":"if","locations":[{"start":{"line":11,"column":2},"end":{"line":14,"column":3}}]},"3":{"loc":{"start":{"line":11,"column":6},"end":{"line":11,"column":56}},"type":"binary-expr","locations":[{"start":{"line":11,"column":6},"end":{"line":11,"column":29}},{"start":{"line":11,"column":33},"end":{"line":11,"column":56}}]},"4":{"loc":{"start":{"line":13,"column":11},"end":{"line":13,"column":45}},"type":"cond-expr","locations":[{"start":{"line":13,"column":32},"end":{"line":13,"column":41}},{"start":{"line":13,"column":44},"end":{"line":13,"column":45}}]},"5":{"loc":{"start":{"line":25,"column":4},"end":{"line":27,"column":5}},"type":"if","locations":[{"start":{"line":25,"column":4},"end":{"line":27,"column":5}}]},"6":{"loc":{"start":{"line":25,"column":8},"end":{"line":25,"column":94}},"type":"binary-expr","locations":[{"start":{"line":25,"column":8},"end":{"line":25,"column":25}},{"start":{"line":25,"column":29},"end":{"line":25,"column":51}},{"start":{"line":25,"column":55},"end":{"line":25,"column":70}},{"start":{"line":25,"column":74},"end":{"line":25,"column":94}}]},"7":{"loc":{"start":{"line":30,"column":19},"end":{"line":30,"column":75}},"type":"cond-expr","locations":[{"start":{"line":30,"column":46},"end":{"line":30,"column":54}},{"start":{"line":30,"column":57},"end":{"line":30,"column":75}}]},"8":{"loc":{"start":{"line":31,"column":17},"end":{"line":31,"column":67}},"type":"cond-expr","locations":[{"start":{"line":31,"column":42},"end":{"line":31,"column":48}},{"start":{"line":31,"column":51},"end":{"line":31,"column":67}}]},"9":{"loc":{"start":{"line":34,"column":4},"end":{"line":37,"column":5}},"type":"if","locations":[{"start":{"line":34,"column":4},"end":{"line":37,"column":5}}]},"10":{"loc":{"start":{"line":34,"column":8},"end":{"line":34,"column":56}},"type":"binary-expr","locations":[{"start":{"line":34,"column":8},"end":{"line":34,"column":31}},{"start":{"line":34,"column":35},"end":{"line":34,"column":56}}]},"11":{"loc":{"start":{"line":49,"column":2},"end":{"line":59,"column":3}},"type":"if","locations":[{"start":{"line":49,"column":2},"end":{"line":59,"column":3}},{"start":{"line":51,"column":9},"end":{"line":59,"column":3}}]},"12":{"loc":{"start":{"line":51,"column":9},"end":{"line":59,"column":3}},"type":"if","locations":[{"start":{"line":51,"column":9},"end":{"line":59,"column":3}},{"start":{"line":57,"column":9},"end":{"line":59,"column":3}}]},"13":{"loc":{"start":{"line":52,"column":4},"end":{"line":54,"column":58}},"type":"binary-expr","locations":[{"start":{"line":52,"column":4},"end":{"line":52,"column":14}},{"start":{"line":53,"column":4},"end":{"line":53,"column":34}},{"start":{"line":54,"column":4},"end":{"line":54,"column":58}}]},"14":{"loc":{"start":{"line":62,"column":2},"end":{"line":72,"column":3}},"type":"if","locations":[{"start":{"line":62,"column":2},"end":{"line":72,"column":3}},{"start":{"line":64,"column":9},"end":{"line":72,"column":3}}]},"15":{"loc":{"start":{"line":64,"column":9},"end":{"line":72,"column":3}},"type":"if","locations":[{"start":{"line":64,"column":9},"end":{"line":72,"column":3}},{"start":{"line":70,"column":9},"end":{"line":72,"column":3}}]},"16":{"loc":{"start":{"line":65,"column":4},"end":{"line":67,"column":56}},"type":"binary-expr","locations":[{"start":{"line":65,"column":4},"end":{"line":65,"column":12}},{"start":{"line":66,"column":4},"end":{"line":66,"column":32}},{"start":{"line":67,"column":4},"end":{"line":67,"column":56}}]},"17":{"loc":{"start":{"line":76,"column":14},"end":{"line":76,"column":40}},"type":"cond-expr","locations":[{"start":{"line":76,"column":34},"end":{"line":76,"column":38}},{"start":{"line":76,"column":38},"end":{"line":76,"column":40}}]},"18":{"loc":{"start":{"line":76,"column":14},"end":{"line":76,"column":38}},"type":"binary-expr","locations":[{"start":{"line":76,"column":14},"end":{"line":76,"column":38}},{"start":{"line":76,"column":34},"end":{"line":76,"column":38}}]},"19":{"loc":{"start":{"line":79,"column":13},"end":{"line":79,"column":37}},"type":"cond-expr","locations":[{"start":{"line":79,"column":32},"end":{"line":79,"column":36}},{"start":{"line":79,"column":36},"end":{"line":79,"column":37}}]},"20":{"loc":{"start":{"line":79,"column":13},"end":{"line":79,"column":36}},"type":"binary-expr","locations":[{"start":{"line":79,"column":13},"end":{"line":79,"column":36}},{"start":{"line":79,"column":32},"end":{"line":79,"column":36}}]},"21":{"loc":{"start":{"line":80,"column":13},"end":{"line":80,"column":37}},"type":"cond-expr","locations":[{"start":{"line":80,"column":32},"end":{"line":80,"column":36}},{"start":{"line":80,"column":36},"end":{"line":80,"column":37}}]},"22":{"loc":{"start":{"line":80,"column":13},"end":{"line":80,"column":36}},"type":"binary-expr","locations":[{"start":{"line":80,"column":13},"end":{"line":80,"column":36}},{"start":{"line":80,"column":32},"end":{"line":80,"column":36}}]},"23":{"loc":{"start":{"line":107,"column":2},"end":{"line":117,"column":3}},"type":"if","locations":[{"start":{"line":107,"column":2},"end":{"line":117,"column":3}}]},"24":{"loc":{"start":{"line":108,"column":4},"end":{"line":116,"column":5}},"type":"if","locations":[{"start":{"line":108,"column":4},"end":{"line":116,"column":5}}]},"25":{"loc":{"start":{"line":109,"column":26},"end":{"line":109,"column":80}},"type":"cond-expr","locations":[{"start":{"line":109,"column":51},"end":{"line":109,"column":64}},{"start":{"line":109,"column":67},"end":{"line":109,"column":80}}]},"26":{"loc":{"start":{"line":113,"column":6},"end":{"line":115,"column":7}},"type":"if","locations":[{"start":{"line":113,"column":6},"end":{"line":115,"column":7}}]},"27":{"loc":{"start":{"line":113,"column":10},"end":{"line":113,"column":74}},"type":"binary-expr","locations":[{"start":{"line":113,"column":10},"end":{"line":113,"column":48}},{"start":{"line":113,"column":52},"end":{"line":113,"column":74}}]},"28":{"loc":{"start":{"line":141,"column":2},"end":{"line":148,"column":3}},"type":"if","locations":[{"start":{"line":141,"column":2},"end":{"line":148,"column":3}}]},"29":{"loc":{"start":{"line":142,"column":4},"end":{"line":145,"column":51}},"type":"binary-expr","locations":[{"start":{"line":142,"column":5},"end":{"line":142,"column":9}},{"start":{"line":142,"column":13},"end":{"line":142,"column":32}},{"start":{"line":143,"column":5},"end":{"line":143,"column":18}},{"start":{"line":143,"column":22},"end":{"line":143,"column":50}},{"start":{"line":144,"column":5},"end":{"line":144,"column":14}},{"start":{"line":144,"column":18},"end":{"line":144,"column":54}},{"start":{"line":145,"column":5},"end":{"line":145,"column":12}},{"start":{"line":145,"column":16},"end":{"line":145,"column":50}}]},"30":{"loc":{"start":{"line":163,"column":2},"end":{"line":165,"column":3}},"type":"if","locations":[{"start":{"line":163,"column":2},"end":{"line":165,"column":3}}]},"31":{"loc":{"start":{"line":167,"column":2},"end":{"line":169,"column":3}},"type":"if","locations":[{"start":{"line":167,"column":2},"end":{"line":169,"column":3}}]},"32":{"loc":{"start":{"line":172,"column":2},"end":{"line":185,"column":3}},"type":"if","locations":[{"start":{"line":172,"column":2},"end":{"line":185,"column":3}},{"start":{"line":177,"column":9},"end":{"line":185,"column":3}}]},"33":{"loc":{"start":{"line":172,"column":6},"end":{"line":172,"column":26}},"type":"binary-expr","locations":[{"start":{"line":172,"column":6},"end":{"line":172,"column":15}},{"start":{"line":172,"column":19},"end":{"line":172,"column":26}}]},"34":{"loc":{"start":{"line":177,"column":9},"end":{"line":185,"column":3}},"type":"if","locations":[{"start":{"line":177,"column":9},"end":{"line":185,"column":3}},{"start":{"line":181,"column":9},"end":{"line":185,"column":3}}]},"35":{"loc":{"start":{"line":181,"column":9},"end":{"line":185,"column":3}},"type":"if","locations":[{"start":{"line":181,"column":9},"end":{"line":185,"column":3}}]},"36":{"loc":{"start":{"line":202,"column":4},"end":{"line":206,"column":5}},"type":"if","locations":[{"start":{"line":202,"column":4},"end":{"line":206,"column":5}}]},"37":{"loc":{"start":{"line":221,"column":2},"end":{"line":223,"column":3}},"type":"if","locations":[{"start":{"line":221,"column":2},"end":{"line":223,"column":3}}]},"38":{"loc":{"start":{"line":221,"column":6},"end":{"line":221,"column":32}},"type":"binary-expr","locations":[{"start":{"line":221,"column":6},"end":{"line":221,"column":14}},{"start":{"line":221,"column":18},"end":{"line":221,"column":32}}]},"39":{"loc":{"start":{"line":226,"column":4},"end":{"line":228,"column":5}},"type":"if","locations":[{"start":{"line":226,"column":4},"end":{"line":228,"column":5}}]},"40":{"loc":{"start":{"line":241,"column":2},"end":{"line":243,"column":3}},"type":"if","locations":[{"start":{"line":241,"column":2},"end":{"line":243,"column":3}}]},"41":{"loc":{"start":{"line":241,"column":6},"end":{"line":241,"column":54}},"type":"binary-expr","locations":[{"start":{"line":241,"column":6},"end":{"line":241,"column":14}},{"start":{"line":241,"column":18},"end":{"line":241,"column":26}},{"start":{"line":241,"column":30},"end":{"line":241,"column":41}},{"start":{"line":241,"column":45},"end":{"line":241,"column":54}}]},"42":{"loc":{"start":{"line":250,"column":11},"end":{"line":250,"column":57}},"type":"cond-expr","locations":[{"start":{"line":250,"column":23},"end":{"line":250,"column":45}},{"start":{"line":250,"column":48},"end":{"line":250,"column":57}}]},"43":{"loc":{"start":{"line":259,"column":14},"end":{"line":259,"column":33}},"type":"cond-expr","locations":[{"start":{"line":259,"column":27},"end":{"line":259,"column":31}},{"start":{"line":259,"column":31},"end":{"line":259,"column":33}}]},"44":{"loc":{"start":{"line":259,"column":14},"end":{"line":259,"column":31}},"type":"binary-expr","locations":[{"start":{"line":259,"column":14},"end":{"line":259,"column":31}},{"start":{"line":259,"column":27},"end":{"line":259,"column":31}}]},"45":{"loc":{"start":{"line":262,"column":13},"end":{"line":262,"column":38}},"type":"cond-expr","locations":[{"start":{"line":262,"column":25},"end":{"line":262,"column":29}},{"start":{"line":262,"column":29},"end":{"line":262,"column":38}}]},"46":{"loc":{"start":{"line":262,"column":13},"end":{"line":262,"column":29}},"type":"binary-expr","locations":[{"start":{"line":262,"column":13},"end":{"line":262,"column":29}},{"start":{"line":262,"column":25},"end":{"line":262,"column":29}}]},"47":{"loc":{"start":{"line":263,"column":13},"end":{"line":263,"column":38}},"type":"cond-expr","locations":[{"start":{"line":263,"column":25},"end":{"line":263,"column":29}},{"start":{"line":263,"column":29},"end":{"line":263,"column":38}}]},"48":{"loc":{"start":{"line":263,"column":13},"end":{"line":263,"column":29}},"type":"binary-expr","locations":[{"start":{"line":263,"column":13},"end":{"line":263,"column":29}},{"start":{"line":263,"column":25},"end":{"line":263,"column":29}}]},"49":{"loc":{"start":{"line":266,"column":2},"end":{"line":268,"column":3}},"type":"if","locations":[{"start":{"line":266,"column":2},"end":{"line":268,"column":3}}]},"50":{"loc":{"start":{"line":266,"column":6},"end":{"line":266,"column":52}},"type":"binary-expr","locations":[{"start":{"line":266,"column":6},"end":{"line":266,"column":28}},{"start":{"line":266,"column":32},"end":{"line":266,"column":52}}]},"51":{"loc":{"start":{"line":269,"column":2},"end":{"line":271,"column":3}},"type":"if","locations":[{"start":{"line":269,"column":2},"end":{"line":271,"column":3}}]},"52":{"loc":{"start":{"line":269,"column":6},"end":{"line":269,"column":48}},"type":"binary-expr","locations":[{"start":{"line":269,"column":6},"end":{"line":269,"column":25}},{"start":{"line":269,"column":29},"end":{"line":269,"column":48}}]},"53":{"loc":{"start":{"line":280,"column":2},"end":{"line":280,"column":26}},"type":"default-arg","locations":[{"start":{"line":280,"column":24},"end":{"line":280,"column":26}}]},"54":{"loc":{"start":{"line":281,"column":2},"end":{"line":281,"column":20}},"type":"default-arg","locations":[{"start":{"line":281,"column":19},"end":{"line":281,"column":20}}]},"55":{"loc":{"start":{"line":283,"column":2},"end":{"line":285,"column":3}},"type":"if","locations":[{"start":{"line":283,"column":2},"end":{"line":285,"column":3}}]},"56":{"loc":{"start":{"line":283,"column":6},"end":{"line":283,"column":30}},"type":"binary-expr","locations":[{"start":{"line":283,"column":6},"end":{"line":283,"column":17}},{"start":{"line":283,"column":21},"end":{"line":283,"column":30}}]},"57":{"loc":{"start":{"line":291,"column":23},"end":{"line":291,"column":61}},"type":"binary-expr","locations":[{"start":{"line":291,"column":23},"end":{"line":291,"column":42}},{"start":{"line":291,"column":46},"end":{"line":291,"column":61}}]},"58":{"loc":{"start":{"line":306,"column":18},"end":{"line":306,"column":63}},"type":"binary-expr","locations":[{"start":{"line":306,"column":18},"end":{"line":306,"column":24}},{"start":{"line":306,"column":28},"end":{"line":306,"column":63}}]},"59":{"loc":{"start":{"line":313,"column":4},"end":{"line":315,"column":5}},"type":"if","locations":[{"start":{"line":313,"column":4},"end":{"line":315,"column":5}}]},"60":{"loc":{"start":{"line":318,"column":52},"end":{"line":318,"column":96}},"type":"binary-expr","locations":[{"start":{"line":318,"column":52},"end":{"line":318,"column":72}},{"start":{"line":318,"column":76},"end":{"line":318,"column":96}}]},"61":{"loc":{"start":{"line":320,"column":4},"end":{"line":325,"column":5}},"type":"if","locations":[{"start":{"line":320,"column":4},"end":{"line":325,"column":5}}]},"62":{"loc":{"start":{"line":329,"column":2},"end":{"line":357,"column":3}},"type":"if","locations":[{"start":{"line":329,"column":2},"end":{"line":357,"column":3}}]},"63":{"loc":{"start":{"line":338,"column":20},"end":{"line":338,"column":64}},"type":"binary-expr","locations":[{"start":{"line":338,"column":20},"end":{"line":338,"column":25}},{"start":{"line":338,"column":29},"end":{"line":338,"column":64}}]},"64":{"loc":{"start":{"line":344,"column":6},"end":{"line":347,"column":7}},"type":"if","locations":[{"start":{"line":344,"column":6},"end":{"line":347,"column":7}}]},"65":{"loc":{"start":{"line":365,"column":2},"end":{"line":370,"column":3}},"type":"if","locations":[{"start":{"line":365,"column":2},"end":{"line":370,"column":3}}]},"66":{"loc":{"start":{"line":365,"column":6},"end":{"line":365,"column":54}},"type":"binary-expr","locations":[{"start":{"line":365,"column":6},"end":{"line":365,"column":20}},{"start":{"line":365,"column":24},"end":{"line":365,"column":37}},{"start":{"line":365,"column":41},"end":{"line":365,"column":54}}]},"67":{"loc":{"start":{"line":377,"column":20},"end":{"line":377,"column":52}},"type":"binary-expr","locations":[{"start":{"line":377,"column":20},"end":{"line":377,"column":35}},{"start":{"line":377,"column":39},"end":{"line":377,"column":52}}]},"68":{"loc":{"start":{"line":378,"column":22},"end":{"line":378,"column":90}},"type":"binary-expr","locations":[{"start":{"line":378,"column":22},"end":{"line":378,"column":37}},{"start":{"line":378,"column":41},"end":{"line":378,"column":56}},{"start":{"line":378,"column":60},"end":{"line":378,"column":73}},{"start":{"line":378,"column":77},"end":{"line":378,"column":90}}]},"69":{"loc":{"start":{"line":379,"column":25},"end":{"line":379,"column":68}},"type":"binary-expr","locations":[{"start":{"line":379,"column":25},"end":{"line":379,"column":34}},{"start":{"line":379,"column":38},"end":{"line":379,"column":52}},{"start":{"line":379,"column":56},"end":{"line":379,"column":68}}]},"70":{"loc":{"start":{"line":390,"column":2},"end":{"line":407,"column":3}},"type":"if","locations":[{"start":{"line":390,"column":2},"end":{"line":407,"column":3}}]},"71":{"loc":{"start":{"line":390,"column":6},"end":{"line":390,"column":42}},"type":"binary-expr","locations":[{"start":{"line":390,"column":6},"end":{"line":390,"column":13}},{"start":{"line":390,"column":17},"end":{"line":390,"column":26}},{"start":{"line":390,"column":30},"end":{"line":390,"column":42}}]},"72":{"loc":{"start":{"line":392,"column":4},"end":{"line":399,"column":5}},"type":"if","locations":[{"start":{"line":392,"column":4},"end":{"line":399,"column":5}}]},"73":{"loc":{"start":{"line":418,"column":2},"end":{"line":423,"column":3}},"type":"if","locations":[{"start":{"line":418,"column":2},"end":{"line":423,"column":3}}]},"74":{"loc":{"start":{"line":418,"column":6},"end":{"line":418,"column":84}},"type":"binary-expr","locations":[{"start":{"line":418,"column":6},"end":{"line":418,"column":12}},{"start":{"line":418,"column":17},"end":{"line":418,"column":49}},{"start":{"line":418,"column":53},"end":{"line":418,"column":83}}]},"75":{"loc":{"start":{"line":433,"column":2},"end":{"line":444,"column":3}},"type":"if","locations":[{"start":{"line":433,"column":2},"end":{"line":444,"column":3}}]},"76":{"loc":{"start":{"line":434,"column":4},"end":{"line":438,"column":34}},"type":"binary-expr","locations":[{"start":{"line":434,"column":4},"end":{"line":434,"column":12}},{"start":{"line":435,"column":5},"end":{"line":435,"column":34}},{"start":{"line":436,"column":6},"end":{"line":436,"column":33}},{"start":{"line":437,"column":6},"end":{"line":437,"column":35}},{"start":{"line":438,"column":6},"end":{"line":438,"column":33}}]},"77":{"loc":{"start":{"line":454,"column":2},"end":{"line":462,"column":3}},"type":"if","locations":[{"start":{"line":454,"column":2},"end":{"line":462,"column":3}}]},"78":{"loc":{"start":{"line":455,"column":4},"end":{"line":456,"column":91}},"type":"binary-expr","locations":[{"start":{"line":455,"column":4},"end":{"line":455,"column":15}},{"start":{"line":456,"column":5},"end":{"line":456,"column":28}},{"start":{"line":456,"column":32},"end":{"line":456,"column":60}},{"start":{"line":456,"column":64},"end":{"line":456,"column":90}}]},"79":{"loc":{"start":{"line":469,"column":2},"end":{"line":469,"column":33}},"type":"default-arg","locations":[{"start":{"line":469,"column":30},"end":{"line":469,"column":33}}]},"80":{"loc":{"start":{"line":473,"column":2},"end":{"line":473,"column":58}},"type":"if","locations":[{"start":{"line":473,"column":2},"end":{"line":473,"column":58}}]},"81":{"loc":{"start":{"line":480,"column":2},"end":{"line":480,"column":56}},"type":"if","locations":[{"start":{"line":480,"column":2},"end":{"line":480,"column":56}}]},"82":{"loc":{"start":{"line":484,"column":2},"end":{"line":484,"column":42}},"type":"if","locations":[{"start":{"line":484,"column":2},"end":{"line":484,"column":42}}]},"83":{"loc":{"start":{"line":487,"column":2},"end":{"line":487,"column":46}},"type":"if","locations":[{"start":{"line":487,"column":2},"end":{"line":487,"column":46}}]},"84":{"loc":{"start":{"line":490,"column":2},"end":{"line":490,"column":52}},"type":"if","locations":[{"start":{"line":490,"column":2},"end":{"line":490,"column":52}}]},"85":{"loc":{"start":{"line":515,"column":2},"end":{"line":520,"column":3}},"type":"if","locations":[{"start":{"line":515,"column":2},"end":{"line":520,"column":3}}]},"86":{"loc":{"start":{"line":515,"column":6},"end":{"line":515,"column":49}},"type":"binary-expr","locations":[{"start":{"line":515,"column":6},"end":{"line":515,"column":15}},{"start":{"line":515,"column":19},"end":{"line":515,"column":33}},{"start":{"line":515,"column":37},"end":{"line":515,"column":49}}]},"87":{"loc":{"start":{"line":532,"column":2},"end":{"line":544,"column":3}},"type":"if","locations":[{"start":{"line":532,"column":2},"end":{"line":544,"column":3}}]},"88":{"loc":{"start":{"line":536,"column":4},"end":{"line":543,"column":5}},"type":"if","locations":[{"start":{"line":536,"column":4},"end":{"line":543,"column":5}}]},"89":{"loc":{"start":{"line":536,"column":8},"end":{"line":536,"column":64}},"type":"binary-expr","locations":[{"start":{"line":536,"column":8},"end":{"line":536,"column":35}},{"start":{"line":536,"column":39},"end":{"line":536,"column":64}}]},"90":{"loc":{"start":{"line":563,"column":4},"end":{"line":568,"column":5}},"type":"if","locations":[{"start":{"line":563,"column":4},"end":{"line":568,"column":5}}]},"91":{"loc":{"start":{"line":571,"column":4},"end":{"line":576,"column":5}},"type":"if","locations":[{"start":{"line":571,"column":4},"end":{"line":576,"column":5}}]},"92":{"loc":{"start":{"line":580,"column":19},"end":{"line":580,"column":59}},"type":"binary-expr","locations":[{"start":{"line":580,"column":19},"end":{"line":580,"column":38}},{"start":{"line":580,"column":42},"end":{"line":580,"column":59}}]},"93":{"loc":{"start":{"line":582,"column":6},"end":{"line":582,"column":90}},"type":"binary-expr","locations":[{"start":{"line":582,"column":6},"end":{"line":582,"column":25}},{"start":{"line":582,"column":29},"end":{"line":582,"column":48}},{"start":{"line":582,"column":52},"end":{"line":582,"column":69}},{"start":{"line":582,"column":73},"end":{"line":582,"column":90}}]},"94":{"loc":{"start":{"line":589,"column":16},"end":{"line":589,"column":39}},"type":"cond-expr","locations":[{"start":{"line":589,"column":33},"end":{"line":589,"column":37}},{"start":{"line":589,"column":37},"end":{"line":589,"column":39}}]},"95":{"loc":{"start":{"line":589,"column":16},"end":{"line":589,"column":37}},"type":"binary-expr","locations":[{"start":{"line":589,"column":16},"end":{"line":589,"column":37}},{"start":{"line":589,"column":33},"end":{"line":589,"column":37}}]},"96":{"loc":{"start":{"line":590,"column":15},"end":{"line":590,"column":44}},"type":"cond-expr","locations":[{"start":{"line":590,"column":31},"end":{"line":590,"column":35}},{"start":{"line":590,"column":35},"end":{"line":590,"column":44}}]},"97":{"loc":{"start":{"line":590,"column":15},"end":{"line":590,"column":35}},"type":"binary-expr","locations":[{"start":{"line":590,"column":15},"end":{"line":590,"column":35}},{"start":{"line":590,"column":31},"end":{"line":590,"column":35}}]},"98":{"loc":{"start":{"line":591,"column":15},"end":{"line":591,"column":44}},"type":"cond-expr","locations":[{"start":{"line":591,"column":31},"end":{"line":591,"column":35}},{"start":{"line":591,"column":35},"end":{"line":591,"column":44}}]},"99":{"loc":{"start":{"line":591,"column":15},"end":{"line":591,"column":35}},"type":"binary-expr","locations":[{"start":{"line":591,"column":15},"end":{"line":591,"column":35}},{"start":{"line":591,"column":31},"end":{"line":591,"column":35}}]},"100":{"loc":{"start":{"line":594,"column":4},"end":{"line":620,"column":5}},"type":"if","locations":[{"start":{"line":594,"column":4},"end":{"line":620,"column":5}}]},"101":{"loc":{"start":{"line":596,"column":6},"end":{"line":619,"column":7}},"type":"if","locations":[{"start":{"line":596,"column":6},"end":{"line":619,"column":7}}]},"102":{"loc":{"start":{"line":639,"column":2},"end":{"line":641,"column":3}},"type":"if","locations":[{"start":{"line":639,"column":2},"end":{"line":641,"column":3}}]},"103":{"loc":{"start":{"line":639,"column":6},"end":{"line":639,"column":32}},"type":"binary-expr","locations":[{"start":{"line":639,"column":6},"end":{"line":639,"column":14}},{"start":{"line":639,"column":18},"end":{"line":639,"column":32}}]},"104":{"loc":{"start":{"line":644,"column":4},"end":{"line":649,"column":5}},"type":"if","locations":[{"start":{"line":644,"column":4},"end":{"line":649,"column":5}}]},"105":{"loc":{"start":{"line":652,"column":4},"end":{"line":654,"column":5}},"type":"if","locations":[{"start":{"line":652,"column":4},"end":{"line":654,"column":5}}]},"106":{"loc":{"start":{"line":657,"column":4},"end":{"line":662,"column":5}},"type":"if","locations":[{"start":{"line":657,"column":4},"end":{"line":662,"column":5}}]},"107":{"loc":{"start":{"line":664,"column":19},"end":{"line":664,"column":59}},"type":"binary-expr","locations":[{"start":{"line":664,"column":19},"end":{"line":664,"column":38}},{"start":{"line":664,"column":42},"end":{"line":664,"column":59}}]},"108":{"loc":{"start":{"line":666,"column":6},"end":{"line":666,"column":90}},"type":"binary-expr","locations":[{"start":{"line":666,"column":6},"e
[...]
,"/home/eno/calendarManagement/src/routes/eventRoutes.ts": {"path":"/home/eno/calendarManagement/src/routes/eventRoutes.ts","statementMap":{"0":{"start":{"line":1,"column":0},"end":{"line":1,"column":33}},"1":{"start":{"line":2,"column":0},"end":{"line":2,"column":null}},"2":{"start":{"line":10,"column":0},"end":{"line":10,"column":66}},"3":{"start":{"line":11,"column":0},"end":{"line":11,"column":null}},"4":{"start":{"line":23,"column":15},"end":{"line":23,"column":23}},"5":{"start":{"line":25,"column":0},"end":{"line":25,"column":97}},"6":{"start":{"line":111,"column":0},"end":{"line":111,"column":100}},"7":{"start":{"line":131,"column":0},"end":{"line":131,"column":82}},"8":{"start":{"line":157,"column":0},"end":{"line":157,"column":89}},"9":{"start":{"line":243,"column":0},"end":{"line":243,"column":84}},"10":{"start":{"line":244,"column":0},"end":{"line":244,"column":83}},"11":{"start":{"line":335,"column":0},"end":{"line":335,"column":87}},"12":{"start":{"line":357,"column":0},"end":{"line":357,"column":90}},"13":{"start":{"line":450,"column":0},"end":{"line":450,"column":99}},"14":{"start":{"line":572,"column":0},"end":{"line":576,"column":2}},"15":{"start":{"line":703,"column":0},"end":{"line":707,"column":2}},"16":{"start":{"line":709,"column":0},"end":{"line":709,"column":22}}},"fnMap":{},"branchMap":{},"s":{"0":2,"1":2,"2":2,"3":2,"4":2,"5":2,"6":2,"7":2,"8":2,"9":2,"10":2,"11":2,"12":2,"13":2,"14":2,"15":2,"16":2},"f":{},"b":{}}
,"/home/eno/calendarManagement/src/utils/dateFormatHelper.ts": {"path":"/home/eno/calendarManagement/src/utils/dateFormatHelper.ts","statementMap":{"0":{"start":{"line":11,"column":0},"end":{"line":11,"column":16}},"1":{"start":{"line":15,"column":18},"end":{"line":15,"column":37}},"2":{"start":{"line":16,"column":16},"end":{"line":16,"column":33}},"3":{"start":{"line":19,"column":2},"end":{"line":23,"column":3}},"4":{"start":{"line":20,"column":4},"end":{"line":20,"column":90}},"5":{"start":{"line":21,"column":4},"end":{"line":21,"column":45}},"6":{"start":{"line":22,"column":4},"end":{"line":22,"column":45}},"7":{"start":{"line":24,"column":2},"end":{"line":28,"column":3}},"8":{"start":{"line":25,"column":4},"end":{"line":25,"column":84}},"9":{"start":{"line":26,"column":4},"end":{"line":26,"column":41}},"10":{"start":{"line":27,"column":4},"end":{"line":27,"column":41}},"11":{"start":{"line":32,"column":2},"end":{"line":37,"column":3}},"12":{"start":{"line":33,"column":4},"end":{"line":33,"column":85}},"13":{"start":{"line":35,"column":4},"end":{"line":35,"column":40}},"14":{"start":{"line":36,"column":4},"end":{"line":36,"column":45}},"15":{"start":{"line":38,"column":2},"end":{"line":43,"column":3}},"16":{"start":{"line":39,"column":4},"end":{"line":39,"column":81}},"17":{"start":{"line":41,"column":4},"end":{"line":41,"column":38}},"18":{"start":{"line":42,"column":4},"end":{"line":42,"column":41}},"19":{"start":{"line":46,"column":2},"end":{"line":48,"column":3}},"20":{"start":{"line":47,"column":4},"end":{"line":47,"column":92}},"21":{"start":{"line":49,"column":2},"end":{"line":51,"column":3}},"22":{"start":{"line":50,"column":4},"end":{"line":50,"column":86}},"23":{"start":{"line":54,"column":2},"end":{"line":54,"column":54}}},"fnMap":{"0":{"name":"normalizeRequestDates","decl":{"start":{"line":11,"column":16},"end":{"line":11,"column":37}},"loc":{"start":{"line":11,"column":50},"end":{"line":55,"column":1}}}},"branchMap":{"0":{"loc":{"start":{"line":19,"column":2},"end":{"line":23,"column":3}},"type":"if","locations":[{"start":{"line":19,"column":2},"end":{"line":23,"column":3}}]},"1":{"loc":{"start":{"line":19,"column":6},"end":{"line":19,"column":46}},"type":"binary-expr","locations":[{"start":{"line":19,"column":6},"end":{"line":19,"column":24}},{"start":{"line":19,"column":28},"end":{"line":19,"column":46}}]},"2":{"loc":{"start":{"line":24,"column":2},"end":{"line":28,"column":3}},"type":"if","locations":[{"start":{"line":24,"column":2},"end":{"line":28,"column":3}}]},"3":{"loc":{"start":{"line":24,"column":6},"end":{"line":24,"column":42}},"type":"binary-expr","locations":[{"start":{"line":24,"column":6},"end":{"line":24,"column":22}},{"start":{"line":24,"column":26},"end":{"line":24,"column":42}}]},"4":{"loc":{"start":{"line":32,"column":2},"end":{"line":37,"column":3}},"type":"if","locations":[{"start":{"line":32,"column":2},"end":{"line":37,"column":3}}]},"5":{"loc":{"start":{"line":32,"column":6},"end":{"line":32,"column":64}},"type":"binary-expr","locations":[{"start":{"line":32,"column":6},"end":{"line":32,"column":25}},{"start":{"line":32,"column":29},"end":{"line":32,"column":42}},{"start":{"line":32,"column":46},"end":{"line":32,"column":64}}]},"6":{"loc":{"start":{"line":38,"column":2},"end":{"line":43,"column":3}},"type":"if","locations":[{"start":{"line":38,"column":2},"end":{"line":43,"column":3}}]},"7":{"loc":{"start":{"line":38,"column":6},"end":{"line":38,"column":60}},"type":"binary-expr","locations":[{"start":{"line":38,"column":6},"end":{"line":38,"column":23}},{"start":{"line":38,"column":27},"end":{"line":38,"column":40}},{"start":{"line":38,"column":44},"end":{"line":38,"column":60}}]},"8":{"loc":{"start":{"line":46,"column":2},"end":{"line":48,"column":3}},"type":"if","locations":[{"start":{"line":46,"column":2},"end":{"line":48,"column":3}}]},"9":{"loc":{"start":{"line":46,"column":6},"end":{"line":46,"column":62}},"type":"binary-expr","locations":[{"start":{"line":46,"column":6},"end":{"line":46,"column":25}},{"start":{"line":46,"column":29},"end":{"line":46,"column":48}},{"start":{"line":46,"column":52},"end":{"line":46,"column":62}}]},"10":{"loc":{"start":{"line":49,"column":2},"end":{"line":51,"column":3}},"type":"if","locations":[{"start":{"line":49,"column":2},"end":{"line":51,"column":3}}]},"11":{"loc":{"start":{"line":49,"column":6},"end":{"line":49,"column":56}},"type":"binary-expr","locations":[{"start":{"line":49,"column":6},"end":{"line":49,"column":23}},{"start":{"line":49,"column":27},"end":{"line":49,"column":44}},{"start":{"line":49,"column":48},"end":{"line":49,"column":56}}]}},"s":{"0":8,"1":27,"2":27,"3":27,"4":1,"5":1,"6":1,"7":27,"8":1,"9":1,"10":1,"11":27,"12":1,"13":1,"14":1,"15":27,"16":1,"17":1,"18":1,"19":27,"20":7,"21":27,"22":6,"23":27},"f":{"0":27},"b":{"0":[1],"1":[27,1],"2":[1],"3":[27,1],"4":[1],"5":[27,26,1],"6":[1],"7":[27,26,1],"8":[7],"9":[27,9,9],"10":[6],"11":[27,8,8]}}
,"/home/eno/calendarManagement/src/utils/dateUtils.ts": {"path":"/home/eno/calendarManagement/src/utils/dateUtils.ts","statementMap":{"0":{"start":{"line":6,"column":0},"end":{"line":6,"column":16}},"1":{"start":{"line":21,"column":0},"end":{"line":21,"column":16}},"2":{"start":{"line":39,"column":0},"end":{"line":39,"column":16}},"3":{"start":{"line":50,"column":0},"end":{"line":50,"column":16}},"4":{"start":{"line":59,"column":0},"end":{"line":59,"column":16}},"5":{"start":{"line":69,"column":0},"end":{"line":69,"column":16}},"6":{"start":{"line":78,"column":0},"end":{"line":78,"column":16}},"7":{"start":{"line":89,"column":0},"end":{"line":89,"column":16}},"8":{"start":{"line":7,"column":15},"end":{"line":7,"column":74}},"9":{"start":{"line":8,"column":2},"end":{"line":8,"column":38}},"10":{"start":{"line":29,"column":2},"end":{"line":29,"column":72}},"11":{"start":{"line":40,"column":2},"end":{"line":40,"column":59}},"12":{"start":{"line":51,"column":2},"end":{"line":51,"column":62}},"13":{"start":{"line":60,"column":15},"end":{"line":60,"column":35}},"14":{"start":{"line":61,"column":2},"end":{"line":61,"column":32}},"15":{"start":{"line":70,"column":2},"end":{"line":70,"column":42}},"16":{"start":{"line":79,"column":2},"end":{"line":79,"column":58}},"17":{"start":{"line":90,"column":2},"end":{"line":90,"column":27}},"18":{"start":{"line":90,"column":14},"end":{"line":90,"column":27}},"19":{"start":{"line":93,"column":28},"end":{"line":93,"column":59}},"20":{"start":{"line":96,"column":2},"end":{"line":98,"column":3}},"21":{"start":{"line":97,"column":4},"end":{"line":97,"column":17}},"22":{"start":{"line":100,"column":14},"end":{"line":100,"column":29}},"23":{"start":{"line":102,"column":2},"end":{"line":106,"column":3}},"24":{"start":{"line":103,"column":22},"end":{"line":103,"column":48}},"25":{"start":{"line":104,"column":4},"end":{"line":104,"column":50}},"26":{"start":{"line":105,"column":4},"end":{"line":105,"column":50}},"27":{"start":{"line":108,"column":2},"end":{"line":112,"column":3}},"28":{"start":{"line":109,"column":20},"end":{"line":109,"column":44}},"29":{"start":{"line":110,"column":4},"end":{"line":110,"column":46}},"30":{"start":{"line":111,"column":4},"end":{"line":111,"column":46}},"31":{"start":{"line":114,"column":2},"end":{"line":114,"column":16}}},"fnMap":{"0":{"name":"toUTCDate","decl":{"start":{"line":6,"column":16},"end":{"line":6,"column":25}},"loc":{"start":{"line":6,"column":50},"end":{"line":9,"column":1}}},"1":{"name":"createUTCDateFromParts","decl":{"start":{"line":21,"column":16},"end":{"line":21,"column":38}},"loc":{"start":{"line":27,"column":20},"end":{"line":30,"column":1}}},"2":{"name":"getUTCStartOfDay","decl":{"start":{"line":39,"column":16},"end":{"line":39,"column":32}},"loc":{"start":{"line":39,"column":73},"end":{"line":41,"column":1}}},"3":{"name":"getUTCEndOfDay","decl":{"start":{"line":50,"column":16},"end":{"line":50,"column":30}},"loc":{"start":{"line":50,"column":71},"end":{"line":52,"column":1}}},"4":{"name":"isValidUTCDate","decl":{"start":{"line":59,"column":16},"end":{"line":59,"column":30}},"loc":{"start":{"line":59,"column":49},"end":{"line":62,"column":1}}},"5":{"name":"extractDatePart","decl":{"start":{"line":69,"column":16},"end":{"line":69,"column":31}},"loc":{"start":{"line":69,"column":42},"end":{"line":71,"column":1}}},"6":{"name":"extractTimePart","decl":{"start":{"line":78,"column":16},"end":{"line":78,"column":31}},"loc":{"start":{"line":78,"column":42},"end":{"line":80,"column":1}}},"7":{"name":"enrichEventWithDateTimeParts","decl":{"start":{"line":89,"column":16},"end":{"line":89,"column":44}},"loc":{"start":{"line":89,"column":85},"end":{"line":115,"column":1}}}},"branchMap":{"0":{"loc":{"start":{"line":7,"column":15},"end":{"line":7,"column":74}},"type":"cond-expr","locations":[{"start":{"line":7,"column":43},"end":{"line":7,"column":52}},{"start":{"line":7,"column":55},"end":{"line":7,"column":74}}]},"1":{"loc":{"start":{"line":25,"column":2},"end":{"line":25,"column":18}},"type":"default-arg","locations":[{"start":{"line":25,"column":17},"end":{"line":25,"column":18}}]},"2":{"loc":{"start":{"line":26,"column":2},"end":{"line":26,"column":20}},"type":"default-arg","locations":[{"start":{"line":26,"column":19},"end":{"line":26,"column":20}}]},"3":{"loc":{"start":{"line":27,"column":2},"end":{"line":27,"column":20}},"type":"default-arg","locations":[{"start":{"line":27,"column":19},"end":{"line":27,"column":20}}]},"4":{"loc":{"start":{"line":89,"column":57},"end":{"line":89,"column":85}},"type":"default-arg","locations":[{"start":{"line":89,"column":80},"end":{"line":89,"column":85}}]},"5":{"loc":{"start":{"line":90,"column":2},"end":{"line":90,"column":27}},"type":"if","locations":[{"start":{"line":90,"column":2},"end":{"line":90,"column":27}}]},"6":{"loc":{"start":{"line":96,"column":2},"end":{"line":98,"column":3}},"type":"if","locations":[{"start":{"line":96,"column":2},"end":{"line":98,"column":3}}]},"7":{"loc":{"start":{"line":96,"column":6},"end":{"line":96,"column":39}},"type":"binary-expr","locations":[{"start":{"line":96,"column":6},"end":{"line":96,"column":23}},{"start":{"line":96,"column":27},"end":{"line":96,"column":39}}]},"8":{"loc":{"start":{"line":102,"column":2},"end":{"line":106,"column":3}},"type":"if","locations":[{"start":{"line":102,"column":2},"end":{"line":106,"column":3}}]},"9":{"loc":{"start":{"line":108,"column":2},"end":{"line":112,"column":3}},"type":"if","locations":[{"start":{"line":108,"column":2},"end":{"line":112,"column":3}}]}},"s":{"0":8,"1":8,"2":8,"3":8,"4":8,"5":8,"6":8,"7":8,"8":3,"9":3,"10":3,"11":2,"12":2,"13":4,"14":4,"15":67,"16":67,"17":39,"18":2,"19":37,"20":37,"21":2,"22":35,"23":35,"24":33,"25":33,"26":32,"27":34,"28":32,"29":32,"30":32,"31":34},"f":{"0":3,"1":3,"2":2,"3":2,"4":4,"5":67,"6":67,"7":39},"b":{"0":[1,2],"1":[0],"2":[0],"3":[0],"4":[4],"5":[2],"6":[2],"7":[37,37],"8":[33],"9":[32]}}
,"/home/eno/calendarManagement/src/validation/eventSchemas.ts": {"path":"/home/eno/calendarManagement/src/validation/eventSchemas.ts","statementMap":{"0":{"start":{"line":1,"column":0},"end":{"line":1,"column":24}},"1":{"start":{"line":3,"column":24},"end":{"line":25,"column":2}},"2":{"start":{"line":19,"column":38},"end":{"line":19,"column":61}},"3":{"start":{"line":22,"column":38},"end":{"line":22,"column":61}},"4":{"start":{"line":27,"column":13},"end":{"line":37,"column":2}},"5":{"start":{"line":30,"column":19},"end":{"line":30,"column":51}},"6":{"start":{"line":31,"column":21},"end":{"line":31,"column":64}},"7":{"start":{"line":32,"column":4},"end":{"line":32,"column":30}},"8":{"start":{"line":39,"column":13},"end":{"line":39,"column":59}},"9":{"start":{"line":41,"column":13},"end":{"line":43,"column":3}},"10":{"start":{"line":45,"column":13},"end":{"line":82,"column":3}},"11":{"start":{"line":49,"column":19},"end":{"line":49,"column":53}},"12":{"start":{"line":53,"column":6},"end":{"line":53,"column":44}},"13":{"start":{"line":53,"column":27},"end":{"line":53,"column":44}},"14":{"start":{"line":54,"column":6},"end":{"line":57,"column":7}},"15":{"start":{"line":55,"column":8},"end":{"line":55,"column":88}},"16":{"start":{"line":56,"column":8},"end":{"line":56,"column":23}},"17":{"start":{"line":58,"column":6},"end":{"line":58,"column":23}},"18":{"start":{"line":63,"column":19},"end":{"line":63,"column":53}},"19":{"start":{"line":67,"column":6},"end":{"line":67,"column":44}},"20":{"start":{"line":67,"column":27},"end":{"line":67,"column":44}},"21":{"start":{"line":68,"column":6},"end":{"line":71,"column":7}},"22":{"start":{"line":69,"column":8},"end":{"line":69,"column":97}},"23":{"start":{"line":70,"column":8},"end":{"line":70,"column":23}},"24":{"start":{"line":72,"column":6},"end":{"line":72,"column":23}}},"fnMap":{"0":{"name":"(anonymous_0)","decl":{"start":{"line":19,"column":29},"end":{"line":19,"column":30}},"loc":{"start":{"line":19,"column":38},"end":{"line":19,"column":61}}},"1":{"name":"(anonymous_1)","decl":{"start":{"line":22,"column":29},"end":{"line":22,"column":30}},"loc":{"start":{"line":22,"column":38},"end":{"line":22,"column":61}}},"2":{"name":"(anonymous_2)","decl":{"start":{"line":28,"column":2},"end":{"line":28,"column":3}},"loc":{"start":{"line":28,"column":11},"end":{"line":33,"column":3}}},"3":{"name":"(anonymous_3)","decl":{"start":{"line":49,"column":12},"end":{"line":49,"column":13}},"loc":{"start":{"line":49,"column":19},"end":{"line":49,"column":53}}},"4":{"name":"(anonymous_4)","decl":{"start":{"line":52,"column":15},"end":{"line":52,"column":16}},"loc":{"start":{"line":52,"column":26},"end":{"line":59,"column":5}}},"5":{"name":"(anonymous_5)","decl":{"start":{"line":63,"column":12},"end":{"line":63,"column":13}},"loc":{"start":{"line":63,"column":19},"end":{"line":63,"column":53}}},"6":{"name":"(anonymous_6)","decl":{"start":{"line":66,"column":15},"end":{"line":66,"column":16}},"loc":{"start":{"line":66,"column":26},"end":{"line":73,"column":5}}}},"branchMap":{"0":{"loc":{"start":{"line":30,"column":19},"end":{"line":30,"column":51}},"type":"cond-expr","locations":[{"start":{"line":30,"column":34},"end":{"line":30,"column":38}},{"start":{"line":30,"column":38},"end":{"line":30,"column":51}}]},"1":{"loc":{"start":{"line":30,"column":19},"end":{"line":30,"column":38}},"type":"binary-expr","locations":[{"start":{"line":30,"column":19},"end":{"line":30,"column":38}},{"start":{"line":30,"column":34},"end":{"line":30,"column":38}}]},"2":{"loc":{"start":{"line":31,"column":21},"end":{"line":31,"column":64}},"type":"binary-expr","locations":[{"start":{"line":31,"column":21},"end":{"line":31,"column":30}},{"start":{"line":31,"column":34},"end":{"line":31,"column":48}},{"start":{"line":31,"column":52},"end":{"line":31,"column":64}}]},"3":{"loc":{"start":{"line":32,"column":11},"end":{"line":32,"column":29}},"type":"cond-expr","locations":[{"start":{"line":32,"column":11},"end":{"line":32,"column":17}},{"start":{"line":32,"column":21},"end":{"line":32,"column":29}}]},"4":{"loc":{"start":{"line":32,"column":11},"end":{"line":32,"column":21}},"type":"binary-expr","locations":[{"start":{"line":32,"column":11},"end":{"line":32,"column":21}},{"start":{"line":32,"column":11},"end":{"line":32,"column":21}}]},"5":{"loc":{"start":{"line":49,"column":19},"end":{"line":49,"column":53}},"type":"binary-expr","locations":[{"start":{"line":49,"column":19},"end":{"line":49,"column":34}},{"start":{"line":49,"column":38},"end":{"line":49,"column":53}}]},"6":{"loc":{"start":{"line":53,"column":6},"end":{"line":53,"column":44}},"type":"if","locations":[{"start":{"line":53,"column":6},"end":{"line":53,"column":44}}]},"7":{"loc":{"start":{"line":54,"column":6},"end":{"line":57,"column":7}},"type":"if","locations":[{"start":{"line":54,"column":6},"end":{"line":57,"column":7}}]},"8":{"loc":{"start":{"line":63,"column":19},"end":{"line":63,"column":53}},"type":"binary-expr","locations":[{"start":{"line":63,"column":19},"end":{"line":63,"column":34}},{"start":{"line":63,"column":38},"end":{"line":63,"column":53}}]},"9":{"loc":{"start":{"line":67,"column":6},"end":{"line":67,"column":44}},"type":"if","locations":[{"start":{"line":67,"column":6},"end":{"line":67,"column":44}}]},"10":{"loc":{"start":{"line":68,"column":6},"end":{"line":71,"column":7}},"type":"if","locations":[{"start":{"line":68,"column":6},"end":{"line":71,"column":7}}]}},"s":{"0":8,"1":8,"2":3,"3":3,"4":8,"5":3,"6":3,"7":3,"8":8,"9":8,"10":8,"11":12,"12":12,"13":10,"14":2,"15":0,"16":0,"17":2,"18":12,"19":12,"20":10,"21":2,"22":0,"23":0,"24":2},"f":{"0":3,"1":3,"2":3,"3":12,"4":12,"5":12,"6":12},"b":{"0":[1,2],"1":[3,3],"2":[3,2,2],"3":[1,2],"4":[3,3],"5":[12,2],"6":[10],"7":[0],"8":[12,2],"9":[10],"10":[0]}}
}
