TN:
SF:src/app.ts
FN:69,(anonymous_1)
FN:74,(anonymous_2)
FNF:2
FNH:1
FNDA:1,(anonymous_1)
FNDA:0,(anonymous_2)
DA:1,1
DA:2,1
DA:3,1
DA:4,1
DA:5,1
DA:6,1
DA:7,1
DA:10,1
DA:12,1
DA:13,1
DA:14,1
DA:21,1
DA:29,1
DA:56,1
DA:58,1
DA:59,1
DA:63,1
DA:66,1
DA:69,1
DA:70,1
DA:74,1
DA:75,0
DA:78,1
LF:23
LH:22
BRDA:16,0,0,1
BRDA:16,0,1,1
BRDA:58,1,0,1
BRF:3
BRH:3
end_of_record
TN:
SF:src/data-source.ts
FNF:0
FNH:0
DA:1,2
DA:2,2
DA:3,2
DA:7,2
DA:8,2
DA:10,2
DA:12,2
LF:7
LH:7
BRDA:13,0,0,2
BRDA:13,0,1,0
BRDA:24,1,0,0
BRDA:24,1,1,0
BRDA:25,2,0,0
BRDA:25,2,1,0
BRDA:26,3,0,0
BRDA:26,3,1,0
BRDA:27,4,0,0
BRDA:27,4,1,0
BRDA:28,5,0,0
BRDA:28,5,1,0
BRF:12
BRH:1
end_of_record
TN:
SF:src/controllers/eventController.ts
FN:5,(anonymous_0)
FN:15,(anonymous_1)
FN:26,(anonymous_2)
FN:37,(anonymous_3)
FN:50,(anonymous_4)
FNF:5
FNH:0
FNDA:0,(anonymous_0)
FNDA:0,(anonymous_1)
FNDA:0,(anonymous_2)
FNDA:0,(anonymous_3)
FNDA:0,(anonymous_4)
DA:2,1
DA:3,1
DA:5,1
DA:6,0
DA:7,0
DA:8,0
DA:9,0
DA:11,0
DA:15,1
DA:16,0
DA:17,0
DA:18,0
DA:19,0
DA:20,0
DA:22,0
DA:26,1
DA:27,0
DA:28,0
DA:29,0
DA:30,0
DA:31,0
DA:33,0
DA:37,1
DA:38,0
DA:39,0
DA:40,0
DA:41,0
DA:42,0
DA:43,0
DA:44,0
DA:46,0
DA:50,1
DA:51,0
DA:52,0
DA:53,0
DA:54,0
DA:55,0
DA:57,0
LF:38
LH:7
BRDA:19,0,0,0
BRDA:41,1,0,0
BRDA:54,2,0,0
BRF:3
BRH:0
end_of_record
TN:
SF:src/models/Event.ts
FNF:0
FNH:0
DA:1,2
DA:4,2
DA:6,2
DA:9,2
DA:12,2
DA:15,2
DA:18,2
DA:21,2
LF:8
LH:8
BRF:0
BRH:0
end_of_record
TN:
SF:src/routes/eventRoutes.ts
FNF:0
FNH:0
DA:1,1
DA:2,1
DA:16,1
DA:28,1
DA:48,1
DA:66,1
DA:92,1
DA:112,1
DA:114,1
LF:9
LH:9
BRF:0
BRH:0
end_of_record
