TN:
SF:src/app.ts
FN:114,(anonymous_1)
FN:214,(anonymous_2)
FNF:2
FNH:2
FNDA:1,(anonymous_1)
FNDA:2,(anonymous_2)
DA:1,2
DA:2,2
DA:3,2
DA:4,2
DA:5,2
DA:6,2
DA:7,2
DA:8,2
DA:11,2
DA:13,2
DA:14,2
DA:17,2
DA:26,2
DA:42,2
DA:97,2
DA:100,2
DA:111,2
DA:114,2
DA:115,1
DA:211,2
DA:214,2
DA:215,2
DA:218,2
LF:23
LH:23
BRDA:19,0,0,0
BRDA:19,0,1,2
BRDA:19,1,0,2
BRDA:19,1,1,2
BRDA:46,2,0,0
BRDA:46,2,1,2
BRDA:46,3,0,2
BRDA:46,3,1,2
BRDA:47,4,0,0
BRDA:47,4,1,2
BRDA:47,5,0,2
BRDA:47,5,1,2
BRDA:119,6,0,0
BRDA:119,6,1,1
BRDA:119,7,0,1
BRDA:119,7,1,1
BRDA:195,8,0,0
BRDA:195,8,1,1
BRDA:195,9,0,1
BRDA:195,9,1,1
BRDA:202,10,0,0
BRDA:202,10,1,1
BRDA:202,11,0,1
BRDA:202,11,1,1
BRF:24
BRH:18
end_of_record
TN:
SF:src/loadEnv.ts
FNF:0
FNH:0
DA:2,1
DA:5,1
DA:8,1
LF:3
LH:3
BRF:0
BRH:0
end_of_record
TN:
SF:src/prisma.ts
FN:45,(anonymous_9)
FN:59,(anonymous_10)
FN:60,(anonymous_11)
FN:81,(anonymous_12)
FN:87,(anonymous_13)
FNF:5
FNH:5
FNDA:13,(anonymous_9)
FNDA:3,(anonymous_10)
FNDA:3,(anonymous_11)
FNDA:1,(anonymous_12)
FNDA:2,(anonymous_13)
DA:1,13
DA:2,13
DA:6,13
DA:9,13
DA:11,9
DA:12,4
DA:16,9
DA:19,9
DA:20,0
DA:27,9
DA:30,9
DA:31,1
DA:32,0
DA:40,13
DA:45,13
DA:47,13
DA:49,4
DA:53,9
DA:56,9
DA:58,8
DA:59,3
DA:60,3
DA:65,1
DA:66,1
DA:70,0
DA:77,13
DA:80,13
DA:84,1
DA:85,1
DA:87,2
DA:92,13
DA:94,13
LF:32
LH:29
BRDA:6,0,0,13
BRDA:6,0,1,10
BRDA:6,1,0,0
BRDA:6,1,1,10
BRDA:6,2,0,10
BRDA:6,2,1,10
BRDA:9,3,0,9
BRDA:11,4,0,4
BRDA:16,5,0,9
BRDA:16,5,1,1
BRDA:19,6,0,0
BRDA:19,7,0,9
BRDA:19,7,1,4
BRDA:30,8,0,1
BRDA:30,9,0,9
BRDA:30,9,1,5
BRDA:31,10,0,0
BRDA:40,11,0,13
BRDA:40,11,1,0
BRDA:40,12,0,13
BRDA:40,12,1,13
BRDA:47,13,0,4
BRDA:53,14,0,9
BRDA:53,14,1,1
BRDA:56,15,0,8
BRDA:67,16,0,1
BRDA:67,16,1,0
BRDA:87,17,0,1
BRDA:87,17,1,1
BRDA:87,18,0,2
BRDA:87,18,1,2
BRDA:92,19,0,10
BRDA:92,19,1,3
BRDA:92,20,0,1
BRDA:92,20,1,9
BRDA:92,21,0,10
BRDA:92,21,1,10
BRF:37
BRH:32
end_of_record
TN:
SF:src/controllers/calendarViewController.ts
FN:6,isValidDateString
FN:10,getEventsBetween
FN:28,sanitizeEvent
FN:38,sanitizeEvents
FN:42,(anonymous_13)
FN:42,(anonymous_14)
FN:62,(anonymous_15)
FN:62,(anonymous_16)
FN:117,(anonymous_17)
FN:117,(anonymous_18)
FN:176,getDateOfISOWeek
FN:185,getISOWeekAndYear
FNF:12
FNH:12
FNDA:11,isValidDateString
FNDA:8,getEventsBetween
FNDA:7,sanitizeEvent
FNDA:5,sanitizeEvents
FNDA:3,(anonymous_13)
FNDA:3,(anonymous_14)
FNDA:4,(anonymous_15)
FNDA:4,(anonymous_16)
FNDA:4,(anonymous_17)
FNDA:4,(anonymous_18)
FNDA:3,getDateOfISOWeek
FNDA:1,getISOWeekAndYear
DA:2,3
DA:7,11
DA:12,8
DA:20,8
DA:24,5
DA:29,7
DA:39,5
DA:42,3
DA:43,3
DA:44,3
DA:45,1
DA:47,2
DA:48,2
DA:51,1
DA:56,1
DA:58,1
DA:62,4
DA:64,4
DA:65,4
DA:66,4
DA:71,4
DA:72,1
DA:73,1
DA:74,1
DA:75,1
DA:76,1
DA:77,3
DA:78,1
DA:82,2
DA:85,3
DA:86,3
DA:87,3
DA:88,3
DA:90,3
DA:91,3
DA:94,2
DA:95,2
DA:96,2
DA:97,14
DA:98,14
DA:102,2
DA:111,2
DA:113,1
DA:117,4
DA:119,4
DA:120,4
DA:121,4
DA:127,4
DA:128,1
DA:129,1
DA:130,1
DA:131,3
DA:132,1
DA:136,2
DA:137,2
DA:140,3
DA:141,3
DA:144,3
DA:145,3
DA:147,3
DA:150,2
DA:151,2
DA:152,2
DA:153,62
DA:159,2
DA:169,2
DA:171,1
DA:177,3
DA:178,3
DA:179,3
DA:180,3
DA:181,0
DA:182,3
DA:186,1
DA:187,1
DA:190,1
DA:192,1
DA:194,1
DA:196,1
LF:79
LH:78
BRDA:7,0,0,11
BRDA:7,0,1,4
BRDA:7,0,2,4
BRDA:12,1,0,2
BRDA:12,1,1,6
BRDA:31,2,0,7
BRDA:31,2,1,0
BRDA:31,3,0,7
BRDA:31,3,1,7
BRDA:32,4,0,7
BRDA:32,4,1,0
BRDA:33,5,0,7
BRDA:33,5,1,0
BRDA:34,6,0,7
BRDA:34,6,1,0
BRDA:34,7,0,7
BRDA:34,7,1,7
BRDA:35,8,0,7
BRDA:35,8,1,0
BRDA:35,9,0,7
BRDA:35,9,1,7
BRDA:43,10,0,2
BRDA:43,10,1,1
BRDA:44,11,0,1
BRDA:64,12,0,1
BRDA:64,12,1,3
BRDA:65,13,0,2
BRDA:65,13,1,2
BRDA:66,14,0,3
BRDA:66,14,1,1
BRDA:71,15,0,1
BRDA:71,15,1,3
BRDA:77,16,0,1
BRDA:77,16,1,2
BRDA:77,17,0,3
BRDA:77,17,1,2
BRDA:77,17,2,2
BRDA:77,17,3,2
BRDA:119,18,0,1
BRDA:119,18,1,3
BRDA:120,19,0,2
BRDA:120,19,1,2
BRDA:121,20,0,3
BRDA:121,20,1,1
BRDA:127,21,0,1
BRDA:127,21,1,3
BRDA:131,22,0,1
BRDA:131,22,1,2
BRDA:131,23,0,3
BRDA:131,23,1,2
BRDA:131,23,2,2
BRDA:131,23,3,2
BRDA:180,24,0,3
BRDA:180,24,1,0
BRDA:190,25,0,1
BRDA:190,25,1,0
BRF:56
BRH:49
end_of_record
TN:
SF:src/controllers/eventController.ts
FN:8,toDateOrUndefined
FN:22,sanitizeEvent
FN:23,formatDateFields
FN:86,sanitizeEvents
FN:105,handleError
FN:123,(anonymous_13)
FN:123,(anonymous_14)
FN:133,validateFilterParameters
FN:154,buildEventFilters
FN:191,(anonymous_17)
FN:191,(anonymous_18)
FN:219,(anonymous_19)
FN:219,(anonymous_20)
FN:237,hasEventConflict
FN:238,(anonymous_22)
FN:257,validateEventBody
FN:277,suggestAlternativeSlots
FN:294,(anonymous_25)
FN:318,(anonymous_26)
FN:364,validateBasicFields
FN:375,detectDateFormat
FN:384,validateDateFormatPresence
FN:413,validateIsoFormat
FN:428,validateSplitFormat
FN:449,validateAltSplitFormat
FN:467,validateRequiredEventFields
FN:497,isValidISODate
FN:503,isValidDate
FN:508,isValidTime
FN:514,normalizeTestFormatFields
FN:524,shapeEventResponse
FN:549,shapeUpdateEventResponse
FN:560,(anonymous_40)
FN:560,(anonymous_41)
FN:612,(anonymous_42)
FN:637,(anonymous_43)
FN:637,(anonymous_44)
FN:692,(anonymous_45)
FN:692,(anonymous_46)
FNF:39
FNH:37
FNDA:38,toDateOrUndefined
FNDA:31,sanitizeEvent
FNDA:31,formatDateFields
FNDA:8,sanitizeEvents
FNDA:26,handleError
FNDA:2,(anonymous_13)
FNDA:2,(anonymous_14)
FNDA:0,validateFilterParameters
FNDA:11,buildEventFilters
FNDA:11,(anonymous_17)
FNDA:11,(anonymous_18)
FNDA:10,(anonymous_19)
FNDA:10,(anonymous_20)
FNDA:13,hasEventConflict
FNDA:13,(anonymous_22)
FNDA:0,validateEventBody
FNDA:4,suggestAlternativeSlots
FNDA:14,(anonymous_25)
FNDA:87,(anonymous_26)
FNDA:60,validateBasicFields
FNDA:51,detectDateFormat
FNDA:51,validateDateFormatPresence
FNDA:47,validateIsoFormat
FNDA:42,validateSplitFormat
FNDA:35,validateAltSplitFormat
FNDA:60,validateRequiredEventFields
FNDA:48,isValidISODate
FNDA:32,isValidDate
FNDA:26,isValidTime
FNDA:14,normalizeTestFormatFields
FNDA:8,shapeEventResponse
FNDA:4,shapeUpdateEventResponse
FNDA:21,(anonymous_40)
FNDA:21,(anonymous_41)
FNDA:14,(anonymous_42)
FNDA:15,(anonymous_43)
FNDA:15,(anonymous_44)
FNDA:11,(anonymous_45)
FNDA:11,(anonymous_46)
DA:2,7
DA:5,7
DA:9,38
DA:10,38
DA:11,38
DA:12,38
DA:13,38
DA:15,0
DA:19,7
DA:20,7
DA:22,7
DA:25,31
DA:26,1
DA:30,30
DA:31,30
DA:34,30
DA:35,0
DA:36,0
DA:41,30
DA:47,31
DA:49,31
DA:50,31
DA:51,0
DA:56,0
DA:58,0
DA:62,31
DA:63,31
DA:64,0
DA:69,0
DA:71,0
DA:74,31
DA:83,31
DA:87,8
DA:105,7
DA:107,26
DA:108,25
DA:109,25
DA:110,25
DA:113,25
DA:114,1
DA:120,26
DA:123,7
DA:124,2
DA:125,2
DA:126,1
DA:128,1
DA:139,0
DA:141,0
DA:147,0
DA:150,0
DA:160,11
DA:161,11
DA:163,11
DA:164,2
DA:167,11
DA:168,2
DA:172,11
DA:173,1
DA:177,10
DA:178,0
DA:181,10
DA:182,0
DA:187,11
DA:191,11
DA:192,11
DA:193,11
DA:201,11
DA:202,11
DA:203,0
DA:209,11
DA:212,11
DA:213,7
DA:215,4
DA:219,10
DA:220,10
DA:221,10
DA:222,2
DA:224,8
DA:225,8
DA:226,3
DA:227,2
DA:229,1
DA:231,5
DA:238,13
DA:241,13
DA:242,0
DA:244,13
DA:253,11
DA:258,0
DA:266,0
DA:267,0
DA:269,0
DA:270,0
DA:273,0
DA:283,4
DA:284,0
DA:287,4
DA:288,4
DA:289,4
DA:290,4
DA:291,4
DA:293,4
DA:294,14
DA:300,4
DA:301,4
DA:302,4
DA:303,4
DA:306,4
DA:307,24
DA:308,24
DA:309,24
DA:310,24
DA:313,24
DA:314,1
DA:318,87
DA:320,23
DA:321,9
DA:329,4
DA:330,1
DA:331,1
DA:332,1
DA:333,1
DA:334,1
DA:338,1
DA:339,3
DA:340,3
DA:341,3
DA:342,3
DA:344,3
DA:346,0
DA:352,3
DA:359,4
DA:365,60
DA:366,9
DA:371,51
DA:376,51
DA:388,51
DA:390,51
DA:392,4
DA:393,1
DA:401,3
DA:409,47
DA:418,47
DA:419,5
DA:424,42
DA:433,42
DA:440,7
DA:445,35
DA:454,35
DA:458,4
DA:463,31
DA:467,7
DA:472,60
DA:473,60
DA:476,51
DA:479,51
DA:480,51
DA:483,47
DA:484,47
DA:486,42
DA:487,42
DA:489,35
DA:490,35
DA:493,31
DA:499,48
DA:504,32
DA:509,26
DA:510,26
DA:515,14
DA:516,0
DA:517,0
DA:518,0
DA:519,0
DA:524,7
DA:529,8
DA:532,8
DA:533,5
DA:534,5
DA:536,5
DA:537,5
DA:538,5
DA:539,5
DA:540,5
DA:541,5
DA:542,5
DA:545,8
DA:549,7
DA:555,4
DA:560,21
DA:561,21
DA:563,21
DA:564,1
DA:570,20
DA:571,20
DA:572,6
DA:578,14
DA:580,14
DA:582,14
DA:584,14
DA:586,14
DA:594,14
DA:595,13
DA:596,11
DA:598,4
DA:610,4
DA:612,14
DA:614,4
DA:622,8
DA:625,3
DA:627,3
DA:631,3
DA:633,7
DA:637,15
DA:638,15
DA:639,15
DA:640,1
DA:642,14
DA:644,14
DA:645,2
DA:651,12
DA:652,11
DA:653,2
DA:656,9
DA:657,9
DA:658,4
DA:664,5
DA:666,5
DA:668,5
DA:669,5
DA:678,5
DA:683,3
DA:685,3
DA:686,3
DA:688,3
DA:692,11
DA:693,11
DA:694,11
DA:695,1
DA:697,10
DA:698,10
DA:699,8
DA:700,3
DA:702,5
DA:703,3
DA:705,4
LF:245
LH:216
BRDA:9,0,0,0
BRDA:10,1,0,0
BRDA:11,2,0,38
BRDA:11,3,0,38
BRDA:11,3,1,0
BRDA:13,4,0,0
BRDA:13,4,1,38
BRDA:25,5,0,1
BRDA:25,6,0,31
BRDA:25,6,1,30
BRDA:25,6,2,30
BRDA:25,6,3,30
BRDA:30,7,0,12
BRDA:30,7,1,18
BRDA:31,8,0,12
BRDA:31,8,1,18
BRDA:34,9,0,0
BRDA:34,10,0,30
BRDA:34,10,1,30
BRDA:49,11,0,31
BRDA:49,11,1,0
BRDA:51,12,0,0
BRDA:51,12,1,0
BRDA:52,13,0,0
BRDA:52,13,1,0
BRDA:52,13,2,0
BRDA:62,14,0,31
BRDA:62,14,1,0
BRDA:64,15,0,0
BRDA:64,15,1,0
BRDA:65,16,0,0
BRDA:65,16,1,0
BRDA:65,16,2,0
BRDA:76,17,0,31
BRDA:76,17,1,0
BRDA:76,18,0,31
BRDA:76,18,1,31
BRDA:79,19,0,31
BRDA:79,19,1,0
BRDA:79,20,0,31
BRDA:79,20,1,31
BRDA:80,21,0,31
BRDA:80,21,1,0
BRDA:80,22,0,31
BRDA:80,22,1,31
BRDA:107,23,0,25
BRDA:108,24,0,25
BRDA:109,25,0,25
BRDA:109,25,1,0
BRDA:113,26,0,1
BRDA:113,27,0,25
BRDA:113,27,1,1
BRDA:141,28,0,0
BRDA:142,29,0,0
BRDA:142,29,1,0
BRDA:142,29,2,0
BRDA:142,29,3,0
BRDA:142,29,4,0
BRDA:142,29,5,0
BRDA:142,29,6,0
BRDA:142,29,7,0
BRDA:163,30,0,2
BRDA:167,31,0,2
BRDA:172,32,0,1
BRDA:172,32,1,10
BRDA:172,33,0,11
BRDA:172,33,1,1
BRDA:177,34,0,0
BRDA:177,34,1,10
BRDA:181,35,0,0
BRDA:202,36,0,0
BRDA:221,37,0,2
BRDA:221,38,0,10
BRDA:221,38,1,8
BRDA:226,39,0,2
BRDA:241,40,0,0
BRDA:241,41,0,13
BRDA:241,41,1,13
BRDA:241,41,2,13
BRDA:241,41,3,13
BRDA:250,42,0,0
BRDA:250,42,1,11
BRDA:259,43,0,0
BRDA:259,43,1,0
BRDA:259,44,0,0
BRDA:259,44,1,0
BRDA:262,45,0,0
BRDA:262,45,1,0
BRDA:262,46,0,0
BRDA:262,46,1,0
BRDA:263,47,0,0
BRDA:263,47,1,0
BRDA:263,48,0,0
BRDA:263,48,1,0
BRDA:266,49,0,0
BRDA:266,50,0,0
BRDA:266,50,1,0
BRDA:269,51,0,0
BRDA:269,52,0,0
BRDA:269,52,1,0
BRDA:280,53,0,4
BRDA:281,54,0,4
BRDA:283,55,0,0
BRDA:283,56,0,4
BRDA:283,56,1,4
BRDA:291,57,0,4
BRDA:291,57,1,0
BRDA:306,58,0,27
BRDA:306,58,1,27
BRDA:313,59,0,1
BRDA:318,60,0,87
BRDA:318,60,1,15
BRDA:320,61,0,9
BRDA:329,62,0,1
BRDA:338,63,0,4
BRDA:338,63,1,4
BRDA:344,64,0,0
BRDA:365,65,0,9
BRDA:365,66,0,60
BRDA:365,66,1,55
BRDA:365,66,2,52
BRDA:377,67,0,51
BRDA:377,67,1,26
BRDA:378,68,0,51
BRDA:378,68,1,15
BRDA:378,68,2,15
BRDA:378,68,3,15
BRDA:379,69,0,51
BRDA:379,69,1,6
BRDA:379,69,2,6
BRDA:390,70,0,4
BRDA:390,71,0,51
BRDA:390,71,1,25
BRDA:390,71,2,10
BRDA:392,72,0,1
BRDA:418,73,0,5
BRDA:418,74,0,47
BRDA:418,74,1,26
BRDA:418,74,2,22
BRDA:433,75,0,7
BRDA:434,76,0,42
BRDA:434,76,1,15
BRDA:434,76,2,11
BRDA:434,76,3,10
BRDA:434,76,4,9
BRDA:454,77,0,4
BRDA:455,78,0,35
BRDA:455,78,1,6
BRDA:455,78,2,4
BRDA:455,78,3,3
BRDA:469,79,0,13
BRDA:473,80,0,9
BRDA:480,81,0,4
BRDA:484,82,0,5
BRDA:487,83,0,7
BRDA:490,84,0,4
BRDA:515,85,0,0
BRDA:515,86,0,14
BRDA:515,86,1,0
BRDA:515,86,2,0
BRDA:532,87,0,5
BRDA:536,88,0,5
BRDA:536,89,0,5
BRDA:536,89,1,5
BRDA:563,90,0,1
BRDA:571,91,0,6
BRDA:580,92,0,14
BRDA:580,92,1,12
BRDA:582,93,0,14
BRDA:582,93,1,2
BRDA:582,93,2,2
BRDA:582,93,3,2
BRDA:589,94,0,14
BRDA:589,94,1,0
BRDA:589,95,0,14
BRDA:589,95,1,14
BRDA:590,96,0,14
BRDA:590,96,1,0
BRDA:590,97,0,14
BRDA:590,97,1,14
BRDA:591,98,0,14
BRDA:591,98,1,0
BRDA:591,99,0,14
BRDA:591,99,1,14
BRDA:594,100,0,13
BRDA:596,101,0,4
BRDA:639,102,0,1
BRDA:639,103,0,15
BRDA:639,103,1,14
BRDA:644,104,0,2
BRDA:652,105,0,2
BRDA:657,106,0,4
BRDA:664,107,0,5
BRDA:664,107,1,3
BRDA:666,108,0,5
BRDA:666,108,1,2
BRDA:666,108,2,2
BRDA:666,108,3,2
BRDA:673,109,0,5
BRDA:673,109,1,0
BRDA:674,110,0,5
BRDA:674,110,1,0
BRDA:694,111,0,1
BRDA:694,112,0,11
BRDA:694,112,1,10
BRDA:699,113,0,3
BRF:206
BRH:142
end_of_record
TN:
SF:src/middleware/authorizationApi.ts
FN:14,extractToken
FN:19,handleTestToken
FN:37,handleMockApiCall
FN:81,handleTestAuthorization
FN:101,callApiAuthorization
FN:126,authorizeWithApi
FN:128,(anonymous_17)
FN:128,(anonymous_18)
FN:145,handleMissingToken
FNF:9
FNH:9
FNDA:23,extractToken
FNDA:21,handleTestToken
FNDA:9,handleMockApiCall
FNDA:21,handleTestAuthorization
FNDA:5,callApiAuthorization
FNDA:36,authorizeWithApi
FNDA:23,(anonymous_17)
FNDA:23,(anonymous_18)
FNDA:2,handleMissingToken
DA:1,4
DA:11,4
DA:15,23
DA:20,21
DA:21,13
DA:22,2
DA:27,11
DA:28,2
DA:33,9
DA:45,9
DA:46,5
DA:49,4
DA:50,4
DA:51,1
DA:52,1
DA:54,0
DA:60,3
DA:61,1
DA:66,2
DA:67,1
DA:73,1
DA:90,21
DA:91,21
DA:94,9
DA:95,9
DA:97,5
DA:108,5
DA:109,5
DA:110,2
DA:112,3
DA:113,2
DA:114,1
DA:116,1
DA:117,1
DA:121,1
DA:126,4
DA:127,36
DA:128,36
DA:130,23
DA:131,23
DA:132,2
DA:136,21
DA:137,21
DA:138,21
DA:140,5
DA:146,2
LF:46
LH:45
BRDA:11,0,0,0
BRDA:11,0,1,4
BRDA:11,1,0,4
BRDA:11,1,1,4
BRDA:15,2,0,20
BRDA:15,2,1,3
BRDA:15,3,0,23
BRDA:15,3,1,23
BRDA:15,4,0,3
BRDA:15,4,1,20
BRDA:15,5,0,23
BRDA:15,5,1,21
BRDA:20,6,0,8
BRDA:21,7,0,2
BRDA:27,8,0,2
BRDA:45,9,0,5
BRDA:45,10,0,9
BRDA:45,10,1,4
BRDA:51,11,0,1
BRDA:51,12,0,1
BRDA:51,12,1,1
BRDA:51,12,2,1
BRDA:60,13,0,1
BRDA:60,14,0,3
BRDA:60,14,1,1
BRDA:66,15,0,1
BRDA:66,16,0,2
BRDA:66,16,1,2
BRDA:91,17,0,12
BRDA:95,18,0,4
BRDA:112,19,0,2
BRDA:113,20,0,1
BRDA:116,21,0,1
BRDA:127,22,0,0
BRDA:127,22,1,36
BRDA:127,23,0,36
BRDA:127,23,1,36
BRDA:131,24,0,2
BRDA:138,25,0,16
BRF:39
BRH:37
end_of_record
TN:
SF:src/middleware/errorHandler.ts
FN:3,errorHandler
FNF:1
FNH:1
FNDA:4,errorHandler
DA:3,1
DA:4,4
DA:5,1
DA:7,3
DA:8,3
LF:5
LH:5
BRDA:4,0,0,1
BRDA:7,1,0,2
BRDA:7,1,1,1
BRDA:7,2,0,3
BRDA:7,2,1,3
BRDA:9,3,0,2
BRDA:9,3,1,1
BRDA:9,4,0,3
BRDA:9,4,1,3
BRDA:10,5,0,1
BRDA:10,5,1,2
BRDA:10,6,0,3
BRDA:10,6,1,3
BRF:13
BRH:13
end_of_record
TN:
SF:src/middleware/loadEvent.ts
FN:8,loadEvent
FNF:1
FNH:1
FNDA:4,loadEvent
DA:2,1
DA:8,1
DA:9,4
DA:10,4
DA:11,1
DA:13,3
DA:14,3
DA:15,2
DA:16,1
DA:18,1
DA:19,1
DA:21,1
LF:12
LH:12
BRDA:10,0,0,1
BRDA:15,1,0,1
BRF:2
BRH:2
end_of_record
TN:
SF:src/middleware/validation.ts
FN:4,validateBody
FN:5,(anonymous_1)
FN:18,validateQuery
FN:19,(anonymous_3)
FNF:4
FNH:4
FNDA:3,validateBody
FNDA:3,(anonymous_1)
FNDA:3,validateQuery
FNDA:3,(anonymous_3)
DA:4,1
DA:5,3
DA:6,3
DA:7,3
DA:8,2
DA:13,1
DA:14,1
DA:18,1
DA:19,3
DA:20,3
DA:21,3
DA:22,1
DA:27,2
DA:28,2
LF:14
LH:14
BRDA:7,0,0,2
BRDA:21,1,0,1
BRF:2
BRH:2
end_of_record
TN:
SF:src/routes/eventRoutes.ts
FNF:0
FNH:0
DA:1,2
DA:2,2
DA:10,2
DA:11,2
DA:23,2
DA:25,2
DA:111,2
DA:131,2
DA:157,2
DA:243,2
DA:244,2
DA:335,2
DA:357,2
DA:450,2
DA:572,2
DA:703,2
DA:709,2
LF:17
LH:17
BRF:0
BRH:0
end_of_record
TN:
SF:src/utils/dateFormatHelper.ts
FN:11,normalizeRequestDates
FNF:1
FNH:1
FNDA:27,normalizeRequestDates
DA:11,8
DA:15,27
DA:16,27
DA:19,27
DA:20,1
DA:21,1
DA:22,1
DA:24,27
DA:25,1
DA:26,1
DA:27,1
DA:32,27
DA:33,1
DA:35,1
DA:36,1
DA:38,27
DA:39,1
DA:41,1
DA:42,1
DA:46,27
DA:47,7
DA:49,27
DA:50,6
DA:54,27
LF:24
LH:24
BRDA:19,0,0,1
BRDA:19,1,0,27
BRDA:19,1,1,1
BRDA:24,2,0,1
BRDA:24,3,0,27
BRDA:24,3,1,1
BRDA:32,4,0,1
BRDA:32,5,0,27
BRDA:32,5,1,26
BRDA:32,5,2,1
BRDA:38,6,0,1
BRDA:38,7,0,27
BRDA:38,7,1,26
BRDA:38,7,2,1
BRDA:46,8,0,7
BRDA:46,9,0,27
BRDA:46,9,1,9
BRDA:46,9,2,9
BRDA:49,10,0,6
BRDA:49,11,0,27
BRDA:49,11,1,8
BRDA:49,11,2,8
BRF:22
BRH:22
end_of_record
TN:
SF:src/utils/dateUtils.ts
FN:6,toUTCDate
FN:21,createUTCDateFromParts
FN:39,getUTCStartOfDay
FN:50,getUTCEndOfDay
FN:59,isValidUTCDate
FN:69,extractDatePart
FN:78,extractTimePart
FN:89,enrichEventWithDateTimeParts
FNF:8
FNH:8
FNDA:3,toUTCDate
FNDA:3,createUTCDateFromParts
FNDA:2,getUTCStartOfDay
FNDA:2,getUTCEndOfDay
FNDA:4,isValidUTCDate
FNDA:67,extractDatePart
FNDA:67,extractTimePart
FNDA:39,enrichEventWithDateTimeParts
DA:6,8
DA:7,3
DA:8,3
DA:21,8
DA:29,3
DA:39,8
DA:40,2
DA:50,8
DA:51,2
DA:59,8
DA:60,4
DA:61,4
DA:69,8
DA:70,67
DA:78,8
DA:79,67
DA:89,8
DA:90,39
DA:93,37
DA:96,37
DA:97,2
DA:100,35
DA:102,35
DA:103,33
DA:104,33
DA:105,32
DA:108,34
DA:109,32
DA:110,32
DA:111,32
DA:114,34
LF:31
LH:31
BRDA:7,0,0,1
BRDA:7,0,1,2
BRDA:25,1,0,0
BRDA:26,2,0,0
BRDA:27,3,0,0
BRDA:89,4,0,4
BRDA:90,5,0,2
BRDA:96,6,0,2
BRDA:96,7,0,37
BRDA:96,7,1,37
BRDA:102,8,0,33
BRDA:108,9,0,32
BRF:12
BRH:9
end_of_record
TN:
SF:src/validation/eventSchemas.ts
FN:19,(anonymous_0)
FN:22,(anonymous_1)
FN:28,(anonymous_2)
FN:49,(anonymous_3)
FN:52,(anonymous_4)
FN:63,(anonymous_5)
FN:66,(anonymous_6)
FNF:7
FNH:7
FNDA:3,(anonymous_0)
FNDA:3,(anonymous_1)
FNDA:3,(anonymous_2)
FNDA:12,(anonymous_3)
FNDA:12,(anonymous_4)
FNDA:12,(anonymous_5)
FNDA:12,(anonymous_6)
DA:1,8
DA:3,8
DA:19,3
DA:22,3
DA:27,8
DA:30,3
DA:31,3
DA:32,3
DA:39,8
DA:41,8
DA:45,8
DA:49,12
DA:53,12
DA:54,2
DA:55,0
DA:56,0
DA:58,2
DA:63,12
DA:67,12
DA:68,2
DA:69,0
DA:70,0
DA:72,2
LF:23
LH:19
BRDA:30,0,0,1
BRDA:30,0,1,2
BRDA:30,1,0,3
BRDA:30,1,1,3
BRDA:31,2,0,3
BRDA:31,2,1,2
BRDA:31,2,2,2
BRDA:32,3,0,1
BRDA:32,3,1,2
BRDA:32,4,0,3
BRDA:32,4,1,3
BRDA:49,5,0,12
BRDA:49,5,1,2
BRDA:53,6,0,10
BRDA:54,7,0,0
BRDA:63,8,0,12
BRDA:63,8,1,2
BRDA:67,9,0,10
BRDA:68,10,0,0
BRF:19
BRH:17
end_of_record
